1	0
1	0
1	0
1	0
1	0
1	0
1	0
1	0
1	0
1	0
1	0
1	0
1	0
1	0
1	0
1	0
1	0
1	0
1	0
1	0
1	0
1	0
1	0
1	0
1	0
1	0
1	0
1	0
1	0
1	0
1	0
1	0
1	0
1	0
1	0
1	0
1	0.00442429
1	0.0156793
1	0.0234913
1	0.0293829
1	0.0572972
1	0.269044
1	0.793408
1	1.7894
1	3.27314
1	4.95152
1	5.64403
1	5.2045
1	3.79383
1	2.41295
1	1.44102
1	0.933668
1	0.475279
1	0.265355
1	0.182354
1	0.122366
1	0.108841
1	0.0998714
1	0.0969966
1	0.116025
1	0.152959
1	0.263438
1	0.358945
1	0.51982
1	0.766602
1	0.99287
1	1.13511
1	1.15108
1	0.875403
1	0.545038
1	0.406412
1	0.309116
1	0.226135
1	0.21972
1	0.291272
1	0.391727
1	0.600233
1	1.05139
1	1.52094
1	2.23063
1	2.84409
1	3.04935
1	2.79365
1	2.15198
1	1.55587
1	1.03819
1	0.656811
1	0.460544
1	0.402809
1	0.453601
1	0.557292
1	0.760059
1	0.973877
1	1.15474
1	1.15992
1	1.02092
1	0.783163
1	0.590643
1	0.499809
1	0.448984
2	0
2	0
2	0
2	0
2	0
2	0
2	0
2	0
2	0
2	0
2	0
2	0
2	0
2	0
2	0
2	0
2	0
2	0
2	0
2	0
2	0
2	0
2	0
2	0
2	0
2	0
2	0
2	0
2	0
2	0
2	0
2	0
2	0
2	0
2	0
2	0
2	0
2	0
2	0
2	0
2	0.0459176
2	0.232601
2	0.981773
2	2.30949
2	3.73671
2	4.6658
2	4.94096
2	4.36188
2	3.51656
2	2.65057
2	1.83959
2	1.16492
2	0.68474
2	0.410045
2	0.17493
2	0.079593
2	0.0465727
2	0.0594937
2	0.0819735
2	0.153703
2	0.215645
2	0.313107
2	0.432718
2	0.551168
2	0.791922
2	0.886263
2	0.94914
2	0.980306
2	0.822223
2	0.545942
2	0.439245
2	0.33886
2	0.240215
2	0.229197
2	0.26242
2	0.532075
2	0.811732
2	1.23537
2	1.71773
2	2.20199
2	2.53003
2	2.56236
2	2.45767
2	2.13838
2	1.69853
2	1.2458
2	0.907275
2	0.602833
2	0.480982
2	0.495736
2	0.638605
2	0.739211
2	0.852691
2	0.939485
2	0.967916
2	0.920774
2	0.803594
2	0.673228
2	0.639669
2	0.656348
3	0
3	0
3	0
3	0
3	0
3	0
3	0
3	0
3	0
3	0
3	0
3	0
3	0
3	0
3	0
3	0
3	0
3	0
3	0
3	0
3	0
3	0
3	0
3	0
3	0
3	0
3	0
3	0
3	0
3	0
3	0
3	0
3	0
3	0
3	0
3	0
3	0
3	0
3	0
3	0.00888483
3	0.0509752
3	0.247051
3	0.947992
3	2.20115
3	3.64995
3	4.67856
3	5.01734
3	4.45317
3	3.6839
3	2.70185
3	1.80257
3	1.16027
3	0.614167
3	0.381977
3	0.160781
3	0.0557434
3	0.0202431
3	0.0243653
3	0.0730106
3	0.118677
3	0.201003
3	0.307537
3	0.470135
3	0.615164
3	0.749416
3	0.934045
3	1.00576
3	0.924316
3	0.812545
3	0.649964
3	0.458572
3	0.29938
3	0.205388
3	0.169791
3	0.250856
3	0.414323
3	0.740107
3	1.15836
3	1.68995
3	2.21712
3	2.70345
3	2.81832
3	2.59154
3	2.17011
3	1.70168
3	1.18134
3	0.772181
3	0.559377
3	0.440342
3	0.455468
3	0.560077
3	0.7559
3	0.886653
3	1.02525
3	0.999099
3	0.920439
3	0.775696
3	0.643694
3	0.5957
3	0.558041
4	0
4	0
4	0
4	0
4	0
4	0
4	0
4	0
4	0
4	0
4	0
4	0
4	0
4	0
4	0
4	0
4	0
4	0
4	0
4	0
4	0
4	0
4	0
4	0
4	0
4	0
4	0
4	0
4	0
4	0
4	0
4	0
4	0
4	0
4	0
4	0
4	0
4	0
4	0
4	0.00475723
4	0.0364679
4	0.261945
4	0.970412
4	2.26126
4	3.59274
4	4.68009
4	4.97635
4	4.42893
4	3.74552
4	2.70319
4	1.77616
4	1.03874
4	0.685651
4	0.358751
4	0.199663
4	0.0757657
4	0.0453759
4	0.0382978
4	0.072277
4	0.113774
4	0.213588
4	0.314377
4	0.467564
4	0.627048
4	0.819026
4	0.936869
4	0.923937
4	0.881264
4	0.746175
4	0.631908
4	0.475132
4	0.335294
4	0.201733
4	0.180783
4	0.282815
4	0.424798
4	0.754432
4	1.20514
4	1.71291
4	2.21773
4	2.62932
4	2.73364
4	2.61079
4	2.1914
4	1.70326
4	1.17164
4	0.804554
4	0.51823
4	0.430488
4	0.50548
4	0.605845
4	0.740228
4	0.885198
4	0.988506
4	0.995554
4	0.874826
4	0.797475
4	0.67905
4	0.6252
4	0.635895
5	0
5	0
5	0
5	0
5	0
5	0
5	0
5	0
5	0
5	0
5	0
5	0
5	0
5	0
5	0
5	0
5	0
5	0
5	0
5	0
5	0
5	0
5	0
5	0
5	0
5	0
5	0
5	0
5	0
5	0
5	0
5	0
5	0
5	0
5	0
5	0
5	0
5	0
5	0
5	0.00461731
5	0.0339391
5	0.267269
5	0.990052
5	2.25117
5	3.60371
5	4.64835
5	5.03814
5	4.57397
5	3.46709
5	2.72608
5	1.7602
5	1.12196
5	0.624306
5	0.367332
5	0.212746
5	0.09717
5	0.0625757
5	0.0599559
5	0.0626124
5	0.124566
5	0.190774
5	0.303121
5	0.475472
5	0.641125
5	0.769147
5	0.936182
5	0.92611
5	0.881504
5	0.788863
5	0.631704
5	0.440497
5	0.331622
5	0.246445
5	0.198605
5	0.249499
5	0.447969
5	0.762116
5	1.20772
5	1.76988
5	2.22455
5	2.57643
5	2.65324
5	2.57425
5	2.16454
5	1.69852
5	1.21452
5	0.805663
5	0.590429
5	0.438878
5	0.472774
5	0.600941
5	0.781559
5	0.899015
5	0.975433
5	0.999429
5	0.894874
5	0.75721
5	0.657473
5	0.610214
5	0.620481
6	0
6	0
6	0
6	0
6	0
6	0
6	0
6	0
6	0
6	0
6	0
6	0
6	0
6	0
6	0
6	0
6	0
6	0
6	0
6	0
6	0
6	0
6	0
6	0
6	0
6	0
6	0
6	0
6	0
6	0
6	0
6	0
6	0
6	0
6	0
6	0
6	0
6	0
6	0
6	0.00874491
6	0.0628207
6	0.242361
6	0.935059
6	2.22613
6	3.60508
6	4.74927
6	4.91608
6	4.47097
6	3.75648
6	2.62309
6	1.76747
6	1.13044
6	0.714245
6	0.363518
6	0.179046
6	0.0660203
6	0.0293046
6	0.0427549
6	0.0595823
6	0.132521
6	0.194621
6	0.266757
6	0.402901
6	0.65504
6	0.804805
6	0.914174
6	0.984042
6	0.93699
6	0.782745
6	0.680721
6	0.464941
6	0.302476
6	0.227256
6	0.193958
6	0.245683
6	0.389678
6	0.707577
6	1.19082
6	1.75876
6	2.25472
6	2.66841
6	2.75873
6	2.5229
6	2.16393
6	1.65079
6	1.23805
6	0.810813
6	0.555128
6	0.430223
6	0.460169
6	0.556745
6	0.745013
6	0.911505
6	1.0216
6	1.02357
6	0.911487
6	0.757257
6	0.643131
6	0.575437
6	0.575947
7	0
7	0
7	0
7	0
7	0
7	0
7	0
7	0
7	0
7	0
7	0
7	0
7	0
7	0
7	0
7	0
7	0
7	0
7	0
7	0
7	0
7	0
7	0
7	0
7	0
7	0
7	0
7	0
7	0
7	0
7	0
7	0
7	0
7	0
7	0
7	0
7	0
7	0
7	0
7	0
7	0.0359355
7	0.27291
7	1.05737
7	2.12507
7	3.61219
7	4.67303
7	4.84
7	4.56168
7	3.72367
7	2.76417
7	1.84982
7	1.16097
7	0.606524
7	0.324238
7	0.160083
7	0.0645674
7	0.0314246
7	0.034468
7	0.040285
7	0.0606181
7	0.143535
7	0.293828
7	0.448394
7	0.636334
7	0.792027
7	0.983278
7	1.03721
7	1.01071
7	0.808218
7	0.645964
7	0.432371
7	0.279885
7	0.190831
7	0.1648
7	0.221276
7	0.430524
7	0.745945
7	1.20667
7	1.79218
7	2.30044
7	2.52407
7	2.65341
7	2.57377
7	2.21738
7	1.70714
7	1.23406
7	0.828509
7	0.539402
7	0.397095
7	0.439496
7	0.574592
7	0.736838
7	0.931215
7	1.03406
7	0.980837
7	0.935161
7	0.773
7	0.631419
7	0.558021
7	0.547875
8	0
8	0
8	0
8	0
8	0
8	0
8	0
8	0
8	0
8	0
8	0
8	0
8	0
8	0
8	0
8	0
8	0
8	0
8	0
8	0
8	0
8	0
8	0
8	0
8	0
8	0
8	0
8	0
8	0
8	0
8	0
8	0
8	0
8	0
8	0
8	0
8	0
8	0
8	0
8	0.00237861
8	0.0165703
8	0.228545
8	1.01894
8	2.28399
8	3.71059
8	4.70139
8	4.86171
8	4.34736
8	3.59851
8	2.83434
8	1.88086
8	1.13492
8	0.638642
8	0.309708
8	0.167654
8	0.0734268
8	0.0392551
8	0.0270066
8	0.0443678
8	0.0985737
8	0.133873
8	0.270249
8	0.423524
8	0.63054
8	0.827344
8	0.999816
8	1.04871
8	0.951413
8	0.828108
8	0.639343
8	0.473484
8	0.296625
8	0.189792
8	0.176015
8	0.201806
8	0.413902
8	0.779165
8	1.22937
8	1.71293
8	2.23876
8	2.63218
8	2.7045
8	2.51793
8	2.23612
8	1.65791
8	1.19136
8	0.811615
8	0.570127
8	0.436202
8	0.472829
8	0.56946
8	0.722966
8	0.884994
8	1.04126
8	1.01303
8	0.932731
8	0.782964
8	0.624139
8	0.549032
8	0.532086
9	0
9	0
9	0
9	0
9	0
9	0
9	0
9	0
9	0
9	0
9	0
9	0
9	0
9	0
9	0
9	0
9	0
9	0
9	0
9	0
9	0
9	0
9	0
9	0
9	0
9	0
9	0
9	0
9	0
9	0
9	0
9	0
9	0
9	0
9	0
9	0
9	0
9	0
9	0
9	0.00251853
9	0.0417252
9	0.280579
9	0.968418
9	2.23755
9	3.62223
9	4.56515
9	4.96197
9	4.48921
9	3.67879
9	2.86231
9	1.79354
9	1.1034
9	0.673453
9	0.285796
9	0.147257
9	0.081294
9	0.0598401
9	0.0441745
9	0.0589444
9	0.0874121
9	0.16787
9	0.287969
9	0.437748
9	0.574882
9	0.856153
9	0.966867
9	0.974638
9	0.968854
9	0.815942
9	0.658348
9	0.456002
9	0.289408
9	0.197705
9	0.193998
9	0.233903
9	0.410455
9	0.737383
9	1.19064
9	1.72136
9	2.21716
9	2.56815
9	2.78421
9	2.60872
9	2.278
9	1.66413
9	1.18446
9	0.784509
9	0.525544
9	0.426279
9	0.451379
9	0.617681
9	0.741271
9	0.902957
9	0.984948
9	1.03165
9	0.905454
9	0.783386
9	0.666097
9	0.588983
9	0.539672
10	0
10	0
10	0
10	0
10	0
10	0
10	0
10	0
10	0
10	0
10	0
10	0
10	0
10	0
10	0
10	0
10	0
10	0
10	0
10	0
10	0
10	0
10	0
10	0
10	0
10	0
10	0
10	0
10	0
10	0
10	0
10	0
10	0
10	0
10	0
10	0
10	0
10	0
10	0
10	0
10	0.0371334
10	0.280515
10	0.958265
10	2.32195
10	3.6295
10	4.62573
10	4.96096
10	4.44867
10	3.68139
10	2.64647
10	1.75592
10	1.13249
10	0.670919
10	0.359514
10	0.172247
10	0.0893737
10	0.0692094
10	0.0523293
10	0.072596
10	0.117351
10	0.200048
10	0.3067
10	0.476758
10	0.650627
10	0.820443
10	0.828914
10	0.917347
10	0.920986
10	0.790864
10	0.646778
10	0.467313
10	0.344647
10	0.236685
10	0.203455
10	0.259588
10	0.416028
10	0.759953
10	1.2329
10	1.77739
10	2.26318
10	2.59308
10	2.64463
10	2.52781
10	2.12313
10	1.61852
10	1.19997
10	0.809456
10	0.608094
10	0.466446
10	0.485761
10	0.615162
10	0.754674
10	0.944841
10	1.0145
10	0.995114
10	0.871846
10	0.743835
10	0.6765
10	0.601168
10	0.616831
11	0
11	0
11	0
11	0
11	0
11	0
11	0
11	0
11	0
11	0
11	0
11	0
11	0
11	0
11	0
11	0
11	0
11	0
11	0
11	0
11	0
11	0
11	0
11	0
11	0
11	0
11	0
11	0
11	0
11	0
11	0
11	0
11	0
11	0
11	0
11	0
11	0
11	0
11	0
11	0
11	0.0383978
11	0.289325
11	1.01719
11	2.11042
11	3.57328
11	4.62157
11	4.91769
11	4.6493
11	3.89987
11	2.83171
11	1.7037
11	0.950213
11	0.617138
11	0.358637
11	0.178973
11	0.0724346
11	0.0333053
11	0.025785
11	0.0394238
11	0.0880596
11	0.189968
11	0.28289
11	0.381524
11	0.648407
11	0.871529
11	0.965544
11	0.992114
11	0.946813
11	0.823363
11	0.680495
11	0.425387
11	0.310333
11	0.193468
11	0.161568
11	0.211187
11	0.349884
11	0.672585
11	1.11883
11	1.73683
11	2.36557
11	2.69575
11	2.80667
11	2.70395
11	2.24143
11	1.66418
11	1.14616
11	0.75377
11	0.5043
11	0.392761
11	0.417038
11	0.577404
11	0.752067
11	0.928192
11	1.02795
11	1.02803
11	0.921983
11	0.776868
11	0.596683
11	0.55747
11	0.514246
12	0
12	0
12	0
12	0
12	0
12	0
12	0
12	0
12	0
12	0
12	0
12	0
12	0
12	0
12	0
12	0
12	0
12	0
12	0
12	0
12	0
12	0
12	0
12	0
12	0
12	0
12	0
12	0
12	0
12	0
12	0
12	0
12	0
12	0
12	0
12	0
12	0
12	0
12	0
12	0
12	0.036601
12	0.272086
12	1.07889
12	2.18731
12	3.5638
12	4.56214
12	5.02689
12	4.5224
12	3.66701
12	2.65783
12	1.8675
12	1.14595
12	0.671671
12	0.30761
12	0.187829
12	0.0700957
12	0.0415803
12	0.0385289
12	0.0419755
12	0.0896629
12	0.16286
12	0.264102
12	0.436043
12	0.696215
12	0.83469
12	0.949387
12	0.992756
12	0.893626
12	0.784676
12	0.639704
12	0.472562
12	0.331152
12	0.225304
12	0.19713
12	0.259568
12	0.406127
12	0.743651
12	1.18277
12	1.7462
12	2.24251
12	2.60365
12	2.65809
12	2.5178
12	2.18273
12	1.75216
12	1.26757
12	0.826233
12	0.524802
12	0.422098
12	0.433568
12	0.582282
12	0.7447
12	0.887992
12	1.03848
12	0.995762
12	0.938369
12	0.773375
12	0.652524
12	0.576776
12	0.586102
13	0
13	0
13	0
13	0
13	0
13	0
13	0
13	0
13	0
13	0
13	0
13	0
13	0
13	0
13	0
13	0
13	0
13	0
13	0
13	0
13	0
13	0
13	0
13	0
13	0
13	0
13	0
13	0
13	0
13	0
13	0
13	0
13	0
13	0
13	0
13	0
13	0
13	0
13	0.00198829
13	0.00482719
13	0.0315434
13	0.278551
13	0.988058
13	2.22821
13	3.60497
13	4.53019
13	4.79552
13	4.71867
13	3.72167
13	2.75108
13	1.8574
13	1.16785
13	0.613296
13	0.321797
13	0.148433
13	0.0489748
13	0.0369983
13	0.0434152
13	0.0652917
13	0.123086
13	0.183825
13	0.286757
13	0.463149
13	0.592776
13	0.797117
13	0.861659
13	1.01645
13	0.977167
13	0.793702
13	0.647004
13	0.475219
13	0.292504
13	0.210809
13	0.180965
13	0.234316
13	0.419187
13	0.723357
13	1.23186
13	1.74218
13	2.1965
13	2.58582
13	2.75614
13	2.62894
13	2.22997
13	1.69729
13	1.18465
13	0.792825
13	0.526813
13	0.421359
13	0.469327
13	0.560264
13	0.735117
13	0.930986
13	0.982987
13	1.02347
13	0.950912
13	0.798296
13	0.652053
13	0.570397
13	0.567281
14	0
14	0
14	0
14	0
14	0
14	0
14	0
14	0
14	0
14	0
14	0
14	0
14	0
14	0
14	0
14	0
14	0
14	0
14	0
14	0
14	0
14	0
14	0
14	0
14	0
14	0
14	0
14	0
14	0
14	0
14	0
14	0
14	0
14	0
14	0
14	0
14	0
14	0
14	0
14	0.00167902
14	0.0345381
14	0.28717
14	0.959897
14	2.30055
14	3.50945
14	4.62884
14	5.05596
14	4.5552
14	3.60858
14	2.68216
14	1.78793
14	1.12644
14	0.672028
14	0.380794
14	0.146522
14	0.0871057
14	0.0468805
14	0.0336096
14	0.0400618
14	0.0890154
14	0.168019
14	0.338215
14	0.45647
14	0.624206
14	0.790663
14	0.96216
14	0.936156
14	0.924676
14	0.819105
14	0.644993
14	0.475812
14	0.32812
14	0.209147
14	0.184804
14	0.236715
14	0.378418
14	0.676297
14	1.18546
14	1.77709
14	2.43082
14	2.59738
14	2.70268
14	2.4633
14	2.15909
14	1.69266
14	1.2466
14	0.816503
14	0.54271
14	0.42968
14	0.461954
14	0.570207
14	0.770516
14	0.920729
14	1.00205
14	0.982964
14	0.922534
14	0.801144
14	0.666901
14	0.562555
14	0.585551
15	0
15	0
15	0
15	0
15	0
15	0
15	0
15	0
15	0
15	0
15	0
15	0
15	0
15	0
15	0
15	0
15	0
15	0
15	0
15	0
15	0
15	0
15	0
15	0
15	0
15	0
15	0
15	0
15	0
15	0
15	0
15	0
15	0
15	0
15	0
15	0
15	0
15	0
15	0
15	0.000629633
15	0.0340057
15	0.272466
15	0.994403
15	2.19908
15	3.68766
15	4.85677
15	4.91911
15	4.37857
15	3.60552
15	2.6491
15	1.70789
15	1.11348
15	0.652622
15	0.393036
15	0.200324
15	0.114393
15	0.0638409
15	0.0712471
15	0.0632504
15	0.0780696
15	0.178039
15	0.309586
15	0.463652
15	0.589176
15	0.801604
15	0.926132
15	0.979032
15	0.970243
15	0.825852
15	0.610032
15	0.443418
15	0.319878
15	0.214152
15	0.226873
15	0.292944
15	0.468479
15	0.807815
15	1.17777
15	1.69872
15	2.23325
15	2.56334
15	2.73518
15	2.46178
15	2.07928
15	1.64863
15	1.22003
15	0.850801
15	0.570797
15	0.449986
15	0.481033
15	0.600274
15	0.790907
15	0.915192
15	1.01243
15	1.02215
15	0.899482
15	0.754971
15	0.66953
15	0.573604
15	0.569409
16	0
16	0
16	0
16	0
16	0
16	0
16	0
16	0
16	0
16	0
16	0
16	0
16	0
16	0
16	0
16	0
16	0
16	0
16	0
16	0
16	0
16	0
16	0
16	0
16	0
16	0
16	0
16	0
16	0
16	0
16	0
16	0
16	0
16	0
16	0
16	0
16	0
16	0
16	0
16	0.00237861
16	0.0501767
16	0.30479
16	0.928895
16	2.07546
16	3.66699
16	4.66127
16	5.07288
16	4.48219
16	3.68325
16	2.84258
16	1.85166
16	1.09154
16	0.57393
16	0.294834
16	0.157988
16	0.0797701
16	0.0340918
16	0.0209978
16	0.0474936
16	0.0830338
16	0.128385
16	0.2568
16	0.456023
16	0.644888
16	0.876462
16	1.04523
16	0.999889
16	0.926592
16	0.814778
16	0.631524
16	0.453587
16	0.305657
16	0.185306
16	0.181673
16	0.21335
16	0.367215
16	0.666262
16	1.16194
16	1.67548
16	2.27237
16	2.706
16	2.87412
16	2.62915
16	2.2774
16	1.71231
16	1.162
16	0.743295
16	0.481873
16	0.362531
16	0.402416
16	0.555559
16	0.758625
16	0.931892
16	1.0473
16	1.03984
16	0.955472
16	0.776012
16	0.647185
16	0.543102
16	0.501015
17	0
17	0
17	0
17	0
17	0
17	0
17	0
17	0
17	0
17	0
17	0
17	0
17	0
17	0
17	0
17	0
17	0
17	0
17	0
17	0
17	0
17	0
17	0
17	0
17	0
17	0
17	0
17	0
17	0
17	0
17	0
17	0
17	0
17	0
17	0
17	0
17	0
17	0
17	0
17	0.00468727
17	0.0234247
17	0.266445
17	0.977483
17	2.25936
17	3.73848
17	4.57216
17	4.8928
17	4.4269
17	3.57703
17	2.78823
17	1.98777
17	1.14867
17	0.616464
17	0.303301
17	0.149426
17	0.0713005
17	0.0465727
17	0.0335106
17	0.0503324
17	0.103507
17	0.167184
17	0.286151
17	0.476925
17	0.590611
17	0.778987
17	0.925191
17	1.01127
17	1.0252
17	0.829062
17	0.631478
17	0.461076
17	0.296241
17	0.204205
17	0.16375
17	0.225347
17	0.433243
17	0.765362
17	1.13921
17	1.71778
17	2.27213
17	2.62743
17	2.77165
17	2.53033
17	2.17846
17	1.72177
17	1.23715
17	0.803475
17	0.50775
17	0.404928
17	0.437588
17	0.562037
17	0.731805
17	0.934711
17	1.02374
17	1.01949
17	0.948518
17	0.802739
17	0.638538
17	0.544801
17	0.5159
18	0
18	0
18	0
18	0
18	0
18	0
18	0
18	0
18	0
18	0
18	0
18	0
18	0
18	0
18	0
18	0
18	0
18	0
18	0
18	0
18	0
18	0
18	0
18	0
18	0
18	0
18	0
18	0
18	0
18	0
18	0
18	0
18	0
18	0
18	0
18	0
18	0
18	0
18	0
18	0
18	0.0486461
18	0.264354
18	0.996881
18	2.26795
18	3.64764
18	4.50836
18	5.07262
18	4.43696
18	3.68687
18	2.67931
18	1.79885
18	1.1769
18	0.637533
18	0.341781
18	0.169932
18	0.0888067
18	0.0349466
18	0.0265443
18	0.0583383
18	0.0927462
18	0.192175
18	0.284506
18	0.44669
18	0.63341
18	0.774238
18	0.960684
18	0.977526
18	0.932031
18	0.821548
18	0.660202
18	0.483477
18	0.320476
18	0.221172
18	0.15294
18	0.226921
18	0.383894
18	0.739043
18	1.18179
18	1.78439
18	2.24591
18	2.59738
18	2.71993
18	2.62617
18	2.23476
18	1.72217
18	1.13218
18	0.777214
18	0.514836
18	0.425471
18	0.455808
18	0.565529
18	0.737242
18	0.932772
18	1.0309
18	1.02375
18	0.959865
18	0.754092
18	0.622646
18	0.543125
18	0.575087
19	0
19	0
19	0
19	0
19	0
19	0
19	0
19	0
19	0
19	0
19	0
19	0
19	0
19	0
19	0
19	0
19	0
19	0
19	0
19	0
19	0
19	0
19	0
19	0
19	0
19	0
19	0
19	0
19	0
19	0
19	0
19	0
19	0
19	0
19	0
19	0
19	0
19	0
19	0
19	0.00447739
19	0.0383978
19	0.274748
19	0.910222
19	2.13603
19	3.74024
19	4.8021
19	4.88841
19	4.43517
19	3.68195
19	2.7668
19	1.82534
19	1.03874
19	0.634008
19	0.388994
19	0.18805
19	0.0725409
19	0.0339208
19	0.032322
19	0.0458031
19	0.0743388
19	0.182006
19	0.325084
19	0.4558
19	0.636036
19	0.799846
19	0.940991
19	0.96743
19	0.915284
19	0.846998
19	0.649512
19	0.464414
19	0.31723
19	0.18379
19	0.162638
19	0.21925
19	0.409727
19	0.753686
19	1.22944
19	1.71399
19	2.33393
19	2.64153
19	2.71725
19	2.47662
19	2.18494
19	1.6976
19	1.23007
19	0.78286
19	0.512199
19	0.435687
19	0.448395
19	0.610697
19	0.773163
19	0.922119
19	1.0323
19	1.01578
19	0.866795
19	0.766916
19	0.648184
19	0.582165
19	0.576807
20	0
20	0
20	0
20	0
20	0
20	0
20	0
20	0
20	0
20	0
20	0
20	0
20	0
20	0
20	0
20	0
20	0
20	0
20	0
20	0
20	0
20	0
20	0
20	0
20	0
20	0
20	0
20	0
20	0
20	0
20	0
20	0
20	0
20	0
20	0
20	0
20	0
20	0
20	0
20	0.000769552
20	0.0445201
20	0.259791
20	1.00552
20	2.21419
20	3.67514
20	4.73002
20	4.90517
20	4.46212
20	3.64413
20	2.67026
20	1.7123
20	1.10772
20	0.62086
20	0.414049
20	0.198707
20	0.101777
20	0.0486244
20	0.0454621
20	0.0694701
20	0.121483
20	0.199392
20	0.285112
20	0.457029
20	0.625668
20	0.809528
20	0.900078
20	0.996952
20	0.909486
20	0.827085
20	0.617151
20	0.457496
20	0.304803
20	0.24223
20	0.235906
20	0.289482
20	0.409881
20	0.724662
20	1.15407
20	1.66641
20	2.28907
20	2.68368
20	2.71367
20	2.50441
20	2.1111
20	1.68341
20	1.20996
20	0.816342
20	0.546132
20	0.466613
20	0.484984
20	0.597595
20	0.773619
20	0.916901
20	0.990592
20	0.9714
20	0.90488
20	0.821306
20	0.648838
20	0.568687
20	0.570721
21	0
21	0
21	0
21	0
21	0
21	0
21	0
21	0
21	0
21	0
21	0
21	0
21	0
21	0
21	0
21	0
21	0
21	0
21	0
21	0
21	0
21	0
21	0
21	0
21	0
21	0
21	0
21	0
21	0
21	0
21	0
21	0
21	0
21	0
21	0
21	0
21	0
21	0
21	0
21	0.00538686
21	0.061889
21	0.2641
21	0.920193
21	2.13049
21	3.57576
21	4.79651
21	5.0962
21	4.49574
21	3.64742
21	2.76569
21	1.77616
21	1.05594
21	0.625692
21	0.332742
21	0.157694
21	0.0910748
21	0.0445894
21	0.025785
21	0.0420393
21	0.108718
21	0.184988
21	0.28693
21	0.453089
21	0.638391
21	0.812677
21	0.949489
21	0.985474
21	0.923502
21	0.845347
21	0.649874
21	0.483829
21	0.283366
21	0.18431
21	0.178157
21	0.243992
21	0.434813
21	0.669004
21	1.07785
21	1.69259
21	2.25679
21	2.735
21	2.91251
21	2.69003
21	2.17035
21	1.62796
21	1.12859
21	0.745367
21	0.499381
21	0.38444
21	0.443816
21	0.599914
21	0.753488
21	0.957101
21	1.01726
21	1.01948
21	0.948028
21	0.818833
21	0.649677
21	0.548345
21	0.563455
22	0
22	0
22	0
22	0
22	0
22	0
22	0
22	0
22	0
22	0
22	0
22	0
22	0
22	0
22	0
22	0
22	0
22	0
22	0
22	0
22	0
22	0
22	0
22	0
22	0
22	0
22	0
22	0
22	0
22	0
22	0
22	0
22	0
22	0
22	0
22	0
22	0
22	0
22	0
22	0.000839511
22	0.0429896
22	0.253833
22	0.950228
22	2.28543
22	3.66439
22	4.78422
22	4.89356
22	4.39898
22	3.54097
22	2.62398
22	1.84901
22	1.13529
22	0.713136
22	0.380566
22	0.166331
22	0.0912874
22	0.0576859
22	0.0566543
22	0.0545427
22	0.130209
22	0.188805
22	0.288604
22	0.43744
22	0.652847
22	0.774526
22	0.977324
22	0.969652
22	0.860493
22	0.757248
22	0.636405
22	0.470234
22	0.335059
22	0.24198
22	0.237926
22	0.309661
22	0.464496
22	0.800037
22	1.26774
22	1.70227
22	2.14543
22	2.44938
22	2.64352
22	2.50898
22	2.15864
22	1.70497
22	1.25776
22	0.826379
22	0.556668
22	0.475575
22	0.513793
22	0.614042
22	0.751962
22	0.897522
22	0.96879
22	0.960973
22	0.912157
22	0.796971
22	0.694781
22	0.617977
22	0.613402
23	0
23	0
23	0
23	0
23	0
23	0
23	0
23	0
23	0
23	0
23	0
23	0
23	0
23	0
23	0
23	0
23	0
23	0
23	0
23	0
23	0
23	0
23	0
23	0
23	0
23	0
23	0
23	0
23	0
23	0
23	0
23	0
23	0
23	0
23	0
23	0
23	0
23	0
23	0
23	0.00461731
23	0.0476479
23	0.270945
23	0.973252
23	2.13909
23	3.75656
23	4.64566
23	4.93703
23	4.54567
23	3.65624
23	2.60647
23	1.81845
23	1.03812
23	0.605692
23	0.382892
23	0.229908
23	0.104789
23	0.0682177
23	0.0698275
23	0.0931053
23	0.132367
23	0.198945
23	0.305199
23	0.442973
23	0.558288
23	0.826688
23	0.938345
23	0.900883
23	0.873334
23	0.780581
23	0.66088
23	0.497116
23	0.324661
23	0.228108
23	0.202505
23	0.290505
23	0.473036
23	0.759822
23	1.1797
23	1.68623
23	2.28046
23	2.63905
23	2.67822
23	2.50997
23	2.07062
23	1.63776
23	1.23945
23	0.823432
23	0.564338
23	0.471923
23	0.482968
23	0.598968
23	0.776579
23	0.934009
23	0.998745
23	0.994075
23	0.917208
23	0.783725
23	0.654006
23	0.619271
23	0.607338
24	0
24	0
24	0
24	0
24	0
24	0
24	0
24	0
24	0
24	0
24	0
24	0
24	0
24	0
24	0
24	0
24	0
24	0
24	0
24	0
24	0
24	0
24	0
24	0
24	0
24	0
24	0
24	0
24	0
24	0
24	0
24	0
24	0
24	0
24	0
24	0
24	0
24	0
24	0
24	0
24	0.0300794
24	0.290022
24	1.00135
24	2.25613
24	3.51149
24	4.59984
24	4.91623
24	4.58321
24	3.71374
24	2.76698
24	1.81443
24	1.0375
24	0.653374
24	0.350971
24	0.215833
24	0.0714069
24	0.0337498
24	0.0189508
24	0.0488332
24	0.122809
24	0.192116
24	0.291808
24	0.471616
24	0.659967
24	0.81286
24	0.86718
24	0.948029
24	0.97779
24	0.782093
24	0.65767
24	0.452269
24	0.305615
24	0.22383
24	0.174257
24	0.249518
24	0.422021
24	0.756763
24	1.17628
24	1.71429
24	2.24522
24	2.58842
24	2.68866
24	2.6279
24	2.1984
24	1.78364
24	1.23972
24	0.77046
24	0.495304
24	0.386475
24	0.400863
24	0.558078
24	0.8201
24	0.927005
24	1.01712
24	1.03933
24	0.913701
24	0.797757
24	0.673538
24	0.589467
24	0.556156
25	0
25	0
25	0
25	0
25	0
25	0
25	0
25	0
25	0
25	0
25	0
25	0
25	0
25	0
25	0
25	0
25	0
25	0
25	0
25	0
25	0
25	0
25	0
25	0
25	0
25	0
25	0
25	0
25	0
25	0
25	0
25	0
25	0
25	0
25	0
25	0
25	0
25	0
25	0
25	0
25	0.0368672
25	0.264607
25	0.995793
25	2.22365
25	3.70061
25	4.57638
25	4.77079
25	4.40585
25	3.81374
25	2.83487
25	1.89652
25	1.11904
25	0.605811
25	0.323361
25	0.166331
25	0.0698476
25	0.0389474
25	0.0350623
25	0.0591995
25	0.102736
25	0.182781
25	0.293886
25	0.472538
25	0.613756
25	0.814986
25	0.907838
25	0.914854
25	0.951484
25	0.826922
25	0.656631
25	0.490593
25	0.317807
25	0.226384
25	0.187068
25	0.209555
25	0.39232
25	0.758479
25	1.23668
25	1.71505
25	2.25843
25	2.59863
25	2.76744
25	2.56029
25	2.17185
25	1.65701
25	1.23435
25	0.798748
25	0.49854
25	0.410558
25	0.457498
25	0.591371
25	0.74208
25	0.937505
25	1.00168
25	1.00626
25	0.960248
25	0.805974
25	0.66829
25	0.536419
25	0.587789
26	0
26	0
26	0
26	0
26	0
26	0
26	0
26	0
26	0
26	0
26	0
26	0
26	0
26	0
26	0
26	0
26	0
26	0
26	0
26	0
26	0
26	0
26	0
26	0
26	0
26	0
26	0
26	0
26	0
26	0
26	0
26	0
26	0
26	0
26	0
26	0
26	0
26	0
26	0
26	0.00090947
26	0.0623548
26	0.278234
26	0.979598
26	2.22665
26	3.48668
26	4.66949
26	4.95465
26	4.56381
26	3.70905
26	2.68073
26	1.80801
26	1.24436
26	0.598603
26	0.289457
26	0.169491
26	0.079026
26	0.047496
26	0.0426558
26	0.04491
26	0.0929621
26	0.145235
26	0.285314
26	0.47346
26	0.669063
26	0.783395
26	0.899264
26	0.963654
26	1.00165
26	0.86982
26	0.603027
26	0.463623
26	0.328419
26	0.212345
26	0.178945
26	0.245723
26	0.448161
26	0.713732
26	1.17112
26	1.73222
26	2.21498
26	2.53516
26	2.66215
26	2.65444
26	2.34189
26	1.71221
26	1.18562
26	0.776689
26	0.495175
26	0.408537
26	0.458466
26	0.566208
26	0.766839
26	0.932083
26	1.02673
26	0.994759
26	0.893138
26	0.790653
26	0.670415
26	0.545578
26	0.534567
27	0
27	0
27	0
27	0
27	0
27	0
27	0
27	0
27	0
27	0
27	0
27	0
27	0
27	0
27	0
27	0
27	0
27	0
27	0
27	0
27	0
27	0
27	0
27	0
27	0
27	0
27	0
27	0
27	0
27	0
27	0
27	0
27	0
27	0
27	0
27	0
27	0
27	0
27	0
27	0.000209878
27	0.0444536
27	0.293825
27	0.992107
27	2.10482
27	3.6085
27	4.68716
27	4.95222
27	4.48713
27	3.79383
27	2.80088
27	1.82881
27	1.10031
27	0.582881
27	0.300364
27	0.158429
27	0.0677568
27	0.0369641
27	0.0397505
27	0.0476212
27	0.0884296
27	0.158327
27	0.279773
27	0.423272
27	0.615299
27	0.814671
27	0.967045
27	1.05113
27	1.0161
27	0.822851
27	0.667795
27	0.420182
27	0.280355
27	0.186096
27	0.167286
27	0.23935
27	0.392301
27	0.68193
27	1.17741
27	1.76499
27	2.22982
27	2.60462
27	2.84671
27	2.64484
27	2.22016
27	1.69714
27	1.1779
27	0.771029
27	0.515549
27	0.371799
27	0.41851
27	0.550162
27	0.754727
27	0.908392
27	1.0317
27	1.06013
27	0.961133
27	0.81119
27	0.649412
27	0.518947
27	0.507973
28	0
28	0
28	0
28	0
28	0
28	0
28	0
28	0
28	0
28	0
28	0
28	0
28	0
28	0
28	0
28	0
28	0
28	0
28	0
28	0
28	0
28	0
28	0
28	0
28	0
28	0
28	0
28	0
28	0
28	0
28	0
28	0
28	0
28	0
28	0
28	0
28	0
28	0
28	0
28	0.000699593
28	0.042923
28	0.246354
28	0.997969
28	2.21154
28	3.64119
28	4.62051
28	4.95348
28	4.54915
28	3.7975
28	2.63436
28	1.72279
28	1.08837
28	0.665572
28	0.388155
28	0.170263
28	0.0798765
28	0.0446236
28	0.0182245
28	0.0493755
28	0.0843904
28	0.18472
28	0.285805
28	0.407903
28	0.650167
28	0.812335
28	0.996254
28	0.980414
28	0.956995
28	0.829481
28	0.658032
28	0.47814
28	0.290284
28	0.178079
28	0.155445
28	0.25001
28	0.391305
28	0.694875
28	1.21049
28	1.76908
28	2.23217
28	2.60297
28	2.77781
28	2.58404
28	2.18928
28	1.7359
28	1.2099
28	0.783648
28	0.506453
28	0.400746
28	0.456367
28	0.586813
28	0.753371
28	0.901196
28	1.02312
28	1.0295
28	0.915568
28	0.790489
28	0.653661
28	0.523582
28	0.542462
29	0
29	0
29	0
29	0
29	0
29	0
29	0
29	0
29	0
29	0
29	0
29	0
29	0
29	0
29	0
29	0
29	0
29	0
29	0
29	0
29	0
29	0
29	0
29	0
29	0
29	0
29	0
29	0
29	0
29	0
29	0
29	0
29	0
29	0
29	0
29	0
29	0
29	0
29	0
29	0.000559674
29	0.0358025
29	0.249143
29	1.05133
29	2.22481
29	3.623
29	4.57975
29	4.80749
29	4.53512
29	3.74047
29	2.78021
29	1.84096
29	1.14986
29	0.602167
29	0.370955
29	0.157143
29	0.0823217
29	0.0384345
29	0.0211298
29	0.0458669
29	0.0925304
29	0.158476
29	0.304218
29	0.442247
29	0.642181
29	0.795254
29	0.94038
29	0.962123
29	0.972591
29	0.821246
29	0.66775
29	0.456134
29	0.316803
29	0.201193
29	0.175328
29	0.230874
29	0.401742
29	0.743893
29	1.21107
29	1.79172
29	2.148
29	2.56632
29	2.74044
29	2.62295
29	2.18068
29	1.70942
29	1.25824
29	0.830902
29	0.526114
29	0.406948
29	0.429426
29	0.544191
29	0.745339
29	0.932491
29	1.02349
29	1.04985
29	0.893115
29	0.759215
29	0.655579
29	0.551574
29	0.549772
30	0
30	0
30	0
30	0
30	0
30	0
30	0
30	0
30	0
30	0
30	0
30	0
30	0
30	0
30	0
30	0
30	0
30	0
30	0
30	0
30	0
30	0
30	0
30	0
30	0
30	0
30	0
30	0
30	0
30	0
30	0
30	0
30	0
30	0
30	0
30	0
30	0
30	0
30	0
30	0.00538686
30	0.055567
30	0.288438
30	0.933428
30	2.11088
30	3.62686
30	4.52803
30	5.17132
30	4.58955
30	3.69332
30	2.66951
30	1.79332
30	1.11039
30	0.673691
30	0.327899
30	0.169454
30	0.0624057
30	0.0398706
30	0.0350953
30	0.0509703
30	0.0978645
30	0.15615
30	0.260494
30	0.46938
30	0.619658
30	0.751174
30	0.945469
30	1.0325
30	0.953114
30	0.865911
30	0.695004
30	0.476515
30	0.286376
30	0.205804
30	0.14415
30	0.226842
30	0.399118
30	0.691237
30	1.14422
30	1.77277
30	2.3332
30	2.58749
30	2.73924
30	2.55738
30	2.25077
30	1.74513
30	1.21054
30	0.77329
30	0.487876
30	0.368872
30	0.431129
30	0.588186
30	0.765014
30	0.925053
30	1.03745
30	1.05442
30	0.923659
30	0.78403
30	0.610509
30	0.513513
30	0.542616
31	0
31	0
31	0
31	0
31	0
31	0
31	0
31	0
31	0
31	0
31	0
31	0
31	0
31	0
31	0
31	0
31	0
31	0
31	0
31	0
31	0
31	0
31	0
31	0
31	0
31	0
31	0
31	0
31	0
31	0
31	0
31	0
31	0
31	0
31	0
31	0
31	0
31	0
31	0
31	0
31	0.0346046
31	0.329381
31	0.993618
31	2.18933
31	3.54588
31	4.52935
31	4.91492
31	4.53711
31	3.94511
31	2.7995
31	1.75369
31	1.11101
31	0.58696
31	0.325306
31	0.152917
31	0.0646383
31	0.0306381
31	0.0245634
31	0.0353092
31	0.11806
31	0.168645
31	0.241389
31	0.40754
31	0.595131
31	0.803414
31	0.979385
31	1.08912
31	1.01037
31	0.87645
31	0.638123
31	0.46773
31	0.277302
31	0.160531
31	0.145221
31	0.239744
31	0.400363
31	0.731079
31	1.23468
31	1.69584
31	2.13286
31	2.58392
31	2.78437
31	2.69452
31	2.25074
31	1.78735
31	1.19924
31	0.741982
31	0.448796
31	0.39106
31	0.446991
31	0.56089
31	0.732523
31	0.936472
31	1.08289
31	1.04485
31	0.941648
31	0.757409
31	0.609291
31	0.524358
31	0.520002
32	0
32	0
32	0
32	0
32	0
32	0
32	0
32	0
32	0
32	0
32	0
32	0
32	0
32	0
32	0
32	0
32	0
32	0
32	0
32	0
32	0
32	0
32	0
32	0
32	0
32	0
32	0
32	0
32	0
32	0
32	0
32	0
32	0
32	0
32	0
32	0
32	0
32	0
32	0
32	0
32	0.0425237
32	0.309987
32	0.947448
32	2.12207
32	3.66434
32	4.56172
32	5.18177
32	4.57402
32	3.65197
32	2.56914
32	1.78211
32	1.17365
32	0.593296
32	0.343153
32	0.186653
32	0.0898344
32	0.0433926
32	0.0505135
32	0.0782416
32	0.0916979
32	0.15615
32	0.243726
32	0.447416
32	0.646025
32	0.76878
32	0.917583
32	1.03176
32	0.99952
32	0.867237
32	0.657377
32	0.44243
32	0.290732
32	0.190249
32	0.164962
32	0.232014
32	0.432018
32	0.746896
32	1.15974
32	1.75691
32	2.29201
32	2.52956
32	2.78552
32	2.62404
32	2.16537
32	1.62749
32	1.17762
32	0.819085
32	0.559234
32	0.408063
32	0.441636
32	0.571526
32	0.774897
32	0.954792
32	1.03948
32	1.01105
32	0.898273
32	0.784675
32	0.622152
32	0.537994
32	0.541602
33	0
33	0
33	0
33	0
33	0
33	0
33	0
33	0
33	0
33	0
33	0
33	0
33	0
33	0
33	0
33	0
33	0
33	0
33	0
33	0
33	0
33	0
33	0
33	0
33	0
33	0
33	0
33	0
33	0
33	0
33	0
33	0
33	0
33	0
33	0
33	0
33	0
33	0
33	0
33	0
33	0.0427899
33	0.290086
33	0.938202
33	2.17335
33	3.64422
33	4.66464
33	4.86322
33	4.53556
33	3.77727
33	2.79059
33	1.73734
33	1.1413
33	0.629811
33	0.329119
33	0.18658
33	0.0647091
33	0.0461282
33	0.0487967
33	0.0525651
33	0.104278
33	0.174282
33	0.276079
33	0.42235
33	0.634168
33	0.793234
33	0.961575
33	1.00056
33	0.946597
33	0.807357
33	0.628382
33	0.45844
33	0.29101
33	0.225346
33	0.201212
33	0.242713
33	0.419149
33	0.753779
33	1.18848
33	1.75659
33	2.22087
33	2.58645
33	2.7238
33	2.51021
33	2.2036
33	1.75366
33	1.23464
33	0.807924
33	0.507793
33	0.398503
33	0.429289
33	0.568367
33	0.765014
33	0.93799
33	1.03427
33	1.03546
33	0.925275
33	0.796467
33	0.656291
33	0.576236
33	0.580424
34	0
34	0
34	0
34	0
34	0
34	0
34	0
34	0
34	0
34	0
34	0
34	0
34	0
34	0
34	0
34	0
34	0
34	0
34	0
34	0
34	0
34	0
34	0
34	0
34	0
34	0
34	0
34	0
34	0
34	0
34	0
34	0
34	0
34	0
34	0
34	0
34	0
34	0
34	0
34	0
34	0.0384643
34	0.266826
34	1.00709
34	2.26847
34	3.66958
34	4.38024
34	4.87892
34	4.48979
34	3.83755
34	2.91056
34	1.88642
34	1.08986
34	0.580861
34	0.318327
34	0.135938
34	0.0621576
34	0.030091
34	0.0243653
34	0.0407954
34	0.0694055
34	0.140255
34	0.28035
34	0.507469
34	0.669496
34	0.802076
34	0.960328
34	0.979624
34	0.966266
34	0.821641
34	0.616834
34	0.478602
34	0.314091
34	0.176273
34	0.1765
34	0.223341
34	0.405744
34	0.72235
34	1.17699
34	1.72026
34	2.27534
34	2.60018
34	2.75068
34	2.64936
34	2.28301
34	1.71815
34	1.14239
34	0.763034
34	0.494548
34	0.407074
34	0.425419
34	0.587026
34	0.764544
34	0.915689
34	0.992864
34	1.04109
34	0.925526
34	0.786703
34	0.65009
34	0.540413
34	0.526772
35	0
35	0
35	0
35	0
35	0
35	0
35	0
35	0
35	0
35	0
35	0
35	0
35	0
35	0
35	0
35	0
35	0
35	0
35	0
35	0
35	0
35	0
35	0
35	0
35	0
35	0
35	0
35	0
35	0
35	0
35	0
35	0
35	0
35	0
35	0
35	0
35	0
35	0
35	0
35	0
35	0.0206962
35	0.247685
35	0.966001
35	2.30458
35	3.84365
35	4.55845
35	4.81804
35	4.4508
35	3.59689
35	2.77749
35	1.90812
35	1.12681
35	0.622801
35	0.327022
35	0.165338
35	0.0737812
35	0.0354595
35	0.0340388
35	0.0449419
35	0.108625
35	0.171508
35	0.307681
35	0.444901
35	0.613188
35	0.867488
35	0.895091
35	0.947115
35	0.944992
35	0.861189
35	0.677535
35	0.473309
35	0.298632
35	0.191807
35	0.172903
35	0.238465
35	0.409632
35	0.722685
35	1.23702
35	1.69231
35	2.2436
35	2.58645
35	2.73965
35	2.56599
35	2.25887
35	1.70992
35	1.19609
35	0.777448
35	0.524047
35	0.421889
35	0.447768
35	0.606365
35	0.736851
35	0.903557
35	1.02881
35	1.02439
35	0.896753
35	0.803043
35	0.668325
35	0.562049
35	0.540433
36	0
36	0
36	0
36	0
36	0
36	0
36	0
36	0
36	0
36	0
36	0
36	0
36	0
36	0
36	0
36	0
36	0
36	0
36	0
36	0
36	0
36	0
36	0
36	0
36	0
36	0
36	0
36	0
36	0
36	0
36	0
36	0
36	0
36	0
36	0
36	0
36	0
36	0
36	0
36	0.00482719
36	0.0328744
36	0.280769
36	0.944306
36	2.30839
36	3.66858
36	4.59584
36	4.89482
36	4.51945
36	3.57183
36	2.71642
36	1.87482
36	1.17558
36	0.671117
36	0.346243
36	0.144207
36	0.0664102
36	0.0529671
36	0.0403117
36	0.0487056
36	0.0752021
36	0.146219
36	0.282428
36	0.446829
36	0.638905
36	0.839256
36	0.97768
36	1.0365
36	0.944944
36	0.809707
36	0.590462
36	0.409201
36	0.296753
36	0.2122
36	0.200828
36	0.261063
36	0.432611
36	0.728113
36	1.24291
36	1.72382
36	2.21013
36	2.61365
36	2.73165
36	2.48709
36	2.25528
36	1.719
36	1.21734
36	0.800367
36	0.520283
36	0.427241
36	0.449581
36	0.579096
36	0.76019
36	0.917386
36	0.994749
36	0.950241
36	0.947561
36	0.811284
36	0.649263
36	0.57339
36	0.591483
37	0
37	0
37	0
37	0
37	0
37	0
37	0
37	0
37	0
37	0
37	0
37	0
37	0
37	0
37	0
37	0
37	0
37	0
37	0
37	0
37	0
37	0
37	0
37	0
37	0
37	0
37	0
37	0
37	0
37	0
37	0
37	0
37	0
37	0
37	0
37	0
37	0
37	0
37	0.000441843
37	0.00853503
37	0.0352701
37	0.273164
37	0.922006
37	2.26074
37	3.72112
37	4.7402
37	4.84035
37	4.40348
37	3.6619
37	2.68764
37	1.81759
37	1.13426
37	0.631434
37	0.36409
37	0.213224
37	0.102238
37	0.0532406
37	0.0312655
37	0.0648452
37	0.149849
37	0.204522
37	0.297003
37	0.428414
37	0.582002
37	0.784602
37	0.94814
37	0.959778
37	0.860205
37	0.772765
37	0.681038
37	0.498214
37	0.311358
37	0.240091
37	0.187654
37	0.271074
37	0.440386
37	0.766052
37	1.19706
37	1.75353
37	2.27774
37	2.5332
37	2.66123
37	2.58184
37	2.1251
37	1.67319
37	1.208
37	0.837817
37	0.576044
37	0.4934
37	0.49699
37	0.574965
37	0.724139
37	0.873384
37	0.963683
37	1.02278
37	0.930002
37	0.785156
37	0.667486
37	0.595351
37	0.602299
38	0
38	0
38	0
38	0
38	0
38	0
38	0
38	0
38	0
38	0
38	0
38	0
38	0
38	0
38	0
38	0
38	0
38	0
38	0
38	0
38	0
38	0
38	0
38	0
38	0
38	0
38	0
38	0
38	0
38	0
38	0
38	0
38	0
38	0
38	0
38	0
38	0
38	0
38	0
38	0.00496711
38	0.0463835
38	0.225819
38	1.03084
38	2.19977
38	3.66781
38	4.66269
38	5.02058
38	4.35413
38	3.57642
38	2.70051
38	1.93804
38	1.13957
38	0.598524
38	0.34323
38	0.195804
38	0.0893383
38	0.0497186
38	0.0474761
38	0.0768063
38	0.150497
38	0.209114
38	0.310711
38	0.44152
38	0.611049
38	0.728137
38	0.868656
38	0.969454
38	0.981839
38	0.820827
38	0.606597
38	0.457145
38	0.299871
38	0.201816
38	0.212467
38	0.271329
38	0.435311
38	0.764411
38	1.23782
38	1.77953
38	2.21008
38	2.53581
38	2.6433
38	2.52734
38	2.22419
38	1.74036
38	1.24014
38	0.818662
38	0.514993
38	0.40076
38	0.484698
38	0.585987
38	0.780555
38	0.948145
38	0.965819
38	1.00504
38	0.908566
38	0.794428
38	0.652318
38	0.579229
38	0.590623
39	0
39	0
39	0
39	0
39	0
39	0
39	0
39	0
39	0
39	0
39	0
39	0
39	0
39	0
39	0
39	0
39	0
39	0
39	0
39	0
39	0
39	0
39	0
39	0
39	0
39	0
39	0
39	0
39	0
39	0
39	0
39	0
39	0
39	0
39	0
39	0
39	0
39	0
39	0
39	0.00209878
39	0.0484464
39	0.253833
39	0.957359
39	2.2034
39	3.68314
39	4.5913
39	4.89927
39	4.60469
39	3.73346
39	2.7975
39	1.83326
39	1.09278
39	0.615157
39	0.297466
39	0.168021
39	0.0633271
39	0.0239019
39	0.0194791
39	0.0291851
39	0.0679563
39	0.149768
39	0.268287
39	0.441436
39	0.657016
39	0.860955
39	0.976077
39	1.06715
39	0.978868
39	0.801332
39	0.650055
39	0.41535
39	0.299978
39	0.164768
39	0.144392
39	0.19679
39	0.33332
39	0.686873
39	1.13354
39	1.77937
39	2.26531
39	2.6784
39	2.88661
39	2.72212
39	2.28398
39	1.6876
39	1.21062
39	0.73053
39	0.457379
39	0.352455
39	0.398124
39	0.576791
39	0.737151
39	0.92388
39	1.03655
39	1.01734
39	0.926747
39	0.806736
39	0.633245
39	0.520781
39	0.49956
40	0
40	0
40	0
40	0
40	0
40	0
40	0
40	0
40	0
40	0
40	0
40	0
40	0
40	0
40	0
40	0
40	0
40	0
40	0
40	0
40	0
40	0
40	0
40	0
40	0
40	0
40	0
40	0
40	0
40	0
40	0
40	0
40	0
40	0
40	0
40	0
40	0
40	0
40	0
40	0
40	0.0236243
40	0.279882
40	0.970956
40	2.33989
40	3.54814
40	4.62483
40	4.91946
40	4.47126
40	3.7323
40	2.70978
40	1.84824
40	1.20378
40	0.623236
40	0.31192
40	0.134505
40	0.0955753
40	0.0303304
40	0.0309354
40	0.0462177
40	0.0913896
40	0.179859
40	0.266613
40	0.45471
40	0.612159
40	0.775497
40	0.923562
40	1.0929
40	0.991973
40	0.871006
40	0.623388
40	0.425233
40	0.279415
40	0.185099
40	0.147666
40	0.191362
40	0.385082
40	0.721603
40	1.19818
40	1.70016
40	2.19151
40	2.68738
40	2.80511
40	2.66731
40	2.2289
40	1.80027
40	1.18737
40	0.780074
40	0.484383
40	0.390503
40	0.41697
40	0.513043
40	0.704191
40	0.939368
40	1.04636
40	1.05941
40	0.951798
40	0.797628
40	0.675329
40	0.527756
40	0.491621
41	0
41	0
41	0
41	0
41	0
41	0
41	0
41	0
41	0
41	0
41	0
41	0
41	0
41	0
41	0
41	0
41	0
41	0
41	0
41	0
41	0
41	0
41	0
41	0
41	0
41	0
41	0
41	0
41	0
41	0
41	0
41	0
41	0
41	0
41	0
41	0
41	0
41	0
41	0
41	0.00349796
41	0.047781
41	0.262769
41	0.944306
41	2.24003
41	3.68644
41	4.71378
41	4.9027
41	4.48273
41	3.71007
41	2.69138
41	1.73743
41	1.09833
41	0.669493
41	0.351734
41	0.186323
41	0.0835265
41	0.0443501
41	0.032256
41	0.0528841
41	0.0964154
41	0.186837
41	0.278474
41	0.424558
41	0.627536
41	0.796855
41	0.933841
41	1.0068
41	1.03553
41	0.810358
41	0.614394
41	0.450951
41	0.308198
41	0.196375
41	0.175873
41	0.232841
41	0.386786
41	0.732758
41	1.24275
41	1.80598
41	2.27609
41	2.63095
41	2.69333
41	2.52686
41	2.1541
41	1.68433
41	1.16493
41	0.798646
41	0.548156
41	0.446697
41	0.450521
41	0.585347
41	0.723344
41	0.926916
41	1.02457
41	0.994906
41	0.966112
41	0.812116
41	0.670346
41	0.551158
41	0.56792
42	0
42	0
42	0
42	0
42	0
42	0
42	0
42	0
42	0
42	0
42	0
42	0
42	0
42	0
42	0
42	0
42	0
42	0
42	0
42	0
42	0
42	0
42	0
42	0
42	0
42	0
42	0
42	0
42	0
42	0
42	0
42	0
42	0
42	0
42	0
42	0
42	0
42	0
42	0
42	0
42	0.0326747
42	0.264924
42	1.01912
42	2.17179
42	3.51336
42	4.71515
42	5.14764
42	4.47262
42	3.56868
42	2.74471
42	1.86198
42	1.09706
42	0.638959
42	0.329348
42	0.128846
42	0.0834911
42	0.0574123
42	0.0419955
42	0.0491841
42	0.10252
42	0.167393
42	0.308547
42	0.412486
42	0.588878
42	0.767599
42	0.977731
42	1.02615
42	1.02293
42	0.832714
42	0.645761
42	0.452467
42	0.28217
42	0.187695
42	0.173085
42	0.235673
42	0.422002
42	0.792296
42	1.19658
42	1.65345
42	2.13771
42	2.66387
42	2.74253
42	2.67165
42	2.20457
42	1.70509
42	1.21619
42	0.760904
42	0.500565
42	0.365862
42	0.448954
42	0.554546
42	0.803072
42	0.939648
42	1.01987
42	1.09812
42	0.936142
42	0.770538
42	0.633256
42	0.570791
42	0.520829
43	0
43	0
43	0
43	0
43	0
43	0
43	0
43	0
43	0
43	0
43	0
43	0
43	0
43	0
43	0
43	0
43	0
43	0
43	0
43	0
43	0
43	0
43	0
43	0
43	0
43	0
43	0
43	0
43	0
43	0
43	0
43	0
43	0
43	0
43	0
43	0
43	0
43	0
43	0
43	0
43	0.0288815
43	0.293508
43	1.0222
43	2.30995
43	3.55718
43	4.3881
43	4.96045
43	4.69942
43	3.81694
43	2.67699
43	1.76961
43	1.01746
43	0.615791
43	0.321606
43	0.187572
43	0.107305
43	0.0681493
43	0.0519662
43	0.0647814
43	0.121853
43	0.185376
43	0.307999
43	0.418857
43	0.597243
43	0.758521
43	0.920764
43	1.01426
43	0.979563
43	0.778208
43	0.650032
43	0.486245
43	0.333906
43	0.223394
43	0.173631
43	0.240786
43	0.443795
43	0.71722
43	1.16683
43	1.74563
43	2.23956
43	2.61756
43	2.71785
43	2.59337
43	2.16808
43	1.65164
43	1.18378
43	0.832375
43	0.528352
43	0.449652
43	0.447291
43	0.591771
43	0.770268
43	0.937212
43	0.989093
43	1.05398
43	0.923192
43	0.757093
43	0.640995
43	0.55756
43	0.569839
44	0
44	0
44	0
44	0
44	0
44	0
44	0
44	0
44	0
44	0
44	0
44	0
44	0
44	0
44	0
44	0
44	0
44	0
44	0
44	0
44	0
44	0
44	0
44	0
44	0
44	0
44	0
44	0
44	0
44	0
44	0
44	0
44	0
44	0
44	0
44	0
44	0
44	0
44	0
44	0
44	0.0312772
44	0.2821
44	0.98419
44	2.26144
44	3.56021
44	4.5942
44	4.93773
44	4.53919
44	3.74539
44	2.68875
44	1.87683
44	1.10368
44	0.622999
44	0.340636
44	0.154754
44	0.0767934
44	0.0464359
44	0.0455612
44	0.0565521
44	0.118276
44	0.182095
44	0.3224
44	0.456806
44	0.624801
44	0.811286
44	0.876365
44	0.953854
44	0.92767
44	0.800704
44	0.637806
44	0.477438
44	0.310825
44	0.233715
44	0.192119
44	0.257208
44	0.398199
44	0.717276
44	1.14526
44	1.68354
44	2.3013
44	2.5994
44	2.7611
44	2.64703
44	2.26392
44	1.7175
44	1.15792
44	0.749525
44	0.499025
44	0.442363
44	0.46686
44	0.572486
44	0.753697
44	0.897344
44	0.952358
44	1.052
44	0.96002
44	0.828269
44	0.682001
44	0.572276
44	0.538327
45	0
45	0
45	0
45	0
45	0
45	0
45	0
45	0
45	0
45	0
45	0
45	0
45	0
45	0
45	0
45	0
45	0
45	0
45	0
45	0
45	0
45	0
45	0
45	0
45	0
45	0
45	0
45	0
45	0
45	0
45	0
45	0
45	0
45	0
45	0
45	0
45	0
45	0
45	0
45	0.00328809
45	0.0310776
45	0.256051
45	1.02474
45	2.17733
45	3.62702
45	4.76071
45	4.98695
45	4.35249
45	3.65889
45	2.66777
45	1.85766
45	1.17365
45	0.670127
45	0.340751
45	0.151851
45	0.0656305
45	0.0419565
45	0.049391
45	0.0540961
45	0.0872888
45	0.166588
45	0.304882
45	0.403963
45	0.645971
45	0.80714
45	0.97679
45	1.05239
45	0.939218
45	0.779325
45	0.608405
45	0.44008
45	0.320903
45	0.199491
45	0.196766
45	0.256127
45	0.415242
45	0.72746
45	1.16136
45	1.7437
45	2.20774
45	2.60265
45	2.72028
45	2.6495
45	2.21577
45	1.70573
45	1.23399
45	0.796355
45	0.496487
45	0.418098
45	0.44214
45	0.598822
45	0.775718
45	0.895545
45	1.0054
45	1.00718
45	0.89503
45	0.795119
45	0.64444
45	0.577271
45	0.550687
46	0
46	0
46	0
46	0
46	0
46	0
46	0
46	0
46	0
46	0
46	0
46	0
46	0
46	0
46	0
46	0
46	0
46	0
46	0
46	0
46	0
46	0
46	0
46	0
46	0
46	0
46	0
46	0
46	0
46	0
46	0
46	0
46	0
46	0
46	0
46	0
46	0
46	0
46	0
46	0.00629633
46	0.0461173
46	0.249777
46	0.982196
46	2.27355
46	3.73958
46	4.61893
46	4.96171
46	4.52187
46	3.56297
46	2.65743
46	1.79602
46	1.0806
46	0.607237
46	0.360582
46	0.191909
46	0.112798
46	0.0628492
46	0.0615406
46	0.0791028
46	0.11362
46	0.204701
46	0.2796
46	0.42154
46	0.610995
46	0.781558
46	0.937989
46	1.02563
46	0.920483
46	0.786909
46	0.659569
46	0.474978
46	0.287999
46	0.210767
46	0.195675
46	0.265154
46	0.42407
46	0.759281
46	1.18264
46	1.67897
46	2.22213
46	2.64812
46	2.74179
46	2.57474
46	2.24014
46	1.69364
46	1.18307
46	0.759007
46	0.520696
46	0.395673
46	0.454159
46	0.607138
46	0.784049
46	0.91884
46	1.02041
46	1.0497
46	0.917579
46	0.76286
46	0.63259
46	0.546106
46	0.574878
47	0
47	0
47	0
47	0
47	0
47	0
47	0
47	0
47	0
47	0
47	0
47	0
47	0
47	0
47	0
47	0
47	0
47	0
47	0
47	0
47	0
47	0
47	0
47	0
47	0
47	0
47	0
47	0
47	0
47	0
47	0
47	0
47	0
47	0
47	0
47	0
47	0
47	0
47	0
47	0
47	0.0356694
47	0.247432
47	1.03012
47	2.23138
47	3.52405
47	4.67803
47	4.91118
47	4.66386
47	3.71791
47	2.61159
47	1.77697
47	1.07961
47	0.675196
47	0.327937
47	0.177172
47	0.0950792
47	0.0657899
47	0.0577439
47	0.0847804
47	0.147444
47	0.217793
47	0.293424
47	0.407512
47	0.603199
47	0.807403
47	0.917125
47	0.939414
47	0.852946
47	0.801681
47	0.615275
47	0.491472
47	0.355045
47	0.242645
47	0.188623
47	0.278744
47	0.390788
47	0.700302
47	1.21661
47	1.73073
47	2.30078
47	2.71647
47	2.71338
47	2.45942
47	2.15057
47	1.61844
47	1.19448
47	0.829224
47	0.552505
47	0.486097
47	0.482627
47	0.605925
47	0.775614
47	0.917054
47	0.956766
47	0.979443
47	0.941684
47	0.794369
47	0.666947
47	0.578216
47	0.61112
48	0
48	0
48	0
48	0
48	0
48	0
48	0
48	0
48	0
48	0
48	0
48	0
48	0
48	0
48	0
48	0
48	0
48	0
48	0
48	0
48	0
48	0
48	0
48	0
48	0
48	0
48	0
48	0
48	0
48	0
48	0
48	0
48	0
48	0
48	0
48	0
48	0
48	0
48	0
48	0.00748564
48	0.0435219
48	0.277917
48	0.955908
48	2.12622
48	3.6607
48	4.68478
48	4.99402
48	4.59192
48	3.7613
48	2.59128
48	1.75729
48	1.08084
48	0.635434
48	0.344107
48	0.183713
48	0.0906495
48	0.0386054
48	0.045231
48	0.0713201
48	0.104555
48	0.195217
48	0.284391
48	0.435708
48	0.604525
48	0.81126
48	0.941398
48	0.998433
48	0.968111
48	0.844207
48	0.652382
48	0.414691
48	0.265003
48	0.19866
48	0.211719
48	0.214491
48	0.412657
48	0.739267
48	1.17114
48	1.75225
48	2.32134
48	2.60174
48	2.6961
48	2.58975
48	2.24612
48	1.70887
48	1.19209
48	0.771875
48	0.515777
48	0.405374
48	0.433746
48	0.587773
48	0.767608
48	0.929085
48	1.04568
48	1.01745
48	0.903156
48	0.762755
48	0.626963
48	0.545071
48	0.5562
49	0
49	0
49	0
49	0
49	0
49	0
49	0
49	0
49	0
49	0
49	0
49	0
49	0
49	0
49	0
49	0
49	0
49	0
49	0
49	0
49	0
49	0
49	0
49	0
49	0
49	0
49	0
49	0
49	0
49	0
49	0
49	0
49	0
49	0
49	0
49	0
49	0
49	0
49	0
49	0
49	0.0389967
49	0.299466
49	0.983526
49	2.19285
49	3.64615
49	4.69232
49	4.96575
49	4.48021
49	3.67151
49	2.60594
49	1.73533
49	1.16698
49	0.666246
49	0.374159
49	0.169969
49	0.0870703
49	0.0496844
49	0.0373734
49	0.0596461
49	0.109026
49	0.158088
49	0.319485
49	0.47754
49	0.656691
49	0.794047
49	0.948598
49	0.953904
49	0.893411
49	0.847929
49	0.600315
49	0.45407
49	0.320583
49	0.198951
49	0.205192
49	0.254042
49	0.431711
49	0.764746
49	1.19402
49	1.7288
49	2.24132
49	2.61101
49	2.68623
49	2.52165
49	2.20559
49	1.73191
49	1.20021
49	0.792329
49	0.526171
49	0.450321
49	0.446296
49	0.595943
49	0.768456
49	0.959499
49	0.975595
49	0.992327
49	0.91801
49	0.780326
49	0.668256
49	0.572152
49	0.598782
50	0
50	0
50	0
50	0
50	0
50	0
50	0
50	0
50	0
50	0
50	0
50	0
50	0
50	0
50	0
50	0
50	0
50	0
50	0
50	0
50	0
50	0
50	0
50	0
50	0
50	0
50	0
50	0
50	0
50	0
50	0
50	0
50	0
50	0
50	0
50	0
50	0
50	0
50	0
50	0
50	0.0381316
50	0.307325
50	0.886895
50	2.18316
50	3.74074
50	4.7393
50	4.9708
50	4.45225
50	3.63341
50	2.58415
50	1.70323
50	1.23082
50	0.678008
50	0.368629
50	0.168131
50	0.105675
50	0.0552581
50	0.04741
50	0.0548616
50	0.0863946
50	0.189014
50	0.291404
50	0.447668
50	0.669956
50	0.834192
50	0.947225
50	0.938723
50	0.878725
50	0.784931
50	0.607162
50	0.482203
50	0.334291
50	0.239883
50	0.22944
50	0.27072
50	0.414687
50	0.763459
50	1.18806
50	1.74653
50	2.27937
50	2.54178
50	2.66115
50	2.49743
50	2.15341
50	1.67184
50	1.24565
50	0.810696
50	0.561786
50	0.443937
50	0.491703
50	0.605805
50	0.772302
50	0.932593
50	0.981139
50	1.0019
50	0.896693
50	0.769225
50	0.677442
50	0.616728
50	0.609631
51	0
51	0
51	0
51	0
51	0
51	0
51	0
51	0
51	0
51	0
51	0
51	0
51	0
51	0
51	0
51	0
51	0
51	0
51	0
51	0
51	0
51	0
51	0
51	0
51	0
51	0
51	0
51	0
51	0
51	0
51	0
51	0
51	0
51	0
51	0
51	0
51	0
51	0
51	0
51	0.00692597
51	0.0462504
51	0.288184
51	0.938927
51	2.22607
51	3.6359
51	4.58951
51	4.99836
51	4.51901
51	3.56478
51	2.75094
51	1.81751
51	1.17184
51	0.648582
51	0.326907
51	0.161847
51	0.087531
51	0.0650377
51	0.0535179
51	0.046441
51	0.111616
51	0.19146
51	0.34722
51	0.475836
51	0.636496
51	0.774369
51	0.871099
51	0.930553
51	0.868231
51	0.802937
51	0.658235
51	0.4938
51	0.353358
51	0.228731
51	0.193473
51	0.251937
51	0.415242
51	0.752734
51	1.27284
51	1.75341
51	2.2433
51	2.55187
51	2.64753
51	2.5102
51	2.15909
51	1.68574
51	1.19739
51	0.831252
51	0.551521
51	0.451227
51	0.458888
51	0.570433
51	0.76238
51	0.973533
51	1.02423
51	1.02076
51	0.934814
51	0.794967
51	0.641099
51	0.591087
51	0.596069
52	0
52	0
52	0
52	0
52	0
52	0
52	0
52	0
52	0
52	0
52	0
52	0
52	0
52	0
52	0
52	0
52	0
52	0
52	0
52	0
52	0
52	0
52	0
52	0
52	0
52	0
52	0
52	0
52	0
52	0
52	0
52	0
52	0
52	0
52	0
52	0
52	0
52	0
52	0
52	0.0015391
52	0.0382647
52	0.243629
52	0.931675
52	2.27984
52	3.74509
52	4.747
52	4.83743
52	4.41345
52	3.57684
52	2.63899
52	1.83784
52	1.15789
52	0.716185
52	0.363213
52	0.177686
52	0.0867159
52	0.0468463
52	0.0525274
52	0.0717348
52	0.112572
52	0.205267
52	0.294867
52	0.477484
52	0.650763
52	0.764923
52	0.870819
52	0.925912
52	0.930593
52	0.804077
52	0.626959
52	0.46784
52	0.324063
52	0.243725
52	0.186583
52	0.237757
52	0.439869
52	0.785152
52	1.25865
52	1.78228
52	2.23099
52	2.57614
52	2.66465
52	2.46202
52	2.14561
52	1.70157
52	1.21938
52	0.805182
52	0.590757
52	0.426865
52	0.461096
52	0.617467
52	0.773867
52	0.891041
52	1.00682
52	1.00723
52	0.904928
52	0.792529
52	0.672011
52	0.561183
52	0.618926
53	0
53	0
53	0
53	0
53	0
53	0
53	0
53	0
53	0
53	0
53	0
53	0
53	0
53	0
53	0
53	0
53	0
53	0
53	0
53	0
53	0
53	0
53	0
53	0
53	0
53	0
53	0
53	0
53	0
53	0
53	0
53	0
53	0
53	0
53	0
53	0
53	0
53	0
53	0
53	0.00111935
53	0.043655
53	0.314487
53	0.979114
53	2.14041
53	3.62162
53	4.60643
53	4.90447
53	4.62008
53	3.6271
53	2.83117
53	1.76991
53	1.05512
53	0.644226
53	0.38251
53	0.199516
53	0.0655242
53	0.0359383
53	0.0576118
53	0.0688641
53	0.101287
53	0.160236
53	0.315127
53	0.457085
53	0.628591
53	0.789403
53	0.951499
53	0.912484
53	0.962577
53	0.810265
53	0.625919
53	0.469817
53	0.305081
53	0.212844
53	0.213295
53	0.279511
53	0.407487
53	0.698101
53	1.13877
53	1.69442
53	2.26702
53	2.68534
53	2.79487
53	2.55982
53	2.15516
53	1.68681
53	1.17602
53	0.803737
53	0.543636
53	0.404286
53	0.434808
53	0.588466
53	0.74178
53	0.97213
53	1.03362
53	1.00451
53	0.933892
53	0.811308
53	0.622933
53	0.583819
53	0.570445
54	0
54	0
54	0
54	0
54	0
54	0
54	0
54	0
54	0
54	0
54	0
54	0
54	0
54	0
54	0
54	0
54	0
54	0
54	0
54	0
54	0
54	0
54	0
54	0
54	0
54	0
54	0
54	0
54	0
54	0
54	0
54	0
54	0
54	0
54	0
54	0
54	0
54	0
54	0
54	0.00321813
54	0.0411928
54	0.260868
54	0.904783
54	2.31624
54	3.66638
54	4.61439
54	5.01871
54	4.47136
54	3.7071
54	2.64309
54	1.78138
54	1.11776
54	0.673176
54	0.339111
54	0.155195
54	0.100749
54	0.0349124
54	0.0307703
54	0.0511298
54	0.0755413
54	0.163009
54	0.288345
54	0.438586
54	0.640692
54	0.797773
54	0.927811
54	1.00006
54	0.985337
54	0.872193
54	0.674891
54	0.446537
54	0.301344
54	0.19054
54	0.155485
54	0.22757
54	0.408176
54	0.722182
54	1.21848
54	1.73757
54	2.22881
54	2.582
54	2.79959
54	2.60008
54	2.19367
54	1.68461
54	1.21958
54	0.77008
54	0.511087
54	0.402461
54	0.43271
54	0.590758
54	0.770855
54	0.934851
54	1.04613
54	1.02374
54	0.88719
54	0.742815
54	0.655671
54	0.530996
54	0.566211
55	0
55	0
55	0
55	0
55	0
55	0
55	0
55	0
55	0
55	0
55	0
55	0
55	0
55	0
55	0
55	0
55	0
55	0
55	0
55	0
55	0
55	0
55	0
55	0
55	0
55	0
55	0
55	0
55	0
55	0
55	0
55	0
55	0
55	0
55	0
55	0
55	0
55	0
55	0
55	0.00629633
55	0.0456515
55	0.324817
55	0.90436
55	2.21679
55	3.59996
55	4.63063
55	4.91527
55	4.66555
55	3.78246
55	2.70216
55	1.66881
55	1.04714
55	0.610286
55	0.341857
55	0.223256
55	0.100891
55	0.0574465
55	0.0402127
55	0.0577642
55	0.125984
55	0.201092
55	0.292731
55	0.392673
55	0.613025
55	0.80882
55	0.942823
55	0.987399
55	0.893195
55	0.809521
55	0.657038
55	0.499554
55	0.32955
55	0.239156
55	0.20101
55	0.252763
55	0.396706
55	0.7247
55	1.14533
55	1.70338
55	2.33614
55	2.65467
55	2.65942
55	2.51464
55	2.17777
55	1.74172
55	1.22651
55	0.767323
55	0.526585
55	0.456091
55	0.454255
55	0.580309
55	0.761585
55	0.906695
55	1.03267
55	1.00417
55	0.913845
55	0.775602
55	0.652214
55	0.551079
55	0.571647
56	0
56	0
56	0
56	0
56	0
56	0
56	0
56	0
56	0
56	0
56	0
56	0
56	0
56	0
56	0
56	0
56	0
56	0
56	0
56	0
56	0
56	0
56	0
56	0
56	0
56	0
56	0
56	0
56	0
56	0
56	0
56	0
56	0
56	0
56	0
56	0
56	0
56	0
56	0
56	0
56	0.0352701
56	0.288818
56	0.932944
56	2.14549
56	3.62592
56	4.77241
56	5.0027
56	4.5059
56	3.66232
56	2.73931
56	1.79029
56	1.10307
56	0.602564
56	0.318708
56	0.193268
56	0.10245
56	0.0394603
56	0.0299779
56	0.0494074
56	0.0837429
56	0.158506
56	0.312963
56	0.433668
56	0.646242
56	0.800292
56	0.908576
56	0.989621
56	0.989146
56	0.850116
56	0.678235
56	0.445241
56	0.292355
56	0.176563
56	0.166417
56	0.255969
56	0.388088
56	0.681165
56	1.21659
56	1.75234
56	2.23721
56	2.57331
56	2.82008
56	2.59153
56	2.18589
56	1.77434
56	1.19161
56	0.776295
56	0.507508
56	0.401123
56	0.439755
56	0.595276
56	0.787478
56	0.904564
56	0.995561
56	0.994943
56	0.926352
56	0.76109
56	0.637562
56	0.586047
56	0.552153
57	0
57	0
57	0
57	0
57	0
57	0
57	0
57	0
57	0
57	0
57	0
57	0
57	0
57	0
57	0
57	0
57	0
57	0
57	0
57	0
57	0
57	0
57	0
57	0
57	0
57	0
57	0
57	0
57	0
57	0
57	0
57	0
57	0
57	0
57	0
57	0
57	0
57	0
57	0
57	0.00370784
57	0.0392629
57	0.300543
57	0.969626
57	2.17398
57	3.6628
57	4.71241
57	5.01962
57	4.47295
57	3.59424
57	2.6626
57	1.74453
57	1.06771
57	0.672701
57	0.360696
57	0.21451
57	0.110601
57	0.0478721
57	0.0505795
57	0.0862795
57	0.123271
57	0.226203
57	0.291288
57	0.450127
57	0.588878
57	0.786176
57	0.895397
57	0.932972
57	0.935936
57	0.832412
57	0.639863
57	0.454136
57	0.29718
57	0.238429
57	0.222711
57	0.285745
57	0.425028
57	0.732011
57	1.17779
57	1.71194
57	2.22381
57	2.54334
57	2.6787
57	2.57984
57	2.2847
57	1.76295
57	1.22049
57	0.74471
57	0.52235
57	0.453582
57	0.456776
57	0.555253
57	0.740776
57	0.939904
57	1.03015
57	1.01023
57	0.906807
57	0.798132
57	0.630753
57	0.575775
57	0.574481
58	0
58	0
58	0
58	0
58	0
58	0
58	0
58	0
58	0
58	0
58	0
58	0
58	0
58	0
58	0
58	0
58	0
58	0
58	0
58	0
58	0
58	0
58	0
58	0
58	0
58	0
58	0
58	0
58	0
58	0
58	0
58	0
58	0
58	0
58	0
58	0
58	0
58	0
58	0
58	0.00349796
58	0.0391964
58	0.279501
58	1.01054
58	2.18829
58	3.44198
58	4.70566
58	5.00811
58	4.50924
58	3.73958
58	2.79126
58	1.78742
58	1.12669
58	0.626127
58	0.327174
58	0.157731
58	0.0836328
58	0.0275265
58	0.0265113
58	0.0447824
58	0.0747397
58	0.181767
58	0.322198
58	0.504534
58	0.635278
58	0.808137
58	0.906185
58	0.94013
58	0.973885
58	0.805636
58	0.631433
58	0.486464
58	0.296668
58	0.201941
58	0.170761
58	0.241887
58	0.420145
58	0.701515
58	1.1586
58	1.64974
58	2.28127
58	2.67441
58	2.79684
58	2.62182
58	2.23817
58	1.73617
58	1.17769
58	0.76922
58	0.490328
58	0.369653
58	0.419559
58	0.549229
58	0.746291
58	0.926865
58	1.03964
58	1.05519
58	1.00115
58	0.803337
58	0.659425
58	0.556851
58	0.510972
59	0
59	0
59	0
59	0
59	0
59	0
59	0
59	0
59	0
59	0
59	0
59	0
59	0
59	0
59	0
59	0
59	0
59	0
59	0
59	0
59	0
59	0
59	0
59	0
59	0
59	0
59	0
59	0
59	0
59	0
59	0
59	0
59	0
59	0
59	0
59	0
59	0
59	0
59	0
59	0.00335804
59	0.0427899
59	0.290846
59	1.00945
59	2.19291
59	3.54748
59	4.57765
59	4.80173
59	4.5596
59	3.85272
59	2.83986
59	1.79521
59	1.09093
59	0.6468
59	0.361001
59	0.15718
59	0.0572672
59	0.0348782
59	0.0242003
59	0.0540004
59	0.098327
59	0.170345
59	0.314463
59	0.448786
59	0.636036
59	0.814671
59	0.897381
59	0.983351
59	0.928269
59	0.831272
59	0.65688
59	0.433162
59	0.322696
59	0.207569
59	0.176075
59	0.238387
59	0.426464
59	0.740293
59	1.22019
59	1.67171
59	2.18448
59	2.63665
59	2.79487
59	2.60104
59	2.19436
59	1.70543
59	1.22591
59	0.794765
59	0.504371
59	0.412161
59	0.418606
59	0.560411
59	0.751597
59	0.928396
59	1.05069
59	1.04364
59	0.925359
59	0.770269
59	0.668325
59	0.572771
59	0.556509
60	0
60	0
60	0
60	0
60	0
60	0
60	0
60	0
60	0
60	0
60	0
60	0
60	0
60	0
60	0
60	0
60	0
60	0
60	0
60	0
60	0
60	0
60	0
60	0
60	0
60	0
60	0
60	0
60	0
60	0
60	0
60	0
60	0
60	0
60	0
60	0
60	0
60	0
60	0
60	0.000769552
60	0.0375327
60	0.269678
60	0.940921
60	2.18743
60	3.81835
60	4.65563
60	4.8033
60	4.63633
60	3.57986
60	2.64108
60	1.86866
60	1.06668
60	0.67183
60	0.336289
60	0.192203
60	0.0981623
60	0.0518728
60	0.03876
60	0.0717667
60	0.0966312
60	0.163337
60	0.279715
60	0.456219
60	0.622825
60	0.826452
60	1.00488
60	0.996631
60	0.892357
60	0.802984
60	0.601354
60	0.420621
60	0.31518
60	0.227651
60	0.19319
60	0.244366
60	0.407946
60	0.722238
60	1.20807
60	1.79564
60	2.26771
60	2.63147
60	2.68779
60	2.51928
60	2.21074
60	1.70728
60	1.17024
60	0.796209
60	0.54492
60	0.441694
60	0.451993
60	0.607311
60	0.75208
60	0.883387
60	1.00277
60	1.00297
60	0.928949
60	0.807041
60	0.644406
60	0.551079
60	0.579266
61	0
61	0
61	0
61	0
61	0
61	0
61	0
61	0
61	0
61	0
61	0
61	0
61	0
61	0
61	0
61	0
61	0
61	0
61	0
61	0
61	0
61	0
61	0
61	0
61	0
61	0
61	0
61	0
61	0
61	0
61	0
61	0
61	0
61	0
61	0
61	0
61	0
61	0
61	0
61	0.00265845
61	0.0383312
61	0.288818
61	0.94219
61	2.22723
61	3.62052
61	4.70197
61	4.87276
61	4.50324
61	3.67253
61	2.78164
61	1.87893
61	1.14937
61	0.659909
61	0.304826
61	0.144869
61	0.0420999
61	0.0397338
61	0.0229787
61	0.0544151
61	0.0938254
61	0.181827
61	0.312414
61	0.454682
61	0.653118
61	0.803047
61	0.944477
61	0.933811
61	0.912313
61	0.838158
61	0.656518
61	0.473814
61	0.295857
61	0.203582
61	0.157829
61	0.216871
61	0.380754
61	0.704481
61	1.14806
61	1.70464
61	2.25419
61	2.72073
61	2.80105
61	2.67486
61	2.271
61	1.73727
61	1.17805
61	0.725044
61	0.487234
61	0.380203
61	0.41077
61	0.535394
61	0.704986
61	0.935795
61	1.06133
61	1.06446
61	0.967692
61	0.819935
61	0.636804
61	0.535182
61	0.538779
62	0
62	0
62	0
62	0
62	0
62	0
62	0
62	0
62	0
62	0
62	0
62	0
62	0
62	0
62	0
62	0
62	0
62	0
62	0
62	0
62	0
62	0
62	0
62	0
62	0
62	0
62	0
62	0
62	0
62	0
62	0
62	0
62	0
62	0
62	0
62	0
62	0
62	0
62	0
62	0.0102141
62	0.0479141
62	0.255671
62	0.950893
62	2.21304
62	3.67988
62	4.66021
62	4.92466
62	4.46246
62	3.65332
62	2.73767
62	1.83506
62	1.10434
62	0.636305
62	0.408672
62	0.160671
62	0.0810105
62	0.0368957
62	0.0287564
62	0.0545427
62	0.115347
62	0.245945
62	0.312847
62	0.474941
62	0.613432
62	0.75755
62	0.841966
62	0.930479
62	0.920387
62	0.822339
62	0.703975
62	0.536209
62	0.291223
62	0.180447
62	0.154637
62	0.224325
62	0.394216
62	0.704947
62	1.23502
62	1.73305
62	2.2813
62	2.64534
62	2.73827
62	2.58696
62	2.19641
62	1.6952
62	1.2056
62	0.823009
62	0.52841
62	0.405388
62	0.42745
62	0.557732
62	0.768208
62	0.922234
62	1.02336
62	0.976167
62	0.932755
62	0.827929
62	0.686686
62	0.554702
62	0.559938
63	0
63	0
63	0
63	0
63	0
63	0
63	0
63	0
63	0
63	0
63	0
63	0
63	0
63	0
63	0
63	0
63	0
63	0
63	0
63	0
63	0
63	0
63	0
63	0
63	0
63	0
63	0
63	0
63	0
63	0
63	0
63	0
63	0
63	0
63	0
63	0
63	0
63	0
63	0
63	0.00454735
63	0.055567
63	0.239129
63	0.978993
63	2.22786
63	3.58133
63	4.62605
63	4.9818
63	4.56497
63	3.7788
63	2.67739
63	1.80882
63	1.05878
63	0.609573
63	0.345365
63	0.176621
63	0.114534
63	0.0399048
63	0.0320249
63	0.0584659
63	0.0759421
63	0.155255
63	0.248257
63	0.444929
63	0.657666
63	0.836317
63	0.971167
63	0.983228
63	0.964973
63	0.815104
63	0.631591
63	0.4647
63	0.301515
63	0.183437
63	0.18531
63	0.223341
63	0.400535
63	0.672548
63	1.16734
63	1.75479
63	2.32298
63	2.72129
63	2.73597
63	2.55488
63	2.21689
63	1.68422
63	1.16157
63	0.772984
63	0.519385
63	0.385625
63	0.441404
63	0.575738
63	0.75809
63	0.953491
63	1.08339
63	1.02136
63	0.92093
63	0.755487
63	0.620533
63	0.574774
63	0.544016
64	0
64	0
64	0
64	0
64	0
64	0
64	0
64	0
64	0
64	0
64	0
64	0
64	0
64	0
64	0
64	0
64	0
64	0
64	0
64	0
64	0
64	0
64	0
64	0
64	0
64	0
64	0
64	0
64	0
64	0
64	0
64	0
64	0
64	0
64	0
64	0
64	0
64	0
64	0
64	0
64	0.0461173
64	0.281403
64	1.01713
64	2.09934
64	3.6494
64	4.77067
64	4.87423
64	4.44572
64	3.66422
64	2.75945
64	1.75292
64	1.12632
64	0.60993
64	0.335221
64	0.227924
64	0.120559
64	0.0723211
64	0.0413352
64	0.0720537
64	0.143343
64	0.180664
64	0.321707
64	0.470694
64	0.599788
64	0.800948
64	0.857715
64	0.917125
64	0.959462
64	0.79868
64	0.61123
64	0.471354
64	0.331451
64	0.243123
64	0.193089
64	0.284585
64	0.443986
64	0.754562
64	1.21276
64	1.72829
64	2.15995
64	2.60536
64	2.74758
64	2.47915
64	2.14868
64	1.67607
64	1.21449
64	0.81926
64	0.550295
64	0.461916
64	0.474873
64	0.637872
64	0.799747
64	0.896502
64	0.984211
64	1.00059
64	0.911068
64	0.80057
64	0.682357
64	0.616278
64	0.619929
65	0
65	0
65	0
65	0
65	0
65	0
65	0
65	0
65	0
65	0
65	0
65	0
65	0
65	0
65	0
65	0
65	0
65	0
65	0
65	0
65	0
65	0
65	0
65	0
65	0
65	0
65	0
65	0
65	0
65	0
65	0
65	0
65	0
65	0
65	0
65	0
65	0
65	0
65	0
65	0
65	0.0443205
65	0.230383
65	1.03229
65	2.2938
65	3.67845
65	4.51722
65	5.02704
65	4.36797
65	3.63967
65	2.5842
65	1.84006
65	1.18439
65	0.706364
65	0.382739
65	0.192166
65	0.0837746
65	0.0638067
65	0.0466837
65	0.0778589
65	0.126724
65	0.206102
65	0.326036
65	0.463456
65	0.649355
65	0.759334
65	0.859115
65	0.912435
65	0.873765
65	0.772137
65	0.610462
65	0.479546
65	0.360789
65	0.254607
65	0.226712
65	0.274319
65	0.443852
65	0.825534
65	1.25601
65	1.71975
65	2.17702
65	2.46277
65	2.68698
65	2.53288
65	2.12707
65	1.69017
65	1.2167
65	0.81516
65	0.606341
65	0.506863
65	0.504867
65	0.615082
65	0.766278
65	0.894971
65	0.965132
65	0.967207
65	0.904581
65	0.772437
65	0.676248
65	0.643573
65	0.649512
66	0
66	0
66	0
66	0
66	0
66	0
66	0
66	0
66	0
66	0
66	0
66	0
66	0
66	0
66	0
66	0
66	0
66	0
66	0
66	0
66	0
66	0
66	0
66	0
66	0
66	0
66	0
66	0
66	0
66	0
66	0
66	0
66	0
66	0
66	0
66	0
66	0
66	0
66	0
66	0.00272841
66	0.0388636
66	0.237291
66	1.0306
66	2.27459
66	3.50862
66	4.5845
66	4.97216
66	4.37305
66	3.77764
66	2.81046
66	1.85042
66	1.095
66	0.653533
66	0.322865
66	0.16148
66	0.0910748
66	0.0543006
66	0.0597248
66	0.0788795
66	0.128235
66	0.189044
66	0.300985
66	0.492435
66	0.605987
66	0.774815
66	0.871429
66	0.92295
66	0.877934
66	0.821222
66	0.66567
66	0.484114
66	0.331878
66	0.217932
66	0.199575
66	0.265724
66	0.443795
66	0.779519
66	1.20149
66	1.62462
66	2.21216
66	2.58946
66	2.74294
66	2.59142
66	2.16831
66	1.65883
66	1.23484
66	0.834068
66	0.557808
66	0.443979
66	0.464216
66	0.581016
66	0.745509
66	0.902421
66	1.01921
66	1.01082
66	0.919482
66	0.777923
66	0.68184
66	0.64031
66	0.610524
67	0
67	0
67	0
67	0
67	0
67	0
67	0
67	0
67	0
67	0
67	0
67	0
67	0
67	0
67	0
67	0
67	0
67	0
67	0
67	0
67	0
67	0
67	0
67	0
67	0
67	0
67	0
67	0
67	0
67	0
67	0
67	0
67	0
67	0
67	0
67	0
67	0
67	0
67	0
67	0
67	0.0345381
67	0.2776
67	0.941828
67	2.33487
67	3.68292
67	4.50857
67	4.86893
67	4.47363
67	3.72845
67	2.72853
67	1.88865
67	1.12109
67	0.662048
67	0.307877
67	0.164824
67	0.0800182
67	0.0549845
67	0.0405098
67	0.0733934
67	0.108841
67	0.180515
67	0.294521
67	0.443448
67	0.648922
67	0.806432
67	0.888273
67	0.974885
67	0.92192
67	0.793795
67	0.639049
67	0.483675
67	0.314027
67	0.208732
67	0.164679
67	0.242438
67	0.395001
67	0.737346
67	1.17879
67	1.73252
67	2.23526
67	2.76689
67	2.74721
67	2.57785
67	2.12629
67	1.66253
67	1.16725
67	0.793248
67	0.573107
67	0.457317
67	0.474001
67	0.586787
67	0.748899
67	0.929621
67	0.986746
67	0.957331
67	0.924066
67	0.801262
67	0.6662
67	0.574042
67	0.566101
68	0
68	0
68	0
68	0
68	0
68	0
68	0
68	0
68	0
68	0
68	0
68	0
68	0
68	0
68	0
68	0
68	0
68	0
68	0
68	0
68	0
68	0
68	0
68	0
68	0
68	0
68	0
68	0
68	0
68	0
68	0
68	0
68	0
68	0
68	0
68	0
68	0
68	0
68	0
68	0.00202882
68	0.0434554
68	0.298198
68	0.965215
68	2.15697
68	3.51832
68	4.56141
68	4.90537
68	4.69443
68	3.80687
68	2.82013
68	1.87396
68	1.01557
68	0.611751
68	0.321263
68	0.130977
68	0.0880626
68	0.0332711
68	0.0269735
68	0.0404126
68	0.0895087
68	0.177085
68	0.264188
68	0.439201
68	0.615868
68	0.853372
68	0.993277
68	1.03363
68	0.91974
68	0.805357
68	0.616947
68	0.470344
68	0.307558
68	0.21627
68	0.1491
68	0.215356
68	0.384948
68	0.705674
68	1.20025
68	1.72598
68	2.29332
68	2.59502
68	2.78255
68	2.64277
68	2.21769
68	1.75546
68	1.17433
68	0.776996
68	0.498654
68	0.385416
68	0.436553
68	0.57074
68	0.748273
68	0.887099
68	1.01369
68	1.0596
68	0.936059
68	0.809303
68	0.636816
68	0.511274
68	0.538371
69	0
69	0
69	0
69	0
69	0
69	0
69	0
69	0
69	0
69	0
69	0
69	0
69	0
69	0
69	0
69	0
69	0
69	0
69	0
69	0
69	0
69	0
69	0
69	0
69	0
69	0
69	0
69	0
69	0
69	0
69	0
69	0
69	0
69	0
69	0
69	0
69	0
69	0
69	0
69	0.000279837
69	0.040727
69	0.2866
69	1.0025
69	2.15553
69	3.6548
69	4.70408
69	4.85797
69	4.43086
69	3.72845
69	2.74858
69	1.91219
69	1.09183
69	0.614405
69	0.350552
69	0.147257
69	0.0848023
69	0.0457862
69	0.0311005
69	0.0564246
69	0.130147
69	0.198855
69	0.320293
69	0.459572
69	0.606393
69	0.819892
69	0.868402
69	0.906165
69	0.905677
69	0.837577
69	0.672405
69	0.497555
69	0.315714
69	0.227526
69	0.185734
69	0.232526
69	0.402393
69	0.748668
69	1.15491
69	1.67986
69	2.2461
69	2.62667
69	2.72777
69	2.61185
69	2.27661
69	1.75734
69	1.17871
69	0.7518
69	0.499923
69	0.426851
69	0.455904
69	0.571566
69	0.763984
69	0.9224
69	1.00604
69	1.00465
69	0.922845
69	0.797007
69	0.651778
69	0.59714
69	0.563962
70	0
70	0
70	0
70	0
70	0
70	0
70	0
70	0
70	0
70	0
70	0
70	0
70	0
70	0
70	0
70	0
70	0
70	0
70	0
70	0
70	0
70	0
70	0
70	0
70	0
70	0
70	0
70	0
70	0
70	0
70	0
70	0
70	0
70	0
70	0
70	0
70	0
70	0
70	0
70	0.00356792
70	0.0342053
70	0.290466
70	0.990113
70	2.20358
70	3.5692
70	4.67756
70	4.84313
70	4.66328
70	3.66803
70	2.66104
70	1.88415
70	1.07265
70	0.660582
70	0.346967
70	0.169675
70	0.0756239
70	0.0477353
70	0.0551687
70	0.0589763
70	0.117752
70	0.202196
70	0.291029
70	0.461277
70	0.65726
70	0.761302
70	0.848963
70	0.949707
70	0.925658
70	0.812266
70	0.668902
70	0.453411
70	0.331429
70	0.23168
70	0.205455
70	0.22932
70	0.398525
70	0.712389
70	1.17194
70	1.69522
70	2.25087
70	2.63257
70	2.78928
70	2.58816
70	2.23682
70	1.73593
70	1.17191
70	0.771948
70	0.567646
70	0.410753
70	0.433582
70	0.527158
70	0.719823
70	0.913406
70	1.03537
70	1.07363
70	0.963479
70	0.785449
70	0.667831
70	0.591436
70	0.573422
71	0
71	0
71	0
71	0
71	0
71	0
71	0
71	0
71	0
71	0
71	0
71	0
71	0
71	0
71	0
71	0
71	0
71	0
71	0
71	0
71	0
71	0
71	0
71	0
71	0
71	0
71	0
71	0
71	0
71	0
71	0
71	0
71	0
71	0
71	0
71	0
71	0
71	0
71	0
71	0.00706589
71	0.0218941
71	0.303585
71	0.950288
71	2.16602
71	3.69218
71	4.75153
71	4.85156
71	4.42883
71	3.76307
71	2.65293
71	1.79225
71	1.18937
71	0.619355
71	0.325687
71	0.165485
71	0.0970992
71	0.0672945
71	0.0487637
71	0.0621659
71	0.124258
71	0.19981
71	0.327479
71	0.495145
71	0.639826
71	0.820154
71	0.8841
71	0.898143
71	0.886391
71	0.774114
71	0.620428
71	0.458484
71	0.296775
71	0.22925
71	0.229298
71	0.267357
71	0.449674
71	0.751447
71	1.14172
71	1.7062
71	2.19892
71	2.56426
71	2.84393
71	2.62423
71	2.23977
71	1.63828
71	1.15871
71	0.791716
71	0.559662
71	0.448411
71	0.458288
71	0.597049
71	0.747125
71	0.916582
71	0.999769
71	0.979248
71	0.920104
71	0.803899
71	0.707757
71	0.625223
71	0.616963
72	0
72	0
72	0
72	0
72	0
72	0
72	0
72	0
72	0
72	0
72	0
72	0
72	0
72	0
72	0
72	0
72	0
72	0
72	0
72	0
72	0
72	0
72	0
72	0
72	0
72	0
72	0
72	0
72	0
72	0
72	0
72	0
72	0
72	0
72	0
72	0
72	0
72	0
72	0
72	0.00097943
72	0.0399949
72	0.311128
72	0.986366
72	2.19614
72	3.50989
72	4.71268
72	5.03254
72	4.48476
72	3.60404
72	2.73317
72	1.82517
72	1.04718
72	0.638008
72	0.381748
72	0.182096
72	0.0748798
72	0.0606608
72	0.0377366
72	0.0772209
72	0.161751
72	0.219761
72	0.329817
72	0.473516
72	0.63831
72	0.769803
72	0.895473
72	0.902166
72	0.875251
72	0.759784
72	0.660134
72	0.428088
72	0.332881
72	0.261107
72	0.224206
72	0.295343
72	0.495901
72	0.767526
72	1.1558
72	1.7282
72	2.17289
72	2.56853
72	2.68233
72	2.56112
72	2.21425
72	1.66829
72	1.22407
72	0.78073
72	0.542239
72	0.476648
72	0.503027
72	0.588386
72	0.766291
72	0.910191
72	0.944829
72	0.992131
72	0.930397
72	0.777454
72	0.684217
72	0.594541
72	0.632918
73	0
73	0
73	0
73	0
73	0
73	0
73	0
73	0
73	0
73	0
73	0
73	0
73	0
73	0
73	0
73	0
73	0
73	0
73	0
73	0
73	0
73	0
73	0
73	0
73	0
73	0
73	0
73	0
73	0
73	0
73	0
73	0
73	0
73	0
73	0
73	0
73	0
73	0
73	0
73	0.00321813
73	0.049977
73	0.266002
73	0.988723
73	2.22642
73	3.57659
73	4.66491
73	5.03749
73	4.46313
73	3.65387
73	2.66541
73	1.75048
73	1.11875
73	0.651394
73	0.350895
73	0.197495
73	0.108191
73	0.068081
73	0.0479383
73	0.0609857
73	0.104925
73	0.203925
73	0.361304
73	0.45552
73	0.650411
73	0.797957
73	0.89359
73	0.901722
73	0.899831
73	0.775184
73	0.601196
73	0.455036
73	0.351522
73	0.246217
73	0.221862
73	0.293396
73	0.442397
73	0.791401
73	1.232
73	1.72462
73	2.23291
73	2.46244
73	2.67407
73	2.60821
73	2.09119
73	1.6604
73	1.21752
73	0.850655
73	0.583073
73	0.496034
73	0.480283
73	0.59413
73	0.75783
73	0.885632
73	0.966343
73	1.00291
73	0.94002
73	0.785636
73	0.654166
73	0.624728
73	0.60779
74	0
74	0
74	0
74	0
74	0
74	0
74	0
74	0
74	0
74	0
74	0
74	0
74	0
74	0
74	0
74	0
74	0
74	0
74	0
74	0
74	0
74	0
74	0
74	0
74	0
74	0
74	0
74	0
74	0
74	0
74	0
74	0
74	0
74	0
74	0
74	0
74	0
74	0
74	0
74	0.00279837
74	0.0415255
74	0.247685
74	0.99531
74	2.30349
74	3.64064
74	4.53288
74	4.8349
74	4.51558
74	3.76659
74	2.72969
74	1.84131
74	1.15785
74	0.604781
74	0.327517
74	0.177576
74	0.0731079
74	0.0455127
74	0.0353925
74	0.0684176
74	0.130825
74	0.208339
74	0.281014
74	0.446019
74	0.644563
74	0.833667
74	0.901249
74	0.913743
74	0.911858
74	0.786886
74	0.617264
74	0.493514
74	0.355323
74	0.237827
74	0.185411
74	0.235673
74	0.397472
74	0.69245
74	1.16251
74	1.75502
74	2.31237
74	2.58665
74	2.73709
74	2.67055
74	2.16374
74	1.63963
74	1.18767
74	0.794006
74	0.5478
74	0.424872
74	0.434495
74	0.573885
74	0.774088
74	0.94752
74	1.02565
74	1.03566
74	0.889691
74	0.760141
74	0.677029
74	0.595149
74	0.596676
75	0
75	0
75	0
75	0
75	0
75	0
75	0
75	0
75	0
75	0
75	0
75	0
75	0
75	0
75	0
75	0
75	0
75	0
75	0
75	0
75	0
75	0
75	0
75	0
75	0
75	0
75	0
75	0
75	0
75	0
75	0
75	0
75	0
75	0
75	0
75	0
75	0
75	0
75	0
75	0.00209878
75	0.0591606
75	0.246101
75	0.940075
75	2.24794
75	3.56308
75	4.79593
75	4.99059
75	4.52119
75	3.64311
75	2.60081
75	1.80527
75	1.09957
75	0.648741
75	0.350399
75	0.180516
75	0.101387
75	0.0473592
75	0.0483675
75	0.0712882
75	0.117505
75	0.14941
75	0.268979
75	0.447528
75	0.640286
75	0.820758
75	0.937632
75	0.923493
75	0.977215
75	0.818617
75	0.659614
75	0.463931
75	0.318063
75	0.206718
75	0.183087
75	0.22281
75	0.400918
75	0.725819
75	1.18059
75	1.70783
75	2.28588
75	2.68346
75	2.71857
75	2.56452
75	2.15911
75	1.71799
75	1.24136
75	0.803518
75	0.497371
75	0.384008
75	0.427218
75	0.593877
75	0.763214
75	0.942723
75	1.05019
75	1.00191
75	0.908171
75	0.788789
75	0.627101
75	0.560035
75	0.548217
76	0
76	0
76	0
76	0
76	0
76	0
76	0
76	0
76	0
76	0
76	0
76	0
76	0
76	0
76	0
76	0
76	0
76	0
76	0
76	0
76	0
76	0
76	0
76	0
76	0
76	0
76	0
76	0
76	0
76	0
76	0
76	0
76	0
76	0
76	0
76	0
76	0
76	0
76	0.00162009
76	0.00580662
76	0.057031
76	0.237925
76	0.992167
76	2.09501
76	3.7134
76	4.59499
76	4.86832
76	4.68065
76	3.8414
76	2.67445
76	1.75763
76	1.09056
76	0.620821
76	0.321263
76	0.153321
76	0.0786716
76	0.0462308
76	0.0491929
76	0.0619426
76	0.109735
76	0.148008
76	0.280639
76	0.413296
76	0.620524
76	0.80735
76	0.916922
76	1.00228
76	0.971849
76	0.885941
76	0.665964
76	0.494458
76	0.294725
76	0.18242
76	0.153808
76	0.215278
76	0.425641
76	0.736619
76	1.1524
76	1.73341
76	2.33398
76	2.6068
76	2.75254
76	2.54997
76	2.11621
76	1.7179
76	1.23638
76	0.806932
76	0.539031
76	0.399882
76	0.429739
76	0.577084
76	0.770059
76	0.935336
76	0.979154
76	1.00053
76	0.964712
76	0.828246
76	0.619293
76	0.519442
76	0.538636
77	0
77	0
77	0
77	0
77	0
77	0
77	0
77	0
77	0
77	0
77	0
77	0
77	0
77	0
77	0
77	0
77	0
77	0
77	0
77	0
77	0
77	0
77	0
77	0
77	0
77	0
77	0
77	0
77	0
77	0
77	0
77	0
77	0
77	0
77	0
77	0
77	0
77	0
77	0
77	0.00230866
77	0.0559663
77	0.298642
77	0.980927
77	2.0885
77	3.64135
77	4.62626
77	4.95772
77	4.57
77	3.72706
77	2.737
77	1.81224
77	1.13151
77	0.590683
77	0.307915
77	0.172872
77	0.0793449
77	0.0606266
77	0.0488957
77	0.0513849
77	0.0974945
77	0.179203
77	0.292154
77	0.466865
77	0.604823
77	0.780141
77	0.908118
77	0.983524
77	0.986271
77	0.845719
77	0.651637
77	0.43997
77	0.290369
77	0.225637
77	0.195534
77	0.226901
77	0.435522
77	0.733821
77	1.22892
77	1.78373
77	2.25755
77	2.58788
77	2.72649
77	2.55432
77	2.13553
77	1.62977
77	1.19794
77	0.785224
77	0.567233
77	0.446585
77	0.463399
77	0.5695
77	0.773488
77	0.91042
77	1.00341
77	1.00587
77	0.931989
77	0.814613
77	0.650572
77	0.570408
77	0.528216
78	0
78	0
78	0
78	0
78	0
78	0
78	0
78	0
78	0
78	0
78	0
78	0
78	0
78	0
78	0
78	0
78	0
78	0
78	0
78	0
78	0
78	0
78	0
78	0
78	0
78	0
78	0
78	0
78	0
78	0
78	0
78	0
78	0
78	0
78	0
78	0
78	0
78	0
78	0
78	0.00769552
78	0.0405939
78	0.276016
78	0.975911
78	2.18812
78	3.67316
78	4.51648
78	4.90588
78	4.62433
78	3.842
78	2.65316
78	1.78502
78	1.11101
78	0.60395
78	0.334039
78	0.16001
78	0.0928466
78	0.0304672
78	0.0462215
78	0.0605073
78	0.107238
78	0.182423
78	0.289672
78	0.452474
78	0.62223
78	0.782398
78	0.91336
78	0.981821
78	0.960421
78	0.862236
78	0.66384
78	0.45754
78	0.291949
78	0.24387
78	0.181915
78	0.246667
78	0.427671
78	0.72123
78	1.16363
78	1.72988
78	2.24745
78	2.59226
78	2.71121
78	2.51958
78	2.20575
78	1.78638
78	1.2462
78	0.770824
78	0.508834
78	0.41113
78	0.428758
78	0.542111
78	0.739602
78	0.925487
78	1.07924
78	1.069
78	0.94561
78	0.766166
78	0.614838
78	0.501834
78	0.538117
79	0
79	0
79	0
79	0
79	0
79	0
79	0
79	0
79	0
79	0
79	0
79	0
79	0
79	0
79	0
79	0
79	0
79	0
79	0
79	0
79	0
79	0
79	0
79	0
79	0
79	0
79	0
79	0
79	0
79	0
79	0
79	0
79	0
79	0
79	0
79	0
79	0
79	0
79	0
79	0
79	0.0409931
79	0.22696
79	0.975851
79	2.2679
79	3.78688
79	4.73419
79	4.85787
79	4.3431
79	3.60515
79	2.6046
79	1.8003
79	1.14472
79	0.73769
79	0.404782
79	0.193011
79	0.0884524
79	0.0324162
79	0.0313976
79	0.0641754
79	0.113497
79	0.182722
79	0.282515
79	0.470973
79	0.664813
79	0.84857
79	0.915064
79	0.897205
79	0.876353
79	0.796912
79	0.627659
79	0.478448
79	0.367622
79	0.216208
79	0.195554
79	0.301774
79	0.457621
79	0.725614
79	1.19397
79	1.76157
79	2.215
79	2.51998
79	2.6738
79	2.53836
79	2.12944
79	1.78073
79	1.2304
79	0.832974
79	0.528053
79	0.441164
79	0.479138
79	0.585627
79	0.770868
79	0.879457
79	0.999282
79	1.0114
79	0.944987
79	0.775028
79	0.654407
79	0.570993
79	0.57157
80	0
80	0
80	0
80	0
80	0
80	0
80	0
80	0
80	0
80	0
80	0
80	0
80	0
80	0
80	0
80	0
80	0
80	0
80	0
80	0
80	0
80	0
80	0
80	0
80	0
80	0
80	0
80	0
80	0
80	0
80	0
80	0
80	0
80	0
80	0
80	0
80	0
80	0
80	0
80	0.00335804
80	0.0383312
80	0.260424
80	0.969626
80	2.24275
80	3.58882
80	4.61845
80	4.93057
80	4.58858
80	3.74882
80	2.7366
80	1.76931
80	1.09492
80	0.604148
80	0.305208
80	0.178605
80	0.100785
80	0.0651744
80	0.0521973
80	0.0609857
80	0.100578
80	0.165693
80	0.313944
80	0.447556
80	0.626128
80	0.800738
80	0.902012
80	0.933219
80	0.915596
80	0.875449
80	0.674665
80	0.485234
80	0.311956
80	0.187134
80	0.173247
80	0.249833
80	0.402929
80	0.761053
80	1.16498
80	1.79647
80	2.31403
80	2.59332
80	2.56966
80	2.51153
80	2.23981
80	1.73426
80	1.23382
80	0.852727
80	0.504999
80	0.389095
80	0.436457
80	0.615375
80	0.819213
80	0.94766
80	0.984336
80	0.976424
80	0.916609
80	0.75258
80	0.662147
80	0.567326
80	0.55437
81	0
81	0
81	0
81	0
81	0
81	0
81	0
81	0
81	0
81	0
81	0
81	0
81	0
81	0
81	0
81	0
81	0
81	0
81	0
81	0
81	0
81	0
81	0
81	0
81	0
81	0
81	0
81	0
81	0
81	0
81	0
81	0
81	0
81	0
81	0
81	0
81	0
81	0
81	0
81	0.00272841
81	0.0503098
81	0.292621
81	0.956754
81	2.14572
81	3.65618
81	4.55265
81	5.09438
81	4.48863
81	3.78028
81	2.69922
81	1.76199
81	1.13834
81	0.607989
81	0.3287
81	0.164567
81	0.0682883
81	0.0425378
81	0.0369442
81	0.0456755
81	0.0972787
81	0.171657
81	0.317061
81	0.487405
81	0.655879
81	0.780115
81	0.886593
81	0.97723
81	0.942045
81	0.82106
81	0.685015
81	0.493229
81	0.311209
81	0.191703
81	0.156496
81	0.230146
81	0.388069
81	0.716232
81	1.17619
81	1.72129
81	2.25603
81	2.58155
81	2.80437
81	2.63162
81	2.16867
81	1.73637
81	1.26331
81	0.786785
81	0.500351
81	0.361082
81	0.423212
81	0.543791
81	0.780399
81	0.951641
81	1.00925
81	1.04874
81	0.931929
81	0.785144
81	0.644234
81	0.569902
81	0.524964
82	0
82	0
82	0
82	0
82	0
82	0
82	0
82	0
82	0
82	0
82	0
82	0
82	0
82	0
82	0
82	0
82	0
82	0
82	0
82	0
82	0
82	0
82	0
82	0
82	0
82	0
82	0
82	0
82	0
82	0
82	0
82	0
82	0
82	0
82	0
82	0
82	0
82	0
82	0
82	0.00307821
82	0.0431227
82	0.231587
82	0.928775
82	2.3152
82	3.7376
82	4.60469
82	4.70314
82	4.46904
82	3.71378
82	2.88365
82	1.8987
82	1.13389
82	0.619276
82	0.316153
82	0.142553
82	0.0756594
82	0.0292362
82	0.0123477
82	0.0391687
82	0.11177
82	0.169331
82	0.279571
82	0.428666
82	0.620876
82	0.812939
82	1.00839
82	1.03691
82	0.926976
82	0.832877
82	0.656947
82	0.435885
82	0.300148
82	0.172182
82	0.183875
82	0.22047
82	0.379107
82	0.693756
82	1.19547
82	1.71676
82	2.21515
82	2.6514
82	2.80812
82	2.63826
82	2.27856
82	1.73392
82	1.13467
82	0.751071
82	0.522464
82	0.383409
82	0.454813
82	0.580296
82	0.75796
82	0.894256
82	1.00049
82	1.01286
82	0.962199
82	0.810768
82	0.654155
82	0.525697
82	0.516871
83	0
83	0
83	0
83	0
83	0
83	0
83	0
83	0
83	0
83	0
83	0
83	0
83	0
83	0
83	0
83	0
83	0
83	0
83	0
83	0
83	0
83	0
83	0
83	0
83	0
83	0
83	0
83	0
83	0
83	0
83	0
83	0
83	0
83	0
83	0
83	0
83	0
83	0
83	0
83	0
83	0.0322754
83	0.271959
83	0.981108
83	2.28555
83	3.62542
83	4.60454
83	4.83864
83	4.52607
83	3.71754
83	2.70065
83	1.78053
83	1.18505
83	0.672305
83	0.338653
83	0.148764
83	0.0815775
83	0.0591904
83	0.0399156
83	0.0722132
83	0.110814
83	0.170196
83	0.290653
83	0.424334
83	0.604606
83	0.830833
83	0.895829
83	0.960519
83	0.922424
83	0.848394
83	0.672247
83	0.461932
83	0.347977
83	0.219344
83	0.18343
83	0.248515
83	0.443622
83	0.718414
83	1.20402
83	1.77806
83	2.24084
83	2.57579
83	2.68531
83	2.50701
83	2.14357
83	1.72733
83	1.21044
83	0.798981
83	0.546402
83	0.437331
83	0.477871
83	0.582668
83	0.753501
83	0.906555
83	1.00619
83	1.01116
83	0.939063
83	0.799726
83	0.668991
83	0.570667
83	0.570655
84	0
84	0
84	0
84	0
84	0
84	0
84	0
84	0
84	0
84	0
84	0
84	0
84	0
84	0
84	0
84	0
84	0
84	0
84	0
84	0
84	0
84	0
84	0
84	0
84	0
84	0
84	0
84	0
84	0
84	0
84	0
84	0
84	0
84	0
84	0
84	0
84	0
84	0
84	0
84	0.00167902
84	0.0328078
84	0.23146
84	1.08215
84	2.27915
84	3.63149
84	4.51954
84	4.94884
84	4.57416
84	3.62246
84	2.60647
84	1.89656
84	1.11126
84	0.609494
84	0.362946
84	0.198156
84	0.0831722
84	0.0614131
84	0.0425568
84	0.042454
84	0.0918829
84	0.169779
84	0.28947
84	0.492714
84	0.618277
84	0.769121
84	0.939515
84	1.00776
84	0.890033
84	0.819315
84	0.629716
84	0.529927
84	0.325921
84	0.21301
84	0.178177
84	0.239527
84	0.437916
84	0.73078
84	1.20762
84	1.70118
84	2.27291
84	2.65804
84	2.71034
84	2.51103
84	2.16261
84	1.64522
84	1.18083
84	0.779826
84	0.574233
84	0.485986
84	0.461654
84	0.602953
84	0.764935
84	0.918891
84	0.990567
84	1.00235
84	0.895915
84	0.7681
84	0.656658
84	0.55648
84	0.562264
85	0
85	0
85	0
85	0
85	0
85	0
85	0
85	0
85	0
85	0
85	0
85	0
85	0
85	0
85	0
85	0
85	0
85	0
85	0
85	0
85	0
85	0
85	0
85	0
85	0
85	0
85	0
85	0
85	0
85	0
85	0
85	0
85	0
85	0
85	0
85	0
85	0
85	0
85	0.00110461
85	0.00734572
85	0.0352035
85	0.279565
85	1.02142
85	2.19389
85	3.37864
85	4.63559
85	5.19408
85	4.48974
85	3.62176
85	2.76734
85	1.87901
85	1.10714
85	0.675909
85	0.332056
85	0.150418
85	0.0495773
85	0.024449
85	0.0241672
85	0.0454522
85	0.0914512
85	0.161488
85	0.274203
85	0.408518
85	0.634872
85	0.842903
85	1.01012
85	1.00833
85	0.96308
85	0.824968
85	0.598055
85	0.474517
85	0.301088
85	0.206302
85	0.176439
85	0.222102
85	0.396169
85	0.719682
85	1.19279
85	1.63947
85	2.20676
85	2.70034
85	2.80424
85	2.67792
85	2.22956
85	1.68638
85	1.15841
85	0.766725
85	0.518529
85	0.405109
85	0.43489
85	0.581042
85	0.762315
85	0.880822
85	1.0355
85	1.02583
85	0.934981
85	0.767994
85	0.653535
85	0.544295
85	0.533487
86	0
86	0
86	0
86	0
86	0
86	0
86	0
86	0
86	0
86	0
86	0
86	0
86	0
86	0
86	0
86	0
86	0
86	0
86	0
86	0
86	0
86	0
86	0
86	0
86	0
86	0
86	0
86	0
86	0
86	0
86	0
86	0
86	0
86	0
86	0
86	0
86	0
86	0
86	0
86	0.00286833
86	0.0527055
86	0.256115
86	0.964913
86	2.32749
86	3.53965
86	4.54522
86	4.88114
86	4.56797
86	3.86757
86	2.73098
86	1.81447
86	1.07529
86	0.58193
86	0.344374
86	0.189299
86	0.0690325
86	0.032553
86	0.0346001
86	0.0454841
86	0.0980804
86	0.156746
86	0.285545
86	0.418159
86	0.636713
86	0.784129
86	0.949413
86	1.01611
86	1.00098
86	0.891408
86	0.66662
86	0.432679
86	0.282725
86	0.189688
86	0.137967
86	0.239547
86	0.421045
86	0.754115
86	1.15595
86	1.71775
86	2.26232
86	2.60614
86	2.75433
86	2.61448
86	2.22228
86	1.67201
86	1.20203
86	0.791162
86	0.515977
86	0.400189
86	0.443421
86	0.567794
86	0.763632
86	0.945223
86	1.03836
86	0.983636
86	0.931798
86	0.803899
86	0.615745
86	0.559315
86	0.546729
87	0
87	0
87	0
87	0
87	0
87	0
87	0
87	0
87	0
87	0
87	0
87	0
87	0
87	0
87	0
87	0
87	0
87	0
87	0
87	0
87	0
87	0
87	0
87	0
87	0
87	0
87	0
87	0
87	0
87	0
87	0
87	0
87	0
87	0
87	0
87	0
87	0
87	0
87	0
87	0.00209878
87	0.0452522
87	0.207249
87	0.997908
87	2.29605
87	3.60111
87	4.50135
87	4.96131
87	4.75205
87	3.71439
87	2.66919
87	1.79966
87	1.01907
87	0.618365
87	0.347196
87	0.172946
87	0.0933073
87	0.048214
87	0.0335106
87	0.0325023
87	0.0713788
87	0.15272
87	0.288749
87	0.449484
87	0.616545
87	0.788879
87	0.992997
87	1.07663
87	0.973717
87	0.802705
87	0.663817
87	0.455497
87	0.28185
87	0.202523
87	0.166983
87	0.21335
87	0.425947
87	0.757901
87	1.17198
87	1.71254
87	2.20545
87	2.55055
87	2.77658
87	2.6427
87	2.27119
87	1.75519
87	1.21328
87	0.726649
87	0.47982
87	0.390572
87	0.443189
87	0.604419
87	0.760972
87	0.918636
87	1.04004
87	0.992363
87	0.897615
87	0.793736
87	0.636345
87	0.521838
87	0.535107
88	0
88	0
88	0
88	0
88	0
88	0
88	0
88	0
88	0
88	0
88	0
88	0
88	0
88	0
88	0
88	0
88	0
88	0
88	0
88	0
88	0
88	0
88	0
88	0
88	0
88	0
88	0
88	0
88	0
88	0
88	0
88	0
88	0
88	0
88	0
88	0
88	0
88	0
88	0
88	0.0037778
88	0.0350704
88	0.245403
88	1.01308
88	2.22486
88	3.6731
88	4.57069
88	5.00609
88	4.50271
88	3.68988
88	2.66193
88	1.74513
88	1.1299
88	0.679235
88	0.360467
88	0.165118
88	0.0925986
88	0.0440765
88	0.0480043
88	0.0405721
88	0.0547597
88	0.147173
88	0.308403
88	0.456163
88	0.638689
88	0.811758
88	0.954247
88	1.03173
88	0.956396
88	0.830714
88	0.656043
88	0.429736
88	0.297522
88	0.196812
88	0.175065
88	0.223027
88	0.431367
88	0.804886
88	1.26706
88	1.76552
88	2.22444
88	2.5423
88	2.63209
88	2.5341
88	2.18304
88	1.68682
88	1.19506
88	0.839072
88	0.542168
88	0.419854
88	0.434686
88	0.608591
88	0.777595
88	0.943565
88	1.01328
88	1.0094
88	0.921876
88	0.774957
88	0.619959
88	0.554038
88	0.563279
89	0
89	0
89	0
89	0
89	0
89	0
89	0
89	0
89	0
89	0
89	0
89	0
89	0
89	0
89	0
89	0
89	0
89	0
89	0
89	0
89	0
89	0
89	0
89	0
89	0
89	0
89	0
89	0
89	0
89	0
89	0
89	0
89	0
89	0
89	0
89	0
89	0
89	0
89	0
89	0.00265845
89	0.0482468
89	0.268283
89	0.922973
89	2.15679
89	3.6693
89	4.81644
89	4.91406
89	4.4672
89	3.64756
89	2.60184
89	1.79101
89	1.13826
89	0.668028
89	0.354366
89	0.223073
89	0.114747
89	0.0430507
89	0.0295487
89	0.0751477
89	0.120095
89	0.209711
89	0.344796
89	0.460159
89	0.613838
89	0.747343
89	0.907253
89	0.927368
89	0.873406
89	0.77751
89	0.667998
89	0.491537
89	0.3196
89	0.242417
89	0.218427
89	0.305078
89	0.479394
89	0.804569
89	1.23882
89	1.72956
89	2.15719
89	2.55818
89	2.61952
89	2.43258
89	2.14563
89	1.69029
89	1.19973
89	0.870934
89	0.59954
89	0.454558
89	0.441636
89	0.578163
89	0.773515
89	0.952164
89	1.03372
89	1.0361
89	0.898812
89	0.798988
89	0.669668
89	0.593574
89	0.582475
90	0
90	0
90	0
90	0
90	0
90	0
90	0
90	0
90	0
90	0
90	0
90	0
90	0
90	0
90	0
90	0
90	0
90	0
90	0
90	0
90	0
90	0
90	0
90	0
90	0
90	0
90	0
90	0
90	0
90	0
90	0
90	0
90	0
90	0
90	0
90	0
90	0
90	0
90	0
90	0.00629633
90	0.0466497
90	0.251995
90	1.01145
90	2.24482
90	3.72619
90	4.61861
90	4.8242
90	4.39318
90	3.65879
90	2.77874
90	1.83142
90	1.10986
90	0.641216
90	0.330111
90	0.199773
90	0.0979851
90	0.0658241
90	0.0543763
90	0.0685451
90	0.110414
90	0.190296
90	0.341794
90	0.467871
90	0.615922
90	0.762771
90	0.900994
90	0.93855
90	0.896741
90	0.790142
90	0.632315
90	0.497994
90	0.332348
90	0.229603
90	0.220165
90	0.296503
90	0.478034
90	0.80317
90	1.21774
90	1.69056
90	2.18861
90	2.54282
90	2.64077
90	2.53111
90	2.1545
90	1.61294
90	1.22791
90	0.839276
90	0.589374
90	0.443561
90	0.475704
90	0.616774
90	0.777843
90	0.93156
90	1.03572
90	1.01545
90	0.886101
90	0.739357
90	0.659012
90	0.625493
90	0.62058
91	0
91	0
91	0
91	0
91	0
91	0
91	0
91	0
91	0
91	0
91	0
91	0
91	0
91	0
91	0
91	0
91	0
91	0
91	0
91	0
91	0
91	0
91	0
91	0
91	0
91	0
91	0
91	0
91	0
91	0
91	0
91	0
91	0
91	0
91	0
91	0
91	0
91	0
91	0
91	0
91	0.0434554
91	0.24027
91	0.904179
91	2.4008
91	3.74305
91	4.6967
91	4.90315
91	4.24543
91	3.5044
91	2.74083
91	1.9258
91	1.1029
91	0.649929
91	0.354976
91	0.213665
91	0.112869
91	0.0656532
91	0.051702
91	0.0712563
91	0.1225
91	0.180306
91	0.309874
91	0.451133
91	0.662809
91	0.819997
91	0.816116
91	0.941364
91	0.92688
91	0.810824
91	0.618575
91	0.442737
91	0.311828
91	0.246279
91	0.238553
91	0.310644
91	0.456855
91	0.80511
91	1.26986
91	1.73206
91	2.14279
91	2.48639
91	2.71518
91	2.42725
91	2.11899
91	1.68714
91	1.18582
91	0.860007
91	0.597743
91	0.492076
91	0.524463
91	0.633554
91	0.744726
91	0.909234
91	1.0049
91	0.986777
91	0.901936
91	0.775192
91	0.684596
91	0.586486
91	0.620591
92	0
92	0
92	0
92	0
92	0
92	0
92	0
92	0
92	0
92	0
92	0
92	0
92	0
92	0
92	0
92	0
92	0
92	0
92	0
92	0
92	0
92	0
92	0
92	0
92	0
92	0
92	0
92	0
92	0
92	0
92	0
92	0
92	0
92	0
92	0
92	0
92	0
92	0
92	0
92	0.00279837
92	0.0297466
92	0.274178
92	0.947267
92	2.23484
92	3.67608
92	4.70282
92	4.97509
92	4.4194
92	3.64496
92	2.58901
92	1.78832
92	1.16529
92	0.729492
92	0.350399
92	0.173791
92	0.0757303
92	0.0665764
92	0.0539471
92	0.053841
92	0.101164
92	0.197394
92	0.310769
92	0.469045
92	0.665381
92	0.827449
92	0.919339
92	0.908263
92	0.839817
92	0.770229
92	0.644654
92	0.473726
92	0.312554
92	0.251076
92	0.200525
92	0.266924
92	0.471332
92	0.825441
92	1.25158
92	1.72147
92	2.17762
92	2.50457
92	2.69707
92	2.57754
92	2.1729
92	1.62592
92	1.14748
92	0.812316
92	0.573221
92	0.50041
92	0.486933
92	0.598955
92	0.782889
92	0.91981
92	0.982126
92	1.02732
92	0.911882
92	0.745195
92	0.688064
92	0.616469
92	0.586278
93	0
93	0
93	0
93	0
93	0
93	0
93	0
93	0
93	0
93	0
93	0
93	0
93	0
93	0
93	0
93	0
93	0
93	0
93	0
93	0
93	0
93	0
93	0
93	0
93	0
93	0
93	0
93	0
93	0
93	0
93	0
93	0
93	0
93	0
93	0
93	0
93	0
93	0
93	0
93	0.00258849
93	0.0586282
93	0.286663
93	0.942553
93	2.18823
93	3.65524
93	4.63828
93	4.78603
93	4.56439
93	3.74924
93	2.83238
93	1.75356
93	1.10274
93	0.615553
93	0.355281
93	0.185624
93	0.0739938
93	0.0389816
93	0.0319589
93	0.0497582
93	0.103445
93	0.191072
93	0.300091
93	0.514483
93	0.651142
93	0.81105
93	0.88293
93	0.961531
93	0.906228
93	0.801448
93	0.626891
93	0.474692
93	0.294789
93	0.229437
93	0.200707
93	0.237561
93	0.43219
93	0.756353
93	1.22157
93	1.72033
93	2.22678
93	2.60216
93	2.7614
93	2.58242
93	2.14619
93	1.71648
93	1.1535
93	0.780599
93	0.521908
93	0.433415
93	0.448722
93	0.57074
93	0.806006
93	0.926355
93	1.0318
93	1.02861
93	0.920104
93	0.765498
93	0.630351
93	0.584281
93	0.592221
94	0
94	0
94	0
94	0
94	0
94	0
94	0
94	0
94	0
94	0
94	0
94	0
94	0
94	0
94	0
94	0
94	0
94	0
94	0
94	0
94	0
94	0
94	0
94	0
94	0
94	0
94	0
94	0
94	0
94	0
94	0
94	0
94	0
94	0
94	0
94	0
94	0
94	0
94	0
94	0.00300825
94	0.0463169
94	0.271579
94	0.961891
94	2.11463
94	3.66627
94	4.73029
94	4.98993
94	4.56865
94	3.56547
94	2.68795
94	1.78827
94	1.12801
94	0.697453
94	0.363938
94	0.134211
94	0.0732142
94	0.0394261
94	0.0421276
94	0.0495031
94	0.0970012
94	0.184899
94	0.303063
94	0.419137
94	0.635657
94	0.807481
94	0.947326
94	1.0104
94	0.932941
94	0.801425
94	0.65584
94	0.478009
94	0.299593
94	0.207195
94	0.16377
94	0.234906
94	0.423324
94	0.736432
94	1.19464
94	1.78786
94	2.20653
94	2.59128
94	2.76445
94	2.59328
94	2.21033
94	1.65281
94	1.2055
94	0.795086
94	0.502333
94	0.389973
94	0.469994
94	0.583268
94	0.750932
94	0.91139
94	1.04587
94	1.04407
94	0.957411
94	0.778158
94	0.64893
94	0.537634
94	0.537765
95	0
95	0
95	0
95	0
95	0
95	0
95	0
95	0
95	0
95	0
95	0
95	0
95	0
95	0
95	0
95	0
95	0
95	0
95	0
95	0
95	0
95	0
95	0
95	0
95	0
95	0
95	0
95	0
95	0
95	0
95	0
95	0
95	0
95	0
95	0
95	0
95	0
95	0
95	0
95	0.00426751
95	0.0560328
95	0.290783
95	0.928472
95	2.16187
95	3.48889
95	4.82894
95	4.91481
95	4.66894
95	3.7407
95	2.58816
95	1.76923
95	1.06006
95	0.638761
95	0.358942
95	0.182758
95	0.10284
95	0.046983
95	0.0511738
95	0.0538728
95	0.1003
95	0.166319
95	0.287306
95	0.454319
95	0.633681
95	0.852165
95	0.973406
95	0.935514
95	0.955701
95	0.806148
95	0.601422
95	0.456683
95	0.310632
95	0.206572
95	0.170802
95	0.233549
95	0.435062
95	0.744602
95	1.18733
95	1.69472
95	2.29432
95	2.67374
95	2.78429
95	2.53164
95	2.15525
95	1.67441
95	1.12259
95	0.792343
95	0.567361
95	0.454335
95	0.452974
95	0.586427
95	0.802863
95	0.94271
95	0.973485
95	0.984797
95	0.908435
95	0.796714
95	0.632073
95	0.548987
95	0.56727
96	0
96	0
96	0
96	0
96	0
96	0
96	0
96	0
96	0
96	0
96	0
96	0
96	0
96	0
96	0
96	0
96	0
96	0
96	0
96	0
96	0
96	0
96	0
96	0
96	0
96	0
96	0
96	0
96	0
96	0
96	0
96	0
96	0
96	0
96	0
96	0
96	0
96	0
96	0
96	0
96	0.0322754
96	0.245467
96	0.973373
96	2.30683
96	3.71362
96	4.62489
96	4.80557
96	4.47682
96	3.63963
96	2.74038
96	1.88496
96	1.10788
96	0.647949
96	0.319852
96	0.188197
96	0.0911456
96	0.0491715
96	0.045132
96	0.0509065
96	0.115162
96	0.210188
96	0.300928
96	0.453229
96	0.644157
96	0.77513
96	0.904811
96	1.01591
96	0.913823
96	0.734775
96	0.60314
96	0.467071
96	0.346013
96	0.243164
96	0.17848
96	0.263541
96	0.425449
96	0.769932
96	1.22739
96	1.75824
96	2.21785
96	2.64369
96	2.69648
96	2.50443
96	2.12534
96	1.72707
96	1.20243
96	0.789513
96	0.549396
96	0.463895
96	0.465307
96	0.572312
96	0.771585
96	0.944777
96	0.993751
96	1.03027
96	0.866592
96	0.756284
96	0.662216
96	0.607199
96	0.625321
97	0
97	0
97	0
97	0
97	0
97	0
97	0
97	0
97	0
97	0
97	0
97	0
97	0
97	0
97	0
97	0
97	0
97	0
97	0
97	0
97	0
97	0
97	0
97	0
97	0
97	0
97	0
97	0
97	0
97	0
97	0
97	0
97	0
97	0
97	0
97	0
97	0
97	0
97	0
97	0.00104939
97	0.0291477
97	0.273987
97	0.999601
97	2.24061
97	3.68562
97	4.64745
97	4.86817
97	4.42695
97	3.72849
97	2.65227
97	1.80043
97	1.18073
97	0.671592
97	0.347997
97	0.172284
97	0.0609528
97	0.0417171
97	0.0468818
97	0.0587211
97	0.139736
97	0.193428
97	0.322717
97	0.478183
97	0.635928
97	0.754795
97	0.872142
97	0.937711
97	0.920267
97	0.807241
97	0.665467
97	0.477921
97	0.321778
97	0.215772
97	0.182642
97	0.249282
97	0.421753
97	0.759207
97	1.25828
97	1.69644
97	2.32173
97	2.54434
97	2.66869
97	2.56531
97	2.19662
97	1.69326
97	1.17993
97	0.759868
97	0.55105
97	0.45085
97	0.499757
97	0.609297
97	0.732588
97	0.903008
97	0.974971
97	1.03703
97	0.920691
97	0.82773
97	0.666522
97	0.587746
97	0.577733
98	0
98	0
98	0
98	0
98	0
98	0
98	0
98	0
98	0
98	0
98	0
98	0
98	0
98	0
98	0
98	0
98	0
98	0
98	0
98	0
98	0
98	0
98	0
98	0
98	0
98	0
98	0
98	0
98	0
98	0
98	0
98	0
98	0
98	0
98	0
98	0
98	0
98	0
98	0
98	0.00230866
98	0.0367341
98	0.254467
98	0.972527
98	2.21079
98	3.61964
98	4.65215
98	4.94581
98	4.59463
98	3.80822
98	2.53711
98	1.78763
98	1.16258
98	0.673335
98	0.326526
98	0.162729
98	0.0714777
98	0.0292362
98	0.02803
98	0.0437617
98	0.0896629
98	0.193875
98	0.307075
98	0.472287
98	0.613025
98	0.740338
98	0.916184
98	1.0416
98	0.947172
98	0.823874
98	0.668721
98	0.488397
98	0.318042
98	0.179367
98	0.165528
98	0.189022
98	0.384297
98	0.689503
98	1.23117
98	1.76251
98	2.2699
98	2.585
98	2.77514
98	2.64907
98	2.23184
98	1.71975
98	1.19967
98	0.771627
98	0.486093
98	0.398391
98	0.415608
98	0.534914
98	0.750189
98	0.940605
98	1.04532
98	1.04298
98	0.95789
98	0.811284
98	0.643981
98	0.554848
98	0.531667
99	0
99	0
99	0
99	0
99	0
99	0
99	0
99	0
99	0
99	0
99	0
99	0
99	0
99	0
99	0
99	0
99	0
99	0
99	0
99	0
99	0
99	0
99	0
99	0
99	0
99	0
99	0
99	0
99	0
99	0
99	0
99	0
99	0
99	0
99	0
99	0
99	0
99	0
99	0
99	0
99	0.0557001
99	0.294586
99	0.930829
99	2.21217
99	3.62575
99	4.64893
99	4.89457
99	4.54281
99	3.74344
99	2.7059
99	1.82016
99	1.12937
99	0.656701
99	0.343192
99	0.139907
99	0.0684301
99	0.0434268
99	0.0510748
99	0.0569349
99	0.0994987
99	0.181708
99	0.255444
99	0.413827
99	0.615164
99	0.808111
99	0.943026
99	1.06207
99	0.961954
99	0.812941
99	0.634123
99	0.448469
99	0.321394
99	0.185078
99	0.176358
99	0.237915
99	0.408502
99	0.70379
99	1.16445
99	1.75876
99	2.2998
99	2.5468
99	2.76966
99	2.63173
99	2.25224
99	1.69748
99	1.17771
99	0.758511
99	0.520725
99	0.379534
99	0.417829
99	0.565222
99	0.747608
99	0.918317
99	1.06297
99	1.05805
99	0.974215
99	0.832372
99	0.621877
99	0.556727
99	0.559905
100	0
100	0
100	0
100	0
100	0
100	0
100	0
100	0
100	0
100	0
100	0
100	0
100	0
100	0
100	0
100	0
100	0
100	0
100	0
100	0
100	0
100	0
100	0
100	0
100	0
100	0
100	0
100	0
100	0
100	0
100	0
100	0
100	0
100	0
100	0
100	0
100	0
100	0
100	0
100	0.00097943
100	0.0425237
100	0.270755
100	0.98274
100	2.18275
100	3.58794
100	4.66696
100	5.1541
100	4.42932
100	3.68506
100	2.7006
100	1.80659
100	1.12616
100	0.647117
100	0.329882
100	0.165963
100	0.0682529
100	0.0274239
100	0.0272047
100	0.0367445
100	0.0892004
100	0.153585
100	0.263698
100	0.431572
100	0.625938
100	0.816166
100	1.04388
100	1.06757
100	0.96744
100	0.785536
100	0.616382
100	0.431734
100	0.285159
100	0.200674
100	0.168963
100	0.2092
100	0.377613
100	0.696945
100	1.12472
100	1.71601
100	2.29626
100	2.74112
100	2.82516
100	2.64248
100	2.21926
100	1.71958
100	1.18108
100	0.735052
100	0.469284
100	0.364399
100	0.40566
100	0.559984
100	0.777765
100	0.942098
100	1.06249
100	1.03507
100	0.952133
100	0.788121
100	0.651054
100	0.505254
100	0.53105
