1	0
1	0
1	0
1	0
1	0
1	0
1	0
1	0
1	0
1	0
1	0
1	0
1	0
1	0
1	0
1	0
1	0
1	0
1	0
1	0
1	0
1	0
1	0
1	0
1	0
1	0
1	0
1	0
1	0
1	0
1	0
1	0
1	0
1	0
1	0
1	0.0323928
1	0.155096
1	0.468205
1	1.19202
1	1.80418
1	2.24178
1	2.53598
1	2.62636
1	2.38344
1	2.27306
1	2.03432
1	1.85816
1	1.53575
1	1.38709
1	1.26025
1	1.14012
1	1.05849
1	1.02038
1	0.932708
1	0.807692
1	0.755035
1	0.745676
1	0.685927
1	0.689981
1	0.641176
1	0.632443
1	0.606358
1	0.568247
1	0.655338
1	0.664693
1	0.71788
1	0.768923
1	0.771226
1	0.842392
1	0.856698
1	0.919187
1	0.968623
1	1.05006
1	1.05657
1	1.08353
1	1.0814
1	1.06725
1	1.13425
1	1.21212
1	1.24323
1	1.22984
1	1.16346
1	1.13998
1	1.20006
1	1.21382
1	1.21347
1	1.17408
1	1.12585
1	1.03841
1	1.01585
1	1.02897
1	0.983481
1	0.971951
1	0.920955
1	0.908413
1	0.913809
1	0.863529
1	0.83215
1	0.854605
1	0.843391
2	0
2	0
2	0
2	0
2	0
2	0
2	0
2	0
2	0
2	0
2	0
2	0
2	0
2	0
2	0
2	0
2	0
2	0
2	0
2	0
2	0
2	0
2	0
2	0
2	0
2	0
2	0
2	0
2	0
2	0
2	0
2	0
2	0
2	0
2	0
2	0.0476365
2	0.160749
2	0.573457
2	1.19614
2	1.77787
2	2.33508
2	2.67123
2	2.46737
2	2.39757
2	2.22185
2	2.04692
2	1.71499
2	1.5627
2	1.35094
2	1.18571
2	1.09766
2	1.02635
2	0.892103
2	0.816811
2	0.877149
2	0.794583
2	0.803772
2	0.716268
2	0.661561
2	0.710952
2	0.696292
2	0.701943
2	0.721466
2	0.713865
2	0.716933
2	0.735588
2	0.775958
2	0.729755
2	0.823363
2	0.848178
2	0.876426
2	0.954894
2	1.00491
2	0.946693
2	0.998014
2	1.07097
2	1.05143
2	1.11487
2	1.14789
2	1.16159
2	1.23294
2	1.29179
2	1.23858
2	1.22381
2	1.25488
2	1.22029
2	1.15672
2	1.17681
2	1.08044
2	1.01871
2	1.00458
2	0.968122
2	0.960112
2	0.909206
2	0.871901
2	0.897854
2	0.902259
2	0.892401
2	0.882789
2	0.885796
3	0
3	0
3	0
3	0
3	0
3	0
3	0
3	0
3	0
3	0
3	0
3	0
3	0
3	0
3	0
3	0
3	0
3	0
3	0
3	0
3	0
3	0
3	0
3	0
3	0
3	0
3	0
3	0
3	0
3	0
3	0
3	0
3	0
3	0
3	0
3	0.0297945
3	0.182625
3	0.605825
3	1.22597
3	1.85952
3	2.232
3	2.61375
3	2.65029
3	2.49137
3	2.0867
3	1.88595
3	1.71201
3	1.50184
3	1.40635
3	1.19431
3	1.1373
3	1.08257
3	0.996497
3	0.880728
3	0.747348
3	0.801989
3	0.801652
3	0.747137
3	0.691001
3	0.671146
3	0.70336
3	0.637671
3	0.694137
3	0.65929
3	0.71284
3	0.754925
3	0.724962
3	0.717417
3	0.810661
3	0.804721
3	0.843944
3	0.922459
3	0.984203
3	1.01653
3	1.07879
3	1.07413
3	1.079
3	1.21443
3	1.24914
3	1.23928
3	1.2344
3	1.19891
3	1.20059
3	1.19303
3	1.16114
3	1.12904
3	1.07271
3	1.07813
3	1.04665
3	1.03368
3	1.02686
3	1.02237
3	0.973661
3	0.965819
3	0.894967
3	0.910888
3	0.920065
3	0.939951
3	0.917802
3	0.934343
4	0
4	0
4	0
4	0
4	0
4	0
4	0
4	0
4	0
4	0
4	0
4	0
4	0
4	0
4	0
4	0
4	0
4	0
4	0
4	0
4	0
4	0
4	0
4	0
4	0
4	0
4	0
4	0
4	0
4	0
4	0
4	0
4	0
4	0
4	0.00146728
4	0.0188814
4	0.189425
4	0.611724
4	1.22523
4	1.99503
4	2.40821
4	2.66293
4	2.39352
4	2.53913
4	2.10659
4	1.89981
4	1.75588
4	1.47392
4	1.33423
4	1.22082
4	1.07344
4	0.960255
4	0.952379
4	0.971912
4	0.865352
4	0.752164
4	0.713602
4	0.669981
4	0.649568
4	0.672379
4	0.748392
4	0.644655
4	0.659625
4	0.663838
4	0.776652
4	0.758436
4	0.754878
4	0.828725
4	0.87852
4	0.870257
4	0.912488
4	0.933285
4	1.02115
4	0.984196
4	1.04927
4	1.02114
4	1.06121
4	1.09106
4	1.13956
4	1.22182
4	1.25952
4	1.23529
4	1.23277
4	1.23912
4	1.20177
4	1.1192
4	1.06422
4	1.07517
4	1.07993
4	1.04042
4	1.02259
4	0.989909
4	0.950071
4	0.943143
4	0.890285
4	0.88889
4	0.908401
4	0.903941
4	0.935454
4	0.942249
5	0
5	0
5	0
5	0
5	0
5	0
5	0
5	0
5	0
5	0
5	0
5	0
5	0
5	0
5	0
5	0
5	0
5	0
5	0
5	0
5	0
5	0
5	0
5	0
5	0
5	0
5	0
5	0
5	0
5	0
5	0
5	0
5	0
5	0
5	0
5	0.023212
5	0.16927
5	0.565695
5	1.15512
5	1.85518
5	2.26753
5	2.48972
5	2.60545
5	2.39025
5	2.21607
5	2.16128
5	1.91162
5	1.6403
5	1.34546
5	1.14482
5	1.08247
5	1.00569
5	0.915904
5	0.825162
5	0.853923
5	0.811947
5	0.699104
5	0.68289
5	0.690045
5	0.634177
5	0.620037
5	0.667138
5	0.670579
5	0.688879
5	0.701794
5	0.722968
5	0.770997
5	0.806612
5	0.828015
5	0.845783
5	0.906602
5	0.950111
5	1.00227
5	1.01402
5	1.07183
5	1.12294
5	1.10554
5	1.13781
5	1.15791
5	1.16152
5	1.18791
5	1.23925
5	1.21759
5	1.15852
5	1.17653
5	1.16448
5	1.16978
5	1.18521
5	1.11506
5	1.05494
5	1.09233
5	0.988957
5	0.943642
5	0.876616
5	0.850082
5	0.847992
5	0.872508
5	0.877542
5	0.841194
5	0.823467
6	0
6	0
6	0
6	0
6	0
6	0
6	0
6	0
6	0
6	0
6	0
6	0
6	0
6	0
6	0
6	0
6	0
6	0
6	0
6	0
6	0
6	0
6	0
6	0
6	0
6	0
6	0
6	0
6	0
6	0
6	0
6	0
6	0
6	0
6	0
6	0.0160232
6	0.156325
6	0.552112
6	1.21013
6	1.95109
6	2.37294
6	2.68885
6	2.42325
6	2.33712
6	2.15212
6	2.00136
6	1.75785
6	1.51055
6	1.35618
6	1.31353
6	1.2699
6	1.0559
6	0.977329
6	0.851782
6	0.744077
6	0.689723
6	0.702865
6	0.717457
6	0.661465
6	0.623262
6	0.663697
6	0.66076
6	0.665466
6	0.73517
6	0.731023
6	0.736886
6	0.764456
6	0.774484
6	0.807055
6	0.814755
6	0.92516
6	0.940566
6	1.03041
6	1.01493
6	1.04826
6	1.06832
6	1.19543
6	1.2768
6	1.24397
6	1.21486
6	1.20204
6	1.2124
6	1.14144
6	1.12373
6	1.13813
6	1.12668
6	1.10478
6	1.11332
6	1.07768
6	1.03485
6	0.998311
6	0.989231
6	0.968264
6	0.975845
6	0.932236
6	0.934934
6	0.905987
6	0.860364
6	0.880122
6	0.873006
7	0
7	0
7	0
7	0
7	0
7	0
7	0
7	0
7	0
7	0
7	0
7	0
7	0
7	0
7	0
7	0
7	0
7	0
7	0
7	0
7	0
7	0
7	0
7	0
7	0
7	0
7	0
7	0
7	0
7	0
7	0
7	0
7	0
7	0
7	0.00110046
7	0.0219128
7	0.162797
7	0.58285
7	1.21698
7	1.80418
7	2.31185
7	2.56324
7	2.41636
7	2.49379
7	2.21386
7	1.96894
7	1.74376
7	1.45041
7	1.4225
7	1.21414
7	1.12476
7	1.02886
7	0.88442
7	0.861888
7	0.849293
7	0.778778
7	0.75973
7	0.686191
7	0.70427
7	0.728311
7	0.69337
7	0.718163
7	0.696959
7	0.699112
7	0.730105
7	0.731186
7	0.742537
7	0.775323
7	0.772579
7	0.856133
7	0.895292
7	0.948445
7	1.02875
7	1.02596
7	1.05401
7	1.10101
7	1.12145
7	1.19088
7	1.19743
7	1.22797
7	1.23181
7	1.17718
7	1.16925
7	1.11653
7	1.12148
7	1.12997
7	1.13589
7	1.04551
7	0.992556
7	1.03441
7	1.00909
7	1.02683
7	0.990998
7	0.939997
7	0.94391
7	0.956202
7	0.895718
7	0.910647
7	0.914404
7	0.888509
8	0
8	0
8	0
8	0
8	0
8	0
8	0
8	0
8	0
8	0
8	0
8	0
8	0
8	0
8	0
8	0
8	0
8	0
8	0
8	0
8	0
8	0
8	0
8	0
8	0
8	0
8	0
8	0
8	0
8	0
8	0
8	0
8	0
8	0
8	0.00385162
8	0.0244245
8	0.150917
8	0.610172
8	1.21868
8	1.94123
8	2.34679
8	2.5337
8	2.40983
8	2.4792
8	2.19931
8	1.92992
8	1.75684
8	1.63686
8	1.33948
8	1.1356
8	1.10721
8	1.03302
8	0.953052
8	0.883206
8	0.854768
8	0.793484
8	0.764654
8	0.744727
8	0.756995
8	0.673644
8	0.703122
8	0.709014
8	0.641965
8	0.648218
8	0.664378
8	0.729202
8	0.743746
8	0.723694
8	0.784652
8	0.856314
8	0.948221
8	1.07391
8	1.0674
8	1.01109
8	1.0711
8	1.05936
8	1.10297
8	1.09634
8	1.15995
8	1.18992
8	1.22052
8	1.16801
8	1.14635
8	1.19488
8	1.15433
8	1.16091
8	1.17684
8	1.0594
8	1.01874
8	1.01548
8	1.01311
8	0.990235
8	0.986482
8	0.952196
8	0.951207
8	0.942953
8	0.951738
8	0.97293
8	0.914111
8	0.898685
9	0
9	0
9	0
9	0
9	0
9	0
9	0
9	0
9	0
9	0
9	0
9	0
9	0
9	0
9	0
9	0
9	0
9	0
9	0
9	0
9	0
9	0
9	0
9	0
9	0
9	0
9	0
9	0
9	0
9	0
9	0
9	0
9	0
9	0
9	0
9	0.0230387
9	0.187131
9	0.596821
9	1.32914
9	2.10668
9	2.43224
9	2.47926
9	2.5249
9	2.30026
9	2.08824
9	1.9498
9	1.69676
9	1.51664
9	1.28551
9	1.16242
9	1.13473
9	0.979351
9	0.921449
9	0.814065
9	0.803392
9	0.77371
9	0.754635
9	0.76414
9	0.720793
9	0.758959
9	0.734376
9	0.701828
9	0.764025
9	0.692966
9	0.720239
9	0.716887
9	0.769713
9	0.77022
9	0.837925
9	0.86463
9	0.859032
9	0.886908
9	1.00107
9	1.03493
9	1.09938
9	1.10276
9	1.13977
9	1.17439
9	1.15581
9	1.15974
9	1.15828
9	1.12242
9	1.20047
9	1.27381
9	1.16851
9	1.14493
9	1.0549
9	1.09127
9	1.10461
9	1.03272
9	1.00939
9	0.986049
9	0.949944
9	0.940359
9	0.986227
9	0.981002
9	0.929442
9	0.887567
9	0.89971
9	0.861142
10	0
10	0
10	0
10	0
10	0
10	0
10	0
10	0
10	0
10	0
10	0
10	0
10	0
10	0
10	0
10	0
10	0
10	0
10	0
10	0
10	0
10	0
10	0
10	0
10	0
10	0
10	0
10	0
10	0
10	0
10	0
10	0
10	0
10	0
10	0
10	0.0129918
10	0.15698
10	0.489938
10	1.11506
10	1.84748
10	2.37687
10	2.5299
10	2.61464
10	2.40778
10	2.16706
10	1.96366
10	1.71085
10	1.50271
10	1.39558
10	1.31838
10	1.15433
10	1.13006
10	1.01578
10	0.909978
10	0.816475
10	0.689475
10	0.688401
10	0.680116
10	0.687461
10	0.641392
10	0.65812
10	0.66861
10	0.709897
10	0.684466
10	0.680567
10	0.723782
10	0.790621
10	0.847196
10	0.857583
10	0.882393
10	0.904889
10	0.935164
10	0.999384
10	1.00018
10	0.961492
10	1.07242
10	1.16357
10	1.14524
10	1.17804
10	1.21
10	1.1463
10	1.23983
10	1.24998
10	1.15519
10	1.13447
10	1.08342
10	1.10955
10	1.11325
10	1.14848
10	1.05281
10	1.03627
10	0.981004
10	0.961974
10	0.947064
10	0.964934
10	0.88403
10	0.835443
10	0.860766
10	0.898473
10	0.875454
11	0
11	0
11	0
11	0
11	0
11	0
11	0
11	0
11	0
11	0
11	0
11	0
11	0
11	0
11	0
11	0
11	0
11	0
11	0
11	0
11	0
11	0
11	0
11	0
11	0
11	0
11	0
11	0
11	0
11	0
11	0
11	0
11	0
11	0
11	0.000917052
11	0.027889
11	0.191719
11	0.528438
11	1.25034
11	1.79718
11	2.51948
11	2.73734
11	2.47909
11	2.39832
11	2.10935
11	1.90472
11	1.59045
11	1.59637
11	1.38983
11	1.33504
11	1.10524
11	1.01228
11	0.937369
11	0.86902
11	0.773
11	0.747699
11	0.725331
11	0.705373
11	0.699518
11	0.694394
11	0.635813
11	0.641106
11	0.695226
11	0.681705
11	0.669363
11	0.715234
11	0.787017
11	0.808289
11	0.828923
11	0.86689
11	0.924567
11	0.950538
11	1.01483
11	1.05494
11	1.03912
11	1.12493
11	1.16133
11	1.20133
11	1.19857
11	1.22384
11	1.171
11	1.20204
11	1.14424
11	1.14705
11	1.19122
11	1.16515
11	1.08768
11	1.04442
11	1.03335
11	1.03215
11	0.992447
11	0.992829
11	0.991611
11	0.951147
11	0.898842
11	0.938117
11	0.936312
11	0.925276
11	0.897381
11	0.89734
12	0
12	0
12	0
12	0
12	0
12	0
12	0
12	0
12	0
12	0
12	0
12	0
12	0
12	0
12	0
12	0
12	0
12	0
12	0
12	0
12	0
12	0
12	0
12	0
12	0
12	0
12	0
12	0
12	0
12	0
12	0
12	0
12	0
12	0
12	0
12	0.0103068
12	0.133056
12	0.608619
12	1.27022
12	1.87708
12	2.23759
12	2.51849
12	2.49317
12	2.46668
12	2.14485
12	1.87355
12	1.65739
12	1.61892
12	1.46626
12	1.26555
12	1.16978
12	1.00108
12	0.988735
12	0.859257
12	0.768773
12	0.797418
12	0.742838
12	0.738983
12	0.747171
12	0.695288
12	0.785551
12	0.719577
12	0.661833
12	0.63701
12	0.710505
12	0.72251
12	0.746288
12	0.747771
12	0.788956
12	0.849625
12	0.885277
12	0.904353
12	0.981379
12	1.04708
12	1.09181
12	1.11072
12	1.15147
12	1.15551
12	1.18138
12	1.19577
12	1.20216
12	1.21725
12	1.15501
12	1.15704
12	1.14681
12	1.13584
12	1.11228
12	1.09231
12	1.08064
12	1.06426
12	0.978226
12	0.97601
12	0.963174
12	0.968641
12	0.959788
12	0.95534
12	0.921061
12	0.920764
12	0.85465
12	0.870801
13	0
13	0
13	0
13	0
13	0
13	0
13	0
13	0
13	0
13	0
13	0
13	0
13	0
13	0
13	0
13	0
13	0
13	0
13	0
13	0
13	0
13	0
13	0
13	0
13	0
13	0
13	0
13	0
13	0
13	0
13	0
13	0
13	0
13	0
13	0.00339309
13	0.0271095
13	0.183526
13	0.566006
13	1.20491
13	1.95452
13	2.34266
13	2.68936
13	2.5814
13	2.3929
13	2.20477
13	1.97822
13	1.83483
13	1.53909
13	1.28504
13	1.11577
13	1.04343
13	0.919675
13	0.780422
13	0.720859
13	0.718536
13	0.796957
13	0.750908
13	0.741756
13	0.711766
13	0.724272
13	0.756891
13	0.711121
13	0.698664
13	0.725398
13	0.786753
13	0.809882
13	0.821451
13	0.868087
13	0.834227
13	0.843885
13	0.850862
13	0.916758
13	0.988294
13	1.00978
13	1.0734
13	1.0985
13	1.15622
13	1.14944
13	1.19897
13	1.24898
13	1.20024
13	1.18798
13	1.15523
13	1.14348
13	1.15429
13	1.08431
13	1.05131
13	1.02909
13	0.989643
13	0.996256
13	1.05028
13	0.96498
13	0.988664
13	0.976307
13	0.936771
13	0.984221
13	0.974127
13	0.915298
13	0.871493
13	0.872267
14	0
14	0
14	0
14	0
14	0
14	0
14	0
14	0
14	0
14	0
14	0
14	0
14	0
14	0
14	0
14	0
14	0
14	0
14	0
14	0
14	0
14	0
14	0
14	0
14	0
14	0
14	0
14	0
14	0
14	0
14	0
14	0
14	0
14	0
14	0
14	0.0193144
14	0.165092
14	0.575553
14	1.2647
14	1.87386
14	2.20611
14	2.70768
14	2.74728
14	2.45041
14	2.29241
14	2.00068
14	1.72332
14	1.55322
14	1.28922
14	1.27815
14	1.14774
14	0.932186
14	0.829451
14	0.817993
14	0.794903
14	0.731858
14	0.732033
14	0.636371
14	0.627751
14	0.673736
14	0.668498
14	0.690139
14	0.664935
14	0.630107
14	0.680646
14	0.73424
14	0.710596
14	0.721465
14	0.852698
14	0.968698
14	0.953052
14	0.961086
14	1.03319
14	1.10422
14	1.11049
14	1.12719
14	1.18049
14	1.21474
14	1.21095
14	1.21126
14	1.1726
14	1.22122
14	1.22213
14	1.21335
14	1.14206
14	1.11008
14	1.09116
14	1.0441
14	1.05253
14	1.03121
14	0.979546
14	0.931211
14	0.909004
14	0.911141
14	0.871265
14	0.892229
14	0.888286
14	0.929824
14	0.877411
14	0.885013
15	0
15	0
15	0
15	0
15	0
15	0
15	0
15	0
15	0
15	0
15	0
15	0
15	0
15	0
15	0
15	0
15	0
15	0
15	0
15	0
15	0
15	0
15	0
15	0
15	0
15	0
15	0
15	0
15	0
15	0
15	0
15	0
15	0
15	0
15	0.00366821
15	0.0221726
15	0.153949
15	0.537597
15	1.14408
15	2.00433
15	2.33308
15	2.65324
15	2.71792
15	2.37173
15	2.05908
15	1.95222
15	1.81171
15	1.57397
15	1.32565
15	1.15449
15	1.03068
15	0.985525
15	0.94834
15	0.900711
15	0.820187
15	0.719703
15	0.727929
15	0.677607
15	0.690364
15	0.717642
15	0.672822
15	0.679259
15	0.697993
15	0.692181
15	0.702214
15	0.723172
15	0.747868
15	0.767512
15	0.84095
15	0.903094
15	0.924897
15	0.980303
15	1.05865
15	1.10648
15	1.01455
15	1.11721
15	1.13595
15	1.17903
15	1.11133
15	1.10821
15	1.15215
15	1.16219
15	1.2019
15	1.15819
15	1.17161
15	1.1581
15	1.13199
15	1.0753
15	1.09894
15	1.03749
15	1.05245
15	1.01275
15	0.970127
15	0.931781
15	0.941501
15	0.90938
15	0.914837
15	0.901151
15	0.89323
15	0.859985
16	0
16	0
16	0
16	0
16	0
16	0
16	0
16	0
16	0
16	0
16	0
16	0
16	0
16	0
16	0
16	0
16	0
16	0
16	0
16	0
16	0
16	0
16	0
16	0
16	0
16	0
16	0
16	0
16	0
16	0
16	0
16	0
16	0
16	0
16	0
16	0.0212199
16	0.181068
16	0.559253
16	1.20373
16	1.81453
16	2.33727
16	2.41747
16	2.42023
16	2.37767
16	2.14568
16	1.94901
16	1.77385
16	1.60329
16	1.38546
16	1.28889
16	1.17796
16	1.05351
16	0.925568
16	0.942204
16	0.899383
16	0.850681
16	0.788248
16	0.789661
16	0.741015
16	0.708886
16	0.662504
16	0.672563
16	0.681981
16	0.662295
16	0.667396
16	0.719483
16	0.714545
16	0.711715
16	0.714373
16	0.829354
16	0.890767
16	0.942958
16	0.986799
16	1.0157
16	1.06349
16	1.10339
16	1.12418
16	1.16669
16	1.20604
16	1.2242
16	1.15778
16	1.15741
16	1.18187
16	1.18021
16	1.12971
16	1.09247
16	1.09976
16	1.06931
16	1.11533
16	1.10511
16	1.07937
16	1.04526
16	1.03427
16	0.972574
16	0.955999
16	0.923455
16	0.896468
16	0.893113
16	0.928974
16	0.871088
17	0
17	0
17	0
17	0
17	0
17	0
17	0
17	0
17	0
17	0
17	0
17	0
17	0
17	0
17	0
17	0
17	0
17	0
17	0
17	0
17	0
17	0
17	0
17	0
17	0
17	0
17	0
17	0
17	0
17	0
17	0
17	0
17	0
17	0
17	0.00137558
17	0.0170625
17	0.150016
17	0.577649
17	1.34372
17	1.84539
17	2.19453
17	2.61369
17	2.66256
17	2.48104
17	2.12137
17	1.89918
17	1.67899
17	1.63062
17	1.3954
17	1.2349
17	1.11868
17	1.03154
17	0.88141
17	0.820967
17	0.860391
17	0.779628
17	0.705498
17	0.686059
17	0.681752
17	0.701332
17	0.694921
17	0.67646
17	0.667534
17	0.677373
17	0.711817
17	0.704064
17	0.746214
17	0.76974
17	0.778511
17	0.836992
17	0.898388
17	0.999477
17	1.04746
17	1.03819
17	1.09973
17	1.14879
17	1.18209
17	1.16051
17	1.12075
17	1.16273
17	1.15564
17	1.1875
17	1.15331
17	1.15913
17	1.19006
17	1.20539
17	1.12866
17	1.07179
17	1.02424
17	1.03879
17	1.0392
17	1.06103
17	1.00295
17	0.944092
17	0.918851
17	0.893857
17	0.866964
17	0.8941
17	0.914336
17	0.880305
18	0
18	0
18	0
18	0
18	0
18	0
18	0
18	0
18	0
18	0
18	0
18	0
18	0
18	0
18	0
18	0
18	0
18	0
18	0
18	0
18	0
18	0
18	0
18	0
18	0
18	0
18	0
18	0
18	0
18	0
18	0
18	0
18	0
18	0
18	0
18	0.019401
18	0.160094
18	0.632294
18	1.17074
18	1.87904
18	2.38333
18	2.55329
18	2.61494
18	2.4987
18	2.19639
18	1.99946
18	1.74644
18	1.50789
18	1.39776
18	1.14718
18	1.17821
18	1.09204
18	0.988576
18	0.879812
18	0.769104
18	0.728492
18	0.695445
18	0.673645
18	0.652503
18	0.640837
18	0.669721
18	0.691265
18	0.718755
18	0.647
18	0.683716
18	0.732866
18	0.772108
18	0.800263
18	0.832179
18	0.871681
18	0.923206
18	0.904929
18	1.00053
18	0.98367
18	1.02376
18	1.0987
18	1.1108
18	1.14831
18	1.18383
18	1.27574
18	1.26258
18	1.21937
18	1.20065
18	1.20234
18	1.16854
18	1.1479
18	1.10682
18	1.05555
18	1.07642
18	1.05325
18	1.00999
18	0.971434
18	0.999776
18	0.998907
18	0.975055
18	0.884976
18	0.831364
18	0.836227
18	0.859533
18	0.890648
19	0
19	0
19	0
19	0
19	0
19	0
19	0
19	0
19	0
19	0
19	0
19	0
19	0
19	0
19	0
19	0
19	0
19	0
19	0
19	0
19	0
19	0
19	0
19	0
19	0
19	0
19	0
19	0
19	0
19	0
19	0
19	0
19	0
19	0
19	0
19	0.0161098
19	0.164928
19	0.572526
19	1.23016
19	1.96229
19	2.54929
19	2.51526
19	2.4389
19	2.37438
19	2.26347
19	1.93609
19	1.67561
19	1.39956
19	1.36811
19	1.16491
19	1.07087
19	1.01265
19	0.94929
19	0.82379
19	0.811624
19	0.690857
19	0.616695
19	0.690483
19	0.71553
19	0.748445
19	0.783761
19	0.771814
19	0.745973
19	0.742642
19	0.770722
19	0.770038
19	0.726196
19	0.814134
19	0.857932
19	0.874529
19	0.904999
19	0.922438
19	1.01178
19	0.984317
19	1.03861
19	1.08592
19	1.07288
19	1.10364
19	1.16548
19	1.20311
19	1.20241
19	1.21715
19	1.19634
19	1.13765
19	1.13168
19	1.10708
19	1.12795
19	1.10264
19	1.03458
19	1.04612
19	0.997365
19	1.00512
19	0.984428
19	0.966543
19	0.935903
19	0.897902
19	0.917146
19	0.917502
19	0.898563
19	0.916724
20	0
20	0
20	0
20	0
20	0
20	0
20	0
20	0
20	0
20	0
20	0
20	0
20	0
20	0
20	0
20	0
20	0
20	0
20	0
20	0
20	0
20	0
20	0
20	0
20	0
20	0
20	0
20	0
20	0
20	0
20	0
20	0
20	0
20	0
20	0.00458526
20	0.0118658
20	0.136006
20	0.584635
20	1.23606
20	1.89149
20	2.38758
20	2.55658
20	2.67368
20	2.41292
20	2.07495
20	1.97289
20	1.68904
20	1.52738
20	1.36806
20	1.23187
20	1.03303
20	0.94762
20	0.942478
20	0.821578
20	0.891445
20	0.755035
20	0.74677
20	0.784115
20	0.700188
20	0.681907
20	0.618098
20	0.673285
20	0.653478
20	0.671851
20	0.649107
20	0.754976
20	0.819426
20	0.822112
20	0.888593
20	0.865399
20	0.902012
20	0.988609
20	0.966011
20	0.980498
20	1.03143
20	1.07619
20	1.13293
20	1.17574
20	1.17092
20	1.19472
20	1.18992
20	1.25136
20	1.22448
20	1.22821
20	1.16988
20	1.11338
20	1.05406
20	1.04307
20	1.03635
20	1.04639
20	1.04427
20	1.01679
20	0.991075
20	0.949074
20	0.95194
20	0.936873
20	0.883457
20	0.903528
20	0.903592
20	0.880493
21	0
21	0
21	0
21	0
21	0
21	0
21	0
21	0
21	0
21	0
21	0
21	0
21	0
21	0
21	0
21	0
21	0
21	0
21	0
21	0
21	0
21	0
21	0
21	0
21	0
21	0
21	0
21	0
21	0
21	0
21	0
21	0
21	0
21	0
21	0.0017424
21	0.0322196
21	0.142806
21	0.518192
21	1.20071
21	1.97425
21	2.53772
21	2.63042
21	2.52091
21	2.27436
21	1.98665
21	1.98512
21	1.7324
21	1.45936
21	1.36208
21	1.21654
21	1.07605
21	0.960954
21	0.945845
21	0.89438
21	0.867227
21	0.820063
21	0.765953
21	0.762292
21	0.718879
21	0.756677
21	0.719017
21	0.65441
21	0.626344
21	0.712052
21	0.693581
21	0.726912
21	0.769417
21	0.815931
21	0.814243
21	0.828811
21	0.887803
21	0.940908
21	1.03342
21	1.05439
21	1.0698
21	1.05159
21	1.09109
21	1.17192
21	1.1758
21	1.1329
21	1.14853
21	1.17698
21	1.2377
21	1.17776
21	1.18035
21	1.11138
21	1.07592
21	1.08934
21	1.05157
21	1.05438
21	0.985317
21	1.00387
21	1.01704
21	0.995124
21	0.925318
21	0.962007
21	0.895484
21	0.916297
21	0.875037
21	0.842145
22	0
22	0
22	0
22	0
22	0
22	0
22	0
22	0
22	0
22	0
22	0
22	0
22	0
22	0
22	0
22	0
22	0
22	0
22	0
22	0
22	0
22	0
22	0
22	0
22	0
22	0
22	0
22	0
22	0
22	0
22	0
22	0
22	0
22	0
22	0.00440185
22	0.0418335
22	0.147558
22	0.547765
22	1.18708
22	1.90191
22	2.31112
22	2.65133
22	2.45836
22	2.34035
22	2.07782
22	2.03031
22	1.77587
22	1.61543
22	1.46412
22	1.20264
22	1.13002
22	1.05393
22	0.938161
22	0.827603
22	0.739337
22	0.857804
22	0.777751
22	0.695402
22	0.64472
22	0.60726
22	0.675983
22	0.64529
22	0.711769
22	0.740882
22	0.739997
22	0.695897
22	0.811207
22	0.853689
22	0.802588
22	0.827817
22	0.864369
22	0.842026
22	0.935317
22	0.983711
22	1.02974
22	1.09088
22	1.12546
22	1.19575
22	1.27835
22	1.24173
22	1.21997
22	1.26901
22	1.24721
22	1.21604
22	1.19644
22	1.15258
22	1.14325
22	1.10326
22	1.02686
22	1.00952
22	0.991581
22	0.95747
22	0.923216
22	0.897368
22	0.893488
22	0.905706
22	0.869859
22	0.888589
22	0.894749
22	0.884043
23	0
23	0
23	0
23	0
23	0
23	0
23	0
23	0
23	0
23	0
23	0
23	0
23	0
23	0
23	0
23	0
23	0
23	0
23	0
23	0
23	0
23	0
23	0
23	0
23	0
23	0
23	0
23	0
23	0
23	0
23	0
23	0
23	0
23	0
23	0
23	0.0127319
23	0.198847
23	0.561349
23	1.22692
23	1.9187
23	2.46445
23	2.48116
23	2.49849
23	2.42993
23	2.20874
23	2.01555
23	1.82095
23	1.47068
23	1.27191
23	1.28586
23	1.14462
23	1.05891
23	0.922756
23	0.873787
23	0.798504
23	0.788665
23	0.743112
23	0.712306
23	0.652822
23	0.65132
23	0.612134
23	0.639432
23	0.630116
23	0.66779
23	0.767573
23	0.714419
23	0.739994
23	0.733013
23	0.821944
23	0.87376
23	0.926983
23	0.993199
23	1.02086
23	1.0236
23	1.13264
23	1.08868
23	1.12951
23	1.13276
23	1.15669
23	1.21285
23	1.19296
23	1.18745
23	1.21956
23	1.21359
23	1.13874
23	1.13137
23	1.11002
23	1.13005
23	1.06776
23	1.03091
23	0.977133
23	0.944614
23	0.925398
23	0.927461
23	0.938421
23	0.90634
23	0.918857
23	0.920534
23	0.914314
23	0.924971
24	0
24	0
24	0
24	0
24	0
24	0
24	0
24	0
24	0
24	0
24	0
24	0
24	0
24	0
24	0
24	0
24	0
24	0
24	0
24	0
24	0
24	0
24	0
24	0
24	0
24	0
24	0
24	0
24	0
24	0
24	0
24	0
24	0
24	0
24	0
24	0.0328259
24	0.146903
24	0.542953
24	1.1929
24	1.82825
24	2.36542
24	2.47552
24	2.52864
24	2.46155
24	2.09155
24	1.94062
24	1.863
24	1.61848
24	1.49015
24	1.2684
24	1.12403
24	1.0087
24	0.945646
24	0.841065
24	0.779321
24	0.711269
24	0.757849
24	0.776422
24	0.729373
24	0.683233
24	0.63116
24	0.686214
24	0.676979
24	0.679377
24	0.661413
24	0.74317
24	0.75278
24	0.750886
24	0.837553
24	0.84332
24	0.893974
24	0.931342
24	0.959386
24	0.951927
24	0.959958
24	1.09372
24	1.06992
24	1.19922
24	1.21164
24	1.22943
24	1.26177
24	1.27833
24	1.2674
24	1.24588
24	1.2185
24	1.16975
24	1.10948
24	1.09839
24	1.03778
24	1.01638
24	1.02036
24	1.01984
24	0.997888
24	0.92811
24	0.868051
24	0.912791
24	0.902177
24	0.869171
24	0.875892
24	0.86423
25	0
25	0
25	0
25	0
25	0
25	0
25	0
25	0
25	0
25	0
25	0
25	0
25	0
25	0
25	0
25	0
25	0
25	0
25	0
25	0
25	0
25	0
25	0
25	0
25	0
25	0
25	0
25	0
25	0
25	0
25	0
25	0
25	0
25	0
25	0.0018341
25	0.0217396
25	0.189753
25	0.556071
25	1.11433
25	1.88225
25	2.43344
25	2.65412
25	2.64727
25	2.37208
25	2.2293
25	1.87213
25	1.70257
25	1.53062
25	1.32825
25	1.27112
25	1.05914
25	0.954658
25	0.911667
25	0.829701
25	0.828566
25	0.751314
25	0.76992
25	0.743044
25	0.702069
25	0.7083
25	0.717884
25	0.729476
25	0.70822
25	0.650411
25	0.75553
25	0.752304
25	0.793509
25	0.833109
25	0.778836
25	0.84393
25	0.867993
25	0.919129
25	0.97519
25	1.02932
25	1.00706
25	1.08497
25	1.12013
25	1.12785
25	1.14055
25	1.15966
25	1.18936
25	1.21062
25	1.25856
25	1.20241
25	1.19771
25	1.18272
25	1.09127
25	1.11594
25	1.07485
25	1.03493
25	0.989662
25	0.968774
25	0.964896
25	0.947713
25	0.917653
25	0.920284
25	0.929747
25	0.936885
25	0.917228
25	0.913813
26	0
26	0
26	0
26	0
26	0
26	0
26	0
26	0
26	0
26	0
26	0
26	0
26	0
26	0
26	0
26	0
26	0
26	0
26	0
26	0
26	0
26	0
26	0
26	0
26	0
26	0
26	0
26	0
26	0
26	0
26	0
26	0
26	0
26	0
26	0.00165069
26	0.0197475
26	0.173285
26	0.46673
26	1.10262
26	1.80621
26	2.4524
26	2.71237
26	2.6576
26	2.47274
26	2.22996
26	1.98955
26	1.69217
26	1.45331
26	1.31465
26	1.2312
26	1.08028
26	0.964905
26	0.911588
26	0.791183
26	0.824229
26	0.821303
26	0.808013
26	0.785237
26	0.78382
26	0.665442
26	0.659581
26	0.675363
26	0.694584
26	0.692127
26	0.6553
26	0.720653
26	0.7805
26	0.765069
26	0.809474
26	0.847704
26	0.907151
26	0.915477
26	0.90591
26	0.995673
26	1.02624
26	1.05733
26	1.08812
26	1.20562
26	1.23543
26	1.30479
26	1.21619
26	1.23235
26	1.18788
26	1.20598
26	1.1906
26	1.15376
26	1.11049
26	1.06008
26	1.03721
26	1.02561
26	1.01256
26	0.975762
26	0.994481
26	0.9715
26	0.898047
26	0.863827
26	0.882273
26	0.845275
26	0.905943
26	0.902809
27	0
27	0
27	0
27	0
27	0
27	0
27	0
27	0
27	0
27	0
27	0
27	0
27	0
27	0
27	0
27	0
27	0
27	0
27	0
27	0
27	0
27	0
27	0
27	0
27	0
27	0
27	0
27	0
27	0
27	0
27	0
27	0
27	0
27	0
27	0.00128387
27	0.0364636
27	0.218675
27	0.570508
27	1.30609
27	1.96488
27	2.42658
27	2.60494
27	2.50997
27	2.32426
27	2.12567
27	1.91189
27	1.73685
27	1.5045
27	1.35358
27	1.20313
27	1.18939
27	1.04932
27	0.950993
27	0.829014
27	0.760284
27	0.741178
27	0.755148
27	0.702435
27	0.643954
27	0.659799
27	0.630146
27	0.601018
27	0.706153
27	0.693508
27	0.722968
27	0.697525
27	0.765098
27	0.799257
27	0.780116
27	0.903207
27	1.02858
27	1.02644
27	0.979447
27	1.05663
27	1.0756
27	1.0941
27	1.16549
27	1.18034
27	1.19237
27	1.20159
27	1.15276
27	1.16806
27	1.14182
27	1.14157
27	1.18778
27	1.16934
27	1.12567
27	1.10331
27	1.04529
27	1.00608
27	0.974868
27	0.959034
27	0.935847
27	0.870136
27	0.846635
27	0.940966
27	0.929501
27	0.944958
27	0.955537
27	0.943528
28	0
28	0
28	0
28	0
28	0
28	0
28	0
28	0
28	0
28	0
28	0
28	0
28	0
28	0
28	0
28	0
28	0
28	0
28	0
28	0
28	0
28	0
28	0
28	0
28	0
28	0
28	0
28	0
28	0
28	0
28	0
28	0
28	0
28	0
28	0
28	0.0200939
28	0.199912
28	0.653329
28	1.22678
28	1.77641
28	2.25283
28	2.51862
28	2.62775
28	2.50954
28	2.16899
28	1.94252
28	1.69151
28	1.5448
28	1.38347
28	1.2684
28	1.15005
28	1.03413
28	0.840341
28	0.810899
28	0.854989
28	0.785405
28	0.738735
28	0.713693
28	0.714158
28	0.657764
28	0.666202
28	0.705031
28	0.732616
28	0.766735
28	0.718849
28	0.696304
28	0.74029
28	0.806683
28	0.79205
28	0.817783
28	0.90893
28	0.93478
28	0.987277
28	1.07789
28	1.08376
28	1.13294
28	1.13764
28	1.17815
28	1.16224
28	1.18551
28	1.20528
28	1.13276
28	1.17922
28	1.14462
28	1.15764
28	1.12174
28	1.10224
28	1.0731
28	1.06947
28	0.971277
28	0.99414
28	0.975019
28	0.957305
28	0.947713
28	0.978245
28	0.965562
28	0.90812
28	0.89921
28	0.892093
28	0.916437
29	0
29	0
29	0
29	0
29	0
29	0
29	0
29	0
29	0
29	0
29	0
29	0
29	0
29	0
29	0
29	0
29	0
29	0
29	0
29	0
29	0
29	0
29	0
29	0
29	0
29	0
29	0
29	0
29	0
29	0
29	0
29	0
29	0
29	0
29	0.000917052
29	0.0345581
29	0.182789
29	0.592164
29	1.24423
29	1.85819
29	2.24437
29	2.47159
29	2.50773
29	2.3745
29	2.07325
29	2.08219
29	1.8685
29	1.56594
29	1.40913
29	1.17783
29	1.10228
29	1.02092
29	0.949567
29	0.867914
29	0.95234
29	0.821941
29	0.746155
29	0.763051
29	0.692341
29	0.745732
29	0.680725
29	0.651957
29	0.725797
29	0.745512
29	0.665375
29	0.725792
29	0.706103
29	0.752108
29	0.727889
29	0.710619
29	0.840496
29	0.867456
29	0.93918
29	1.02717
29	1.10388
29	1.08742
29	1.17392
29	1.16474
29	1.19058
29	1.21664
29	1.23974
29	1.26001
29	1.20593
29	1.21185
29	1.21752
29	1.15838
29	1.13425
29	1.04047
29	1.04113
29	1.01813
29	1.03672
29	1.00579
29	0.962816
29	0.942819
29	0.929474
29	0.943144
29	0.875791
29	0.890943
29	0.902444
29	0.864483
30	0
30	0
30	0
30	0
30	0
30	0
30	0
30	0
30	0
30	0
30	0
30	0
30	0
30	0
30	0
30	0
30	0
30	0
30	0
30	0
30	0
30	0
30	0
30	0
30	0
30	0
30	0
30	0
30	0
30	0
30	0
30	0
30	0
30	0
30	0.00797835
30	0.0304874
30	0.166976
30	0.506704
30	1.1197
30	1.76647
30	2.22481
30	2.48889
30	2.41757
30	2.46708
30	2.31165
30	2.08209
30	1.87931
30	1.64712
30	1.39043
30	1.32399
30	1.2003
30	1.01014
30	0.959864
30	0.867189
30	0.726364
30	0.697626
30	0.767082
30	0.743341
30	0.739771
30	0.720787
30	0.688956
30	0.672737
30	0.683294
30	0.678917
30	0.654224
30	0.70956
30	0.745992
30	0.750071
30	0.746035
30	0.786212
30	0.871528
30	0.862182
30	0.926636
30	1.00955
30	1.06014
30	1.05494
30	1.11752
30	1.17065
30	1.20039
30	1.26385
30	1.28868
30	1.2663
30	1.23115
30	1.19737
30	1.18126
30	1.18051
30	1.17703
30	1.11207
30	1.15329
30	1.0391
30	0.985717
30	0.962242
30	0.974043
30	0.932056
30	0.936245
30	0.876729
30	0.838737
30	0.866174
30	0.912457
30	0.885587
31	0
31	0
31	0
31	0
31	0
31	0
31	0
31	0
31	0
31	0
31	0
31	0
31	0
31	0
31	0
31	0
31	0
31	0
31	0
31	0
31	0
31	0
31	0
31	0
31	0
31	0
31	0
31	0
31	0
31	0
31	0
31	0
31	0
31	0
31	0
31	0.00909424
31	0.184263
31	0.579046
31	1.13355
31	1.77186
31	2.25303
31	2.52198
31	2.50858
31	2.53365
31	2.34367
31	2.19487
31	1.88274
31	1.74906
31	1.465
31	1.31731
31	1.12527
31	0.866172
31	0.844777
31	0.725893
31	0.719492
31	0.733488
31	0.711174
31	0.621052
31	0.617544
31	0.63353
31	0.630415
31	0.649129
31	0.688632
31	0.732247
31	0.752014
31	0.730092
31	0.777341
31	0.825826
31	0.800913
31	0.871591
31	0.910577
31	0.981755
31	1.03469
31	1.02404
31	1.10947
31	1.08257
31	1.12964
31	1.13924
31	1.1258
31	1.13173
31	1.2109
31	1.23266
31	1.17238
31	1.2183
31	1.20654
31	1.1304
31	1.11502
31	1.08974
31	1.09738
31	1.05836
31	1.01889
31	1.02027
31	0.969042
31	0.956466
31	0.913424
31	0.883336
31	0.878522
31	0.861133
31	0.916587
31	0.929558
32	0
32	0
32	0
32	0
32	0
32	0
32	0
32	0
32	0
32	0
32	0
32	0
32	0
32	0
32	0
32	0
32	0
32	0
32	0
32	0
32	0
32	0
32	0
32	0
32	0
32	0
32	0
32	0
32	0
32	0
32	0
32	0
32	0
32	0
32	0
32	0.035251
32	0.198519
32	0.585566
32	1.26227
32	1.82363
32	2.37188
32	2.52058
32	2.5501
32	2.36948
32	2.20234
32	1.85948
32	1.66713
32	1.63619
32	1.36133
32	1.31954
32	1.20441
32	1.07195
32	1.01927
32	0.965315
32	0.866161
32	0.778211
32	0.696607
32	0.649247
32	0.669758
32	0.616016
32	0.576884
32	0.621885
32	0.686843
32	0.701196
32	0.625598
32	0.634655
32	0.746659
32	0.778725
32	0.78642
32	0.897602
32	0.949077
32	1.01775
32	1.06505
32	1.05983
32	1.05169
32	1.09307
32	1.17148
32	1.1606
32	1.17099
32	1.16389
32	1.19345
32	1.19177
32	1.21563
32	1.22088
32	1.19656
32	1.15976
32	1.07795
32	1.10018
32	1.02205
32	1.02756
32	1.01393
32	0.95936
32	0.928868
32	0.954618
32	0.974908
32	0.937435
32	0.926371
32	0.883662
32	0.868399
32	0.876347
33	0
33	0
33	0
33	0
33	0
33	0
33	0
33	0
33	0
33	0
33	0
33	0
33	0
33	0
33	0
33	0
33	0
33	0
33	0
33	0
33	0
33	0
33	0
33	0
33	0
33	0
33	0
33	0
33	0
33	0
33	0
33	0
33	0
33	0
33	0.000825347
33	0.0172358
33	0.148459
33	0.583393
33	1.18974
33	1.79823
33	2.27445
33	2.62934
33	2.593
33	2.52062
33	2.24997
33	1.86333
33	1.65269
33	1.46691
33	1.28212
33	1.18576
33	1.07352
33	1.01178
33	1.03899
33	0.854947
33	0.809162
33	0.771478
33	0.755935
33	0.774804
33	0.733934
33	0.71385
33	0.752985
33	0.75877
33	0.715598
33	0.724477
33	0.777885
33	0.797313
33	0.792052
33	0.800406
33	0.720073
33	0.741331
33	0.836894
33	0.923143
33	0.988024
33	1.045
33	1.06317
33	1.06848
33	1.05975
33	1.13452
33	1.17965
33	1.18624
33	1.21122
33	1.15212
33	1.17066
33	1.07915
33	1.09398
33	1.1377
33	1.10077
33	1.04188
33	1.09603
33	1.14692
33	1.08915
33	1.01729
33	1.01891
33	1.0489
33	0.940695
33	0.929739
33	0.925773
33	0.927699
33	0.890057
33	0.921542
34	0
34	0
34	0
34	0
34	0
34	0
34	0
34	0
34	0
34	0
34	0
34	0
34	0
34	0
34	0
34	0
34	0
34	0
34	0
34	0
34	0
34	0
34	0
34	0
34	0
34	0
34	0
34	0
34	0
34	0
34	0
34	0
34	0
34	0
34	0
34	0.0139445
34	0.16927
34	0.520055
34	1.17854
34	1.69057
34	2.14289
34	2.46804
34	2.55807
34	2.44072
34	2.37801
34	2.14646
34	1.85644
34	1.5851
34	1.44217
34	1.25147
34	1.13781
34	1.08446
34	0.940538
34	0.809145
34	0.789721
34	0.733737
34	0.698249
34	0.712504
34	0.714509
34	0.688443
34	0.688986
34	0.714353
34	0.710288
34	0.737011
34	0.678573
34	0.721111
34	0.698007
34	0.700478
34	0.758202
34	0.79419
34	0.839551
34	0.971655
34	0.999488
34	1.03065
34	1.09741
34	1.13763
34	1.20541
34	1.1542
34	1.12551
34	1.12456
34	1.15203
34	1.17205
34	1.14805
34	1.1715
34	1.16089
34	1.14302
34	1.14837
34	1.13606
34	1.15749
34	1.12411
34	1.04765
34	1.07201
34	1.01016
34	0.961049
34	0.915612
34	0.907788
34	0.913852
34	0.895019
34	0.846831
34	0.914982
35	0
35	0
35	0
35	0
35	0
35	0
35	0
35	0
35	0
35	0
35	0
35	0
35	0
35	0
35	0
35	0
35	0
35	0
35	0
35	0
35	0
35	0
35	0
35	0
35	0
35	0
35	0
35	0
35	0
35	0
35	0
35	0
35	0
35	0
35	0
35	0.0246844
35	0.189343
35	0.631828
35	1.24938
35	1.87162
35	2.30573
35	2.62117
35	2.70964
35	2.43911
35	2.2589
35	1.90883
35	1.74492
35	1.49831
35	1.30579
35	1.1736
35	1.01946
35	0.942805
35	0.846836
35	0.809069
35	0.759439
35	0.746742
35	0.771561
35	0.726899
35	0.687429
35	0.664116
35	0.621528
35	0.70356
35	0.744911
35	0.760698
35	0.742332
35	0.785177
35	0.767714
35	0.818159
35	0.850069
35	0.896721
35	0.891031
35	0.923314
35	0.987526
35	1.07557
35	1.10469
35	1.0518
35	1.07602
35	1.16174
35	1.14964
35	1.20031
35	1.16212
35	1.16525
35	1.15889
35	1.194
35	1.17941
35	1.15577
35	1.1544
35	1.12208
35	1.15609
35	1.04947
35	0.982838
35	0.94232
35	0.940363
35	0.915499
35	0.885885
35	0.905502
35	0.901685
35	0.92414
35	0.900183
35	0.876942
36	0
36	0
36	0
36	0
36	0
36	0
36	0
36	0
36	0
36	0
36	0
36	0
36	0
36	0
36	0
36	0
36	0
36	0
36	0
36	0
36	0
36	0
36	0
36	0
36	0
36	0
36	0
36	0
36	0
36	0
36	0
36	0
36	0
36	0
36	0
36	0.0167161
36	0.177463
36	0.551413
36	1.24475
36	1.94802
36	2.38945
36	2.45968
36	2.56557
36	2.45468
36	2.16061
36	1.95892
36	1.75906
36	1.50184
36	1.31029
36	1.21338
36	1.06415
36	1.01145
36	0.918637
36	0.880804
36	0.78634
36	0.72027
36	0.702933
36	0.67348
36	0.670205
36	0.699821
36	0.715647
36	0.688581
36	0.713893
36	0.739745
36	0.726589
36	0.714801
36	0.782351
36	0.854
36	0.876403
36	0.828676
36	0.899267
36	0.944751
36	1.02264
36	1.0727
36	1.08872
36	1.06405
36	1.08268
36	1.12116
36	1.20519
36	1.1967
36	1.23582
36	1.2265
36	1.25707
36	1.2023
36	1.12708
36	1.12349
36	1.09728
36	1.13117
36	1.07575
36	1.04883
36	0.998125
36	0.912827
36	0.938143
36	0.900103
36	0.880836
36	0.866651
36	0.893866
36	0.912128
36	0.887222
36	0.903107
37	0
37	0
37	0
37	0
37	0
37	0
37	0
37	0
37	0
37	0
37	0
37	0
37	0
37	0
37	0
37	0
37	0
37	0
37	0
37	0
37	0
37	0
37	0
37	0
37	0
37	0
37	0
37	0
37	0
37	0
37	0
37	0
37	0
37	0
37	0.000550231
37	0.0302275
37	0.169106
37	0.564221
37	1.17147
37	1.72464
37	2.23486
37	2.5036
37	2.56889
37	2.54709
37	2.1131
37	2.0031
37	1.77582
37	1.61413
37	1.49735
37	1.24889
37	1.09796
37	1.02685
37	0.956973
37	0.923974
37	0.891959
37	0.790437
37	0.790813
37	0.747104
37	0.692596
37	0.644013
37	0.643626
37	0.646474
37	0.625477
37	0.622554
37	0.647008
37	0.697754
37	0.78245
37	0.835169
37	0.819175
37	0.854348
37	0.859998
37	0.884858
37	0.916709
37	0.990985
37	1.00596
37	1.06384
37	1.13511
37	1.19751
37	1.26531
37	1.23648
37	1.27416
37	1.25641
37	1.23752
37	1.21423
37	1.14351
37	1.10055
37	1.09645
37	1.0467
37	1.07576
37	1.04598
37	1.01749
37	1.01673
37	0.983803
37	0.988569
37	0.922518
37	0.926184
37	0.890127
37	0.901002
37	0.916317
37	0.937287
38	0
38	0
38	0
38	0
38	0
38	0
38	0
38	0
38	0
38	0
38	0
38	0
38	0
38	0
38	0
38	0
38	0
38	0
38	0
38	0
38	0
38	0
38	0
38	0
38	0
38	0
38	0
38	0
38	0
38	0
38	0
38	0
38	0
38	0
38	0.00302627
38	0.0245978
38	0.146739
38	0.519434
38	1.12515
38	1.94214
38	2.32629
38	2.56336
38	2.68147
38	2.51133
38	2.11326
38	1.87635
38	1.78137
38	1.5939
38	1.37809
38	1.23182
38	1.13524
38	1.01232
38	1.04042
38	0.959442
38	0.842714
38	0.746565
38	0.675988
38	0.682163
38	0.655086
38	0.62576
38	0.5892
38	0.610312
38	0.674268
38	0.682246
38	0.694631
38	0.725258
38	0.80121
38	0.838763
38	0.850604
38	0.897692
38	0.929838
38	0.937577
38	0.943167
38	1.00592
38	0.974905
38	1.02305
38	1.08836
38	1.18006
38	1.20427
38	1.26791
38	1.25804
38	1.2686
38	1.21622
38	1.21836
38	1.22574
38	1.14238
38	1.13125
38	1.10943
38	1.07228
38	0.993054
38	1.00238
38	0.962907
38	0.958326
38	0.963109
38	0.882755
38	0.903946
38	0.856285
38	0.887624
38	0.918105
38	0.885013
39	0
39	0
39	0
39	0
39	0
39	0
39	0
39	0
39	0
39	0
39	0
39	0
39	0
39	0
39	0
39	0
39	0
39	0
39	0
39	0
39	0
39	0
39	0
39	0
39	0
39	0
39	0
39	0
39	0
39	0
39	0
39	0
39	0
39	0
39	0.00394332
39	0.0284953
39	0.188442
39	0.58448
39	1.16728
39	1.84986
39	2.33368
39	2.62643
39	2.57977
39	2.25134
39	2.14964
39	1.99857
39	1.74962
39	1.5643
39	1.39957
39	1.24216
39	1.0924
39	1.1064
39	0.974874
39	0.83523
39	0.795785
39	0.746317
39	0.738119
39	0.755953
39	0.749627
39	0.670899
39	0.668289
39	0.655738
39	0.698775
39	0.684574
39	0.69589
39	0.71045
39	0.765986
39	0.771513
39	0.758016
39	0.851998
39	0.899179
39	1.00054
39	0.999405
39	1.04572
39	1.03076
39	1.02572
39	1.10357
39	1.14428
39	1.11892
39	1.17619
39	1.23006
39	1.27963
39	1.21852
39	1.22119
39	1.16863
39	1.1284
39	1.12534
39	1.16649
39	1.12843
39	1.09287
39	1.05101
39	1.00619
39	0.898058
39	0.898005
39	0.911138
39	0.940595
39	0.907065
39	0.915791
39	0.869142
39	0.836643
40	0
40	0
40	0
40	0
40	0
40	0
40	0
40	0
40	0
40	0
40	0
40	0
40	0
40	0
40	0
40	0
40	0
40	0
40	0
40	0
40	0
40	0
40	0
40	0
40	0
40	0
40	0
40	0
40	0
40	0
40	0
40	0
40	0
40	0
40	0
40	0.0192278
40	0.189179
40	0.611258
40	1.1837
40	1.84511
40	2.39038
40	2.78196
40	2.82953
40	2.39394
40	2.13901
40	2.01027
40	1.65698
40	1.48524
40	1.23794
40	1.11234
40	1.06483
40	0.985772
40	0.896974
40	0.848197
40	0.796667
40	0.811664
40	0.786915
40	0.698869
40	0.681082
40	0.702318
40	0.669751
40	0.688552
40	0.679605
40	0.675316
40	0.697202
40	0.703631
40	0.762259
40	0.796358
40	0.791585
40	0.823636
40	0.907986
40	1.02311
40	1.03143
40	0.986924
40	1.02162
40	1.15427
40	1.16391
40	1.16485
40	1.21563
40	1.26933
40	1.19482
40	1.21149
40	1.20492
40	1.20153
40	1.17912
40	1.17209
40	1.07495
40	1.0612
40	1.00687
40	0.983405
40	1.03451
40	1.01378
40	0.965011
40	0.949112
40	0.922482
40	0.926172
40	0.864643
40	0.863763
40	0.845301
40	0.864097
41	0
41	0
41	0
41	0
41	0
41	0
41	0
41	0
41	0
41	0
41	0
41	0
41	0
41	0
41	0
41	0
41	0
41	0
41	0
41	0
41	0
41	0
41	0
41	0
41	0
41	0
41	0
41	0
41	0
41	0
41	0
41	0
41	0
41	0
41	0
41	0.0186215
41	0.171073
41	0.540003
41	1.23097
41	1.98712
41	2.45333
41	2.71655
41	2.68812
41	2.56549
41	2.17974
41	1.95111
41	1.61539
41	1.32433
41	1.27646
41	1.1462
41	1.07737
41	1.01335
41	0.850242
41	0.870926
41	0.740402
41	0.699929
41	0.718936
41	0.703227
41	0.632153
41	0.652708
41	0.676311
41	0.671294
41	0.708947
41	0.722636
41	0.797485
41	0.808101
41	0.872768
41	0.861044
41	0.830853
41	0.835071
41	0.89639
41	0.947975
41	1.01693
41	1.01673
41	1.05729
41	1.07757
41	1.14087
41	1.20734
41	1.26855
41	1.2399
41	1.2106
41	1.22111
41	1.17629
41	1.12209
41	1.14628
41	1.12747
41	1.02978
41	1.00495
41	0.986703
41	0.992113
41	1.00552
41	0.959791
41	0.964781
41	0.934653
41	0.95084
41	0.907381
41	0.878323
41	0.886131
41	0.916046
41	0.926041
42	0
42	0
42	0
42	0
42	0
42	0
42	0
42	0
42	0
42	0
42	0
42	0
42	0
42	0
42	0
42	0
42	0
42	0
42	0
42	0
42	0
42	0
42	0
42	0
42	0
42	0
42	0
42	0
42	0
42	0
42	0
42	0
42	0
42	0
42	0
42	0.0219128
42	0.155915
42	0.567558
42	1.14489
42	1.73051
42	2.2646
42	2.51317
42	2.51728
42	2.46028
42	2.32344
42	2.07391
42	1.75073
42	1.55568
42	1.40472
42	1.21378
42	1.15403
42	1.02676
42	0.918439
42	0.910322
42	0.80398
42	0.786716
42	0.720714
42	0.765692
42	0.687557
42	0.674322
42	0.637423
42	0.638335
42	0.684831
42	0.712864
42	0.771378
42	0.720195
42	0.720346
42	0.738068
42	0.799936
42	0.775297
42	0.85319
42	0.894146
42	0.975792
42	1.08777
42	1.0569
42	1.12016
42	1.15107
42	1.13323
42	1.23361
42	1.22515
42	1.21252
42	1.22062
42	1.23257
42	1.1829
42	1.11382
42	1.13473
42	1.08898
42	1.08669
42	1.09524
42	1.05041
42	1.00123
42	0.98425
42	0.950033
42	0.978854
42	0.955045
42	0.944233
42	0.945724
42	0.930478
42	0.897179
42	0.89723
43	0
43	0
43	0
43	0
43	0
43	0
43	0
43	0
43	0
43	0
43	0
43	0
43	0
43	0
43	0
43	0
43	0
43	0
43	0
43	0
43	0
43	0
43	0
43	0
43	0
43	0
43	0
43	0
43	0
43	0
43	0
43	0
43	0
43	0
43	0.0018341
43	0.0371565
43	0.174268
43	0.589214
43	1.2393
43	1.91171
43	2.31458
43	2.58396
43	2.35067
43	2.23796
43	2.19143
43	1.94331
43	1.81732
43	1.51882
43	1.46658
43	1.27945
43	1.16837
43	1.0245
43	0.908895
43	0.882825
43	0.879354
43	0.76198
43	0.766603
43	0.777842
43	0.750329
43	0.687703
43	0.695726
43	0.7276
43	0.682148
43	0.669009
43	0.717012
43	0.681954
43	0.673768
43	0.731576
43	0.739475
43	0.835161
43	0.876975
43	0.945691
43	0.959594
43	0.979084
43	1.04834
43	1.04676
43	1.14143
43	1.16649
43	1.1678
43	1.20947
43	1.16446
43	1.22831
43	1.23844
43	1.20632
43	1.15499
43	1.15974
43	1.14448
43	1.09038
43	1.07814
43	1.05391
43	1.06384
43	1.02636
43	1.03698
43	0.997671
43	1.00492
43	0.943264
43	0.895378
43	0.868689
43	0.890608
43	0.838815
44	0
44	0
44	0
44	0
44	0
44	0
44	0
44	0
44	0
44	0
44	0
44	0
44	0
44	0
44	0
44	0
44	0
44	0
44	0
44	0
44	0
44	0
44	0
44	0
44	0
44	0
44	0
44	0
44	0
44	0
44	0
44	0
44	0
44	0
44	0
44	0.0234718
44	0.180413
44	0.590844
44	1.13981
44	1.81104
44	2.3804
44	2.58384
44	2.64763
44	2.48024
44	2.18652
44	2.00315
44	1.70873
44	1.57828
44	1.43707
44	1.24483
44	1.03877
44	0.993468
44	0.891509
44	0.889385
44	0.776528
44	0.749719
44	0.757029
44	0.684573
44	0.624753
44	0.625636
44	0.628238
44	0.659865
44	0.690755
44	0.67334
44	0.716645
44	0.779147
44	0.830189
44	0.829899
44	0.863515
44	0.889647
44	0.913454
44	0.985086
44	1.03969
44	1.07357
44	1.0614
44	1.02857
44	1.06302
44	1.19338
44	1.1868
44	1.23418
44	1.17504
44	1.14285
44	1.12243
44	1.1857
44	1.17026
44	1.14624
44	1.12941
44	1.14038
44	1.06648
44	1.0189
44	1.05894
44	1.01073
44	0.961234
44	0.900515
44	0.893781
44	0.907501
44	0.924871
44	0.915344
44	0.877951
44	0.869235
45	0
45	0
45	0
45	0
45	0
45	0
45	0
45	0
45	0
45	0
45	0
45	0
45	0
45	0
45	0
45	0
45	0
45	0
45	0
45	0
45	0
45	0
45	0
45	0
45	0
45	0
45	0
45	0
45	0
45	0
45	0
45	0
45	0
45	0
45	0.0017424
45	0.0340384
45	0.159848
45	0.602255
45	1.18848
45	1.83594
45	2.30779
45	2.51367
45	2.69344
45	2.45826
45	2.16414
45	1.92734
45	1.70358
45	1.48626
45	1.39475
45	1.28212
45	1.12227
45	1.028
45	0.938082
45	0.896135
45	0.867741
45	0.726224
45	0.712986
45	0.697416
45	0.696966
45	0.701424
45	0.669631
45	0.717239
45	0.652695
45	0.684574
45	0.708248
45	0.756095
45	0.792521
45	0.808528
45	0.822641
45	0.869308
45	0.932254
45	0.968943
45	0.938453
45	0.997027
45	1.0689
45	1.09818
45	1.11026
45	1.09421
45	1.09074
45	1.12204
45	1.14671
45	1.22045
45	1.23797
45	1.25215
45	1.12558
45	1.13264
45	1.17071
45	1.15187
45	1.12621
45	1.05406
45	1.00114
45	0.995176
45	0.992019
45	0.90777
45	0.942663
45	0.912193
45	0.931048
45	0.917801
45	0.914696
45	0.902225
46	0
46	0
46	0
46	0
46	0
46	0
46	0
46	0
46	0
46	0
46	0
46	0
46	0
46	0
46	0
46	0
46	0
46	0
46	0
46	0
46	0
46	0
46	0
46	0
46	0
46	0
46	0
46	0
46	0
46	0
46	0
46	0
46	0
46	0
46	0
46	0.0187082
46	0.132974
46	0.528515
46	1.20358
46	1.85518
46	2.47922
46	2.59264
46	2.57354
46	2.42474
46	2.24462
46	1.96377
46	1.61751
46	1.52864
46	1.35832
46	1.15613
46	1.02695
46	0.956386
46	0.872539
46	0.863642
46	0.923711
46	0.812337
46	0.731896
46	0.730993
46	0.772178
46	0.718999
46	0.735807
46	0.72304
46	0.668372
46	0.666112
46	0.737793
46	0.773015
46	0.713854
46	0.747292
46	0.803961
46	0.791026
46	0.858307
46	0.888317
46	0.961754
46	1.0432
46	1.01892
46	1.10779
46	1.14749
46	1.14195
46	1.1741
46	1.19287
46	1.2563
46	1.28652
46	1.21266
46	1.19572
46	1.18844
46	1.1406
46	1.12863
46	1.13417
46	1.04649
46	0.99537
46	0.939882
46	0.960025
46	0.954856
46	0.964957
46	0.921174
46	0.869931
46	0.926793
46	0.956246
46	0.934678
46	0.921785
47	0
47	0
47	0
47	0
47	0
47	0
47	0
47	0
47	0
47	0
47	0
47	0
47	0
47	0
47	0
47	0
47	0
47	0
47	0
47	0
47	0
47	0
47	0
47	0
47	0
47	0
47	0
47	0
47	0
47	0
47	0
47	0
47	0
47	0
47	0.00247604
47	0.0196609
47	0.157144
47	0.629033
47	1.21271
47	1.73912
47	2.47084
47	2.64227
47	2.61089
47	2.43386
47	2.19788
47	1.8608
47	1.71625
47	1.54199
47	1.365
47	1.09479
47	0.978329
47	0.930417
47	0.890638
47	0.867075
47	0.920771
47	0.870455
47	0.801584
47	0.761268
47	0.691735
47	0.700314
47	0.63116
47	0.606213
47	0.683182
47	0.70412
47	0.679019
47	0.807567
47	0.783314
47	0.812984
47	0.796726
47	0.841806
47	0.923206
47	0.964908
47	0.976602
47	0.966394
47	1.0353
47	1.13186
47	1.16542
47	1.22908
47	1.25008
47	1.31101
47	1.23543
47	1.20311
47	1.156
47	1.12874
47	1.13211
47	1.12114
47	1.03795
47	1.03908
47	1.03472
47	0.963946
47	0.994953
47	0.94155
47	0.948502
47	0.951572
47	0.929791
47	0.905371
47	0.892319
47	0.893343
47	0.922324
47	0.871396
48	0
48	0
48	0
48	0
48	0
48	0
48	0
48	0
48	0
48	0
48	0
48	0
48	0
48	0
48	0
48	0
48	0
48	0
48	0
48	0
48	0
48	0
48	0
48	0
48	0
48	0
48	0
48	0
48	0
48	0
48	0
48	0
48	0
48	0
48	0.00293457
48	0.0280622
48	0.196471
48	0.489705
48	1.10019
48	1.82825
48	2.45207
48	2.59854
48	2.67386
48	2.53446
48	2.13636
48	1.89581
48	1.64855
48	1.48041
48	1.3786
48	1.2263
48	1.12107
48	1.00034
48	1.01424
48	0.889079
48	0.812726
48	0.754007
48	0.764791
48	0.737233
48	0.686185
48	0.657826
48	0.713858
48	0.70685
48	0.684971
48	0.676751
48	0.699616
48	0.71302
48	0.722024
48	0.815716
48	0.839926
48	0.899726
48	0.936932
48	0.946523
48	0.912265
48	1.0116
48	0.996539
48	1.0933
48	1.13688
48	1.16883
48	1.15239
48	1.15323
48	1.17597
48	1.1946
48	1.24966
48	1.18119
48	1.134
48	1.16982
48	1.10646
48	1.09276
48	1.11219
48	1.09267
48	1.01693
48	1.0467
48	0.969042
48	0.947763
48	0.943983
48	0.917124
48	0.894288
48	0.853141
48	0.8801
48	0.88648
49	0
49	0
49	0
49	0
49	0
49	0
49	0
49	0
49	0
49	0
49	0
49	0
49	0
49	0
49	0
49	0
49	0
49	0
49	0
49	0
49	0
49	0
49	0
49	0
49	0
49	0
49	0
49	0
49	0
49	0
49	0
49	0
49	0
49	0
49	0.000550231
49	0.0192278
49	0.201223
49	0.564609
49	1.15115
49	1.8088
49	2.3018
49	2.5235
49	2.55118
49	2.33527
49	2.19214
49	1.97384
49	1.70277
49	1.56575
49	1.43851
49	1.24835
49	1.18853
49	1.10064
49	0.939468
49	0.981256
49	0.87002
49	0.814393
49	0.738872
49	0.736936
49	0.752561
49	0.737684
49	0.693191
49	0.619229
49	0.607286
49	0.632814
49	0.646562
49	0.755459
49	0.770775
49	0.806612
49	0.757574
49	0.811433
49	0.843658
49	0.870894
49	0.927176
49	0.982094
49	1.03699
49	1.04732
49	1.12548
49	1.13832
49	1.17426
49	1.21389
49	1.24655
49	1.24334
49	1.21885
49	1.1756
49	1.21154
49	1.17067
49	1.11381
49	1.12295
49	1.13616
49	1.12287
49	1.10399
49	1.03816
49	1.02974
49	0.973298
49	0.946648
49	0.899494
49	0.916068
49	0.893572
49	0.891812
49	0.883712
50	0
50	0
50	0
50	0
50	0
50	0
50	0
50	0
50	0
50	0
50	0
50	0
50	0
50	0
50	0
50	0
50	0
50	0
50	0
50	0
50	0
50	0
50	0
50	0
50	0
50	0
50	0
50	0
50	0
50	0
50	0
50	0
50	0
50	0
50	0.00220093
50	0.025204
50	0.155587
50	0.550637
50	1.28613
50	1.82915
50	2.26321
50	2.51754
50	2.44446
50	2.30066
50	2.10213
50	1.96488
50	1.75452
50	1.57208
50	1.40871
50	1.30368
50	1.1786
50	1.04874
50	0.978002
50	0.912152
50	0.856055
50	0.817369
50	0.758055
50	0.72822
50	0.727618
50	0.744005
50	0.717049
50	0.689591
50	0.663873
50	0.634682
50	0.645198
50	0.700731
50	0.772305
50	0.760181
50	0.837483
50	0.826642
50	0.878293
50	0.889876
50	0.923168
50	0.993006
50	1.03125
50	1.08451
50	1.08954
50	1.16349
50	1.14617
50	1.16911
50	1.1649
50	1.23357
50	1.1897
50	1.15322
50	1.18009
50	1.20739
50	1.18441
50	1.13358
50	1.12186
50	1.0333
50	1.03338
50	1.02696
50	1.03783
50	0.960487
50	0.950425
50	0.888207
50	0.860845
50	0.912737
50	0.946221
50	0.993629
51	0
51	0
51	0
51	0
51	0
51	0
51	0
51	0
51	0
51	0
51	0
51	0
51	0
51	0
51	0
51	0
51	0
51	0
51	0
51	0
51	0
51	0
51	0
51	0
51	0
51	0
51	0
51	0
51	0
51	0
51	0
51	0
51	0
51	0
51	0.00229263
51	0.00970052
51	0.164682
51	0.588904
51	1.27774
51	2.00587
51	2.30161
51	2.58757
51	2.45619
51	2.29385
51	2.09397
51	1.97126
51	1.82327
51	1.58432
51	1.30017
51	1.19944
51	1.03526
51	1.02853
51	0.988854
51	0.879583
51	0.80997
51	0.779947
51	0.747796
51	0.696591
51	0.754475
51	0.729606
51	0.660356
51	0.665983
51	0.670635
51	0.667249
51	0.722338
51	0.788663
51	0.738439
51	0.777096
51	0.776487
51	0.804179
51	0.898762
51	0.984445
51	1.05296
51	1.049
51	1.04661
51	1.02899
51	1.087
51	1.15709
51	1.1596
51	1.20499
51	1.22906
51	1.24679
51	1.22004
51	1.25381
51	1.25548
51	1.17751
51	1.09682
51	1.11415
51	1.07523
51	0.977341
51	0.961793
51	0.964862
51	0.949472
51	0.898754
51	0.844545
51	0.864054
51	0.888099
51	0.894296
51	0.930459
51	0.888762
52	0
52	0
52	0
52	0
52	0
52	0
52	0
52	0
52	0
52	0
52	0
52	0
52	0
52	0
52	0
52	0
52	0
52	0
52	0
52	0
52	0
52	0
52	0
52	0
52	0
52	0
52	0
52	0
52	0
52	0
52	0
52	0
52	0
52	0
52	0.00137558
52	0.0252907
52	0.107412
52	0.531232
52	1.28974
52	1.84937
52	2.33315
52	2.45638
52	2.57173
52	2.39682
52	2.21706
52	1.9954
52	1.77017
52	1.58563
52	1.32537
52	1.19329
52	1.11881
52	1.0103
52	0.998992
52	0.895296
52	0.805156
52	0.756771
52	0.712303
52	0.701279
52	0.705195
52	0.721836
52	0.676878
52	0.714036
52	0.721494
52	0.686551
52	0.709639
52	0.763321
52	0.703512
52	0.725203
52	0.839577
52	0.872314
52	0.911039
52	0.930317
52	0.963955
52	0.947421
52	1.02226
52	1.09981
52	1.0787
52	1.16878
52	1.21238
52	1.2086
52	1.22216
52	1.27177
52	1.27226
52	1.2257
52	1.12863
52	1.17046
52	1.16343
52	1.08722
52	1.05973
52	1.06873
52	1.00275
52	0.952867
52	0.951016
52	0.913463
52	0.928007
52	0.877208
52	0.910828
52	0.895398
52	0.878019
52	0.902798
53	0
53	0
53	0
53	0
53	0
53	0
53	0
53	0
53	0
53	0
53	0
53	0
53	0
53	0
53	0
53	0
53	0
53	0
53	0
53	0
53	0
53	0
53	0
53	0
53	0
53	0
53	0
53	0
53	0
53	0
53	0
53	0
53	0
53	0
53	0.00247604
53	0.0226057
53	0.150835
53	0.583703
53	1.34232
53	1.92717
53	2.38778
53	2.5242
53	2.52653
53	2.34462
53	2.11977
53	1.80675
53	1.821
53	1.48645
53	1.34514
53	1.25294
53	1.20514
53	1.04685
53	1.01068
53	0.817802
53	0.796593
53	0.789232
53	0.760619
53	0.695667
53	0.662965
53	0.666151
53	0.667186
53	0.703531
53	0.681198
53	0.701007
53	0.779643
53	0.75808
53	0.781981
53	0.847603
53	0.89192
53	0.873308
53	0.840408
53	0.88362
53	0.900054
53	0.964616
53	1.00976
53	1.08083
53	1.19347
53	1.23066
53	1.21844
53	1.20795
53	1.15759
53	1.19355
53	1.17331
53	1.13164
53	1.12093
53	1.12471
53	1.09537
53	1.10653
53	1.08989
53	1.02666
53	0.990688
53	1.01606
53	1.00044
53	0.93906
53	0.95474
53	0.961217
53	0.918049
53	0.934623
53	0.920896
53	0.926658
54	0
54	0
54	0
54	0
54	0
54	0
54	0
54	0
54	0
54	0
54	0
54	0
54	0
54	0
54	0
54	0
54	0
54	0
54	0
54	0
54	0
54	0
54	0
54	0
54	0
54	0
54	0
54	0
54	0
54	0
54	0
54	0
54	0
54	0
54	0
54	0.0221726
54	0.212939
54	0.553897
54	1.17236
54	1.85539
54	2.42033
54	2.64335
54	2.56448
54	2.41517
54	2.2611
54	1.91832
54	1.67536
54	1.4224
54	1.25033
54	1.21031
54	1.10733
54	1.03425
54	0.972101
54	0.851858
54	0.875716
54	0.768891
54	0.773613
54	0.697185
54	0.728703
54	0.729112
54	0.675715
54	0.681077
54	0.673039
54	0.728782
54	0.720948
54	0.765967
54	0.75241
54	0.771729
54	0.801914
54	0.917376
54	0.94721
54	1.00881
54	1.03247
54	0.963646
54	1.04323
54	1.09349
54	1.12352
54	1.13774
54	1.12257
54	1.15479
54	1.21136
54	1.2239
54	1.17175
54	1.18932
54	1.12732
54	1.12915
54	1.05283
54	1.01499
54	1.02899
54	1.01433
54	1.01399
54	1.04116
54	1.03779
54	0.98486
54	0.9576
54	0.948794
54	0.883152
54	0.856
54	0.904064
54	0.912027
55	0
55	0
55	0
55	0
55	0
55	0
55	0
55	0
55	0
55	0
55	0
55	0
55	0
55	0
55	0
55	0
55	0
55	0
55	0
55	0
55	0
55	0
55	0
55	0
55	0
55	0
55	0
55	0
55	0
55	0
55	0
55	0
55	0
55	0
55	0.00137558
55	0.0197475
55	0.146165
55	0.553742
55	1.18075
55	2.04218
55	2.63228
55	2.55164
55	2.44404
55	2.32287
55	2.29021
55	1.92665
55	1.66693
55	1.38258
55	1.20486
55	1.16054
55	1.16396
55	1.06582
55	0.978082
55	0.806132
55	0.785054
55	0.796213
55	0.731964
55	0.703227
55	0.761843
55	0.687858
55	0.679294
55	0.656142
55	0.610471
55	0.696729
55	0.735615
55	0.747165
55	0.747029
55	0.766794
55	0.833505
55	0.879659
55	0.934846
55	0.997235
55	1.01897
55	1.1038
55	1.13958
55	1.11857
55	1.13494
55	1.19353
55	1.27869
55	1.24639
55	1.20277
55	1.11618
55	1.08231
55	1.09497
55	1.07076
55	1.09815
55	1.01471
55	1.03241
55	1.03908
55	1.05359
55	1.01509
55	0.956779
55	0.976378
55	0.922316
55	0.924425
55	0.930218
55	0.938422
55	0.896971
55	0.958282
55	0.963815
56	0
56	0
56	0
56	0
56	0
56	0
56	0
56	0
56	0
56	0
56	0
56	0
56	0
56	0
56	0
56	0
56	0
56	0
56	0
56	0
56	0
56	0
56	0
56	0
56	0
56	0
56	0
56	0
56	0
56	0
56	0
56	0
56	0
56	0
56	0
56	0.0143776
56	0.177299
56	0.563444
56	1.26757
56	1.89876
56	2.29708
56	2.72004
56	2.59886
56	2.43905
56	2.0507
56	1.8802
56	1.65926
56	1.47484
56	1.31145
56	1.28127
56	1.13049
56	0.967375
56	0.876935
56	0.922678
56	0.765319
56	0.734977
56	0.763594
56	0.743902
56	0.751955
56	0.687888
56	0.666231
56	0.68532
56	0.739574
56	0.733059
56	0.73244
56	0.744137
56	0.761839
56	0.835265
56	0.867121
56	0.884675
56	0.94497
56	0.914581
56	0.957725
56	0.952412
56	1.01802
56	1.10209
56	1.12412
56	1.17254
56	1.23316
56	1.14558
56	1.14393
56	1.196
56	1.1913
56	1.25174
56	1.23031
56	1.14935
56	1.0927
56	1.09343
56	1.01912
56	0.990819
56	0.937936
56	0.974432
56	0.927656
56	0.935389
56	0.959959
56	0.926352
56	0.917463
56	0.884524
56	0.887773
56	0.898939
57	0
57	0
57	0
57	0
57	0
57	0
57	0
57	0
57	0
57	0
57	0
57	0
57	0
57	0
57	0
57	0
57	0
57	0
57	0
57	0
57	0
57	0
57	0
57	0
57	0
57	0
57	0
57	0
57	0
57	0
57	0
57	0
57	0
57	0
57	0
57	0.0181885
57	0.131745
57	0.587584
57	1.24136
57	1.8782
57	2.35458
57	2.49086
57	2.55777
57	2.41026
57	2.22781
57	1.90767
57	1.73286
57	1.57726
57	1.32328
57	1.15573
57	1.13289
57	1.0708
57	0.997329
57	0.88744
57	0.827463
57	0.830977
57	0.75402
57	0.69844
57	0.622265
57	0.653941
57	0.670615
57	0.666445
57	0.654484
57	0.717168
57	0.731391
57	0.754467
57	0.81523
57	0.858265
57	0.84758
57	0.835184
57	0.855825
57	0.949641
57	1.01843
57	1.05431
57	1.04846
57	1.11831
57	1.15529
57	1.06831
57	1.11435
57	1.21458
57	1.22495
57	1.24002
57	1.24676
57	1.19082
57	1.12585
57	1.08169
57	1.05753
57	1.04196
57	1.01399
57	1.00009
57	1.01657
57	0.974094
57	0.972295
57	0.972699
57	0.918864
57	0.908913
57	0.907147
57	0.953696
57	0.92372
57	0.952613
58	0
58	0
58	0
58	0
58	0
58	0
58	0
58	0
58	0
58	0
58	0
58	0
58	0
58	0
58	0
58	0
58	0
58	0
58	0
58	0
58	0
58	0
58	0
58	0
58	0
58	0
58	0
58	0
58	0
58	0
58	0
58	0
58	0
58	0
58	0
58	0.0169759
58	0.173285
58	0.54598
58	1.21963
58	1.89869
58	2.19047
58	2.54397
58	2.5956
58	2.38321
58	2.24434
58	1.9169
58	1.79076
58	1.62622
58	1.50524
58	1.27708
58	1.06282
58	0.928359
58	0.829371
58	0.793318
58	0.707768
58	0.772718
58	0.783871
58	0.733832
58	0.67062
58	0.687179
58	0.704881
58	0.709043
58	0.74575
58	0.746351
58	0.689593
58	0.679639
58	0.776674
58	0.839745
58	0.876078
58	0.811794
58	0.914069
58	0.962025
58	1.03984
58	1.04619
58	1.07572
58	1.08175
58	1.09611
58	1.17523
58	1.10374
58	1.14465
58	1.17796
58	1.10665
58	1.10633
58	1.1878
58	1.15565
58	1.17824
58	1.15049
58	1.10823
58	1.0445
58	1.05848
58	1.00218
58	1.01546
58	1.03833
58	0.996697
58	0.948713
58	0.909081
58	0.908694
58	0.875464
58	0.903401
58	0.942105
59	0
59	0
59	0
59	0
59	0
59	0
59	0
59	0
59	0
59	0
59	0
59	0
59	0
59	0
59	0
59	0
59	0
59	0
59	0
59	0
59	0
59	0
59	0
59	0
59	0
59	0
59	0
59	0
59	0
59	0
59	0
59	0
59	0
59	0
59	0
59	0.00926747
59	0.118718
59	0.546989
59	1.17832
59	2.00713
59	2.35957
59	2.45239
59	2.39533
59	2.39832
59	2.27185
59	2.0959
59	1.87396
59	1.59889
59	1.26834
59	1.12771
59	1.06928
59	0.966799
59	0.969329
59	0.911199
59	0.860795
59	0.808439
59	0.76886
59	0.756448
59	0.790071
59	0.702164
59	0.670824
59	0.65848
59	0.677314
59	0.716735
59	0.704995
59	0.703657
59	0.711509
59	0.709343
59	0.7877
59	0.824427
59	0.885057
59	0.949128
59	0.974214
59	0.993935
59	1.0497
59	1.15693
59	1.16193
59	1.15422
59	1.21587
59	1.16719
59	1.16803
59	1.14763
59	1.18198
59	1.21748
59	1.21483
59	1.18637
59	1.10749
59	1.11125
59	1.09637
59	1.02669
59	1.00208
59	0.990587
59	0.990067
59	0.969714
59	0.898707
59	0.976801
59	0.942407
59	0.896971
59	0.855472
59	0.873899
60	0
60	0
60	0
60	0
60	0
60	0
60	0
60	0
60	0
60	0
60	0
60	0
60	0
60	0
60	0
60	0
60	0
60	0
60	0
60	0
60	0
60	0
60	0
60	0
60	0
60	0
60	0
60	0
60	0
60	0
60	0
60	0
60	0
60	0
60	0
60	0.0382824
60	0.188032
60	0.609939
60	1.14894
60	1.70022
60	2.29216
60	2.56279
60	2.57095
60	2.44787
60	2.26132
60	2.11151
60	1.8944
60	1.48268
60	1.33892
60	1.29281
60	1.13807
60	0.954164
60	0.868499
60	0.840188
60	0.825295
60	0.827186
60	0.714594
60	0.731521
60	0.681209
60	0.65909
60	0.684035
60	0.712824
60	0.663342
60	0.710915
60	0.641157
60	0.672845
60	0.689244
60	0.751389
60	0.827597
60	0.859862
60	0.807662
60	0.928758
60	0.993507
60	1.01618
60	1.04476
60	1.11156
60	1.13358
60	1.1996
60	1.22161
60	1.2751
60	1.28194
60	1.26441
60	1.18896
60	1.19364
60	1.21208
60	1.15613
60	1.16659
60	1.08983
60	1.08001
60	1.02017
60	1.00448
60	0.976923
60	0.955494
60	0.923765
60	0.870862
60	0.868195
60	0.873575
60	0.883835
60	0.878424
60	0.888023
61	0
61	0
61	0
61	0
61	0
61	0
61	0
61	0
61	0
61	0
61	0
61	0
61	0
61	0
61	0
61	0
61	0
61	0
61	0
61	0
61	0
61	0
61	0
61	0
61	0
61	0
61	0
61	0
61	0
61	0
61	0
61	0
61	0
61	0
61	0.000550231
61	0.0207002
61	0.133466
61	0.521452
61	1.24099
61	1.86903
61	2.2461
61	2.28057
61	2.45087
61	2.51133
61	2.31865
61	2.03579
61	1.81747
61	1.57208
61	1.33665
61	1.2398
61	1.2122
61	1.09751
61	0.976299
61	0.842629
61	0.812543
61	0.764213
61	0.692607
61	0.731983
61	0.712181
61	0.731579
61	0.772011
61	0.698855
61	0.707354
61	0.647162
61	0.68634
61	0.700324
61	0.747399
61	0.781192
61	0.801239
61	0.851636
61	0.914904
61	0.910609
61	0.947632
61	0.934489
61	0.979626
61	1.03644
61	1.04946
61	1.11102
61	1.19781
61	1.1874
61	1.19835
61	1.27968
61	1.2622
61	1.21512
61	1.22484
61	1.14136
61	1.12913
61	1.14415
61	1.07608
61	1.02955
61	0.999058
61	0.99781
61	0.987082
61	0.965269
61	0.948127
61	0.961445
61	0.901075
61	0.924461
61	0.887852
61	0.922027
62	0
62	0
62	0
62	0
62	0
62	0
62	0
62	0
62	0
62	0
62	0
62	0
62	0
62	0
62	0
62	0
62	0
62	0
62	0
62	0
62	0
62	0
62	0
62	0
62	0
62	0
62	0
62	0
62	0
62	0
62	0
62	0
62	0
62	0
62	0
62	0.0274559
62	0.145264
62	0.552888
62	1.18635
62	1.90436
62	2.35018
62	2.60114
62	2.48954
62	2.44695
62	2.31358
62	2.10202
62	1.73523
62	1.55022
62	1.36528
62	1.18932
62	1.10275
62	1.05187
62	0.923191
62	0.858494
62	0.761681
62	0.731858
62	0.674415
62	0.728187
62	0.697157
62	0.682431
62	0.649531
62	0.640442
62	0.687877
62	0.656041
62	0.663014
62	0.726937
62	0.756409
62	0.799161
62	0.845672
62	0.887455
62	0.904955
62	1.04995
62	0.954091
62	1.00369
62	1.10304
62	1.06656
62	1.09431
62	1.10175
62	1.20296
62	1.24784
62	1.31684
62	1.27141
62	1.20626
62	1.17651
62	1.18717
62	1.13021
62	1.16498
62	1.10991
62	1.03143
62	0.971427
62	0.948652
62	0.957731
62	0.931509
62	0.938661
62	0.905014
62	0.882259
62	0.833333
62	0.825157
62	0.884038
62	0.922303
63	0
63	0
63	0
63	0
63	0
63	0
63	0
63	0
63	0
63	0
63	0
63	0
63	0
63	0
63	0
63	0
63	0
63	0
63	0
63	0
63	0
63	0
63	0
63	0
63	0
63	0
63	0
63	0
63	0
63	0
63	0
63	0
63	0
63	0
63	0.00311798
63	0.0329991
63	0.163781
63	0.664584
63	1.29099
63	1.88505
63	2.32796
63	2.65571
63	2.55094
63	2.41009
63	2.13206
63	1.87181
63	1.6381
63	1.56144
63	1.37442
63	1.13974
63	1.03838
63	1.02125
63	0.97923
63	0.975306
63	0.867815
63	0.830623
63	0.7506
63	0.794845
63	0.654576
63	0.646479
63	0.671808
63	0.678191
63	0.630759
63	0.669496
63	0.735457
63	0.76841
63	0.755249
63	0.742261
63	0.759504
63	0.849263
63	0.941698
63	0.967982
63	0.980943
63	1.04524
63	1.05934
63	1.08853
63	1.05158
63	1.17127
63	1.23164
63	1.21472
63	1.23871
63	1.20472
63	1.20888
63	1.20056
63	1.21015
63	1.1894
63	1.09302
63	1.03716
63	1.00327
63	1.02301
63	0.995179
63	0.977249
63	0.967116
63	0.958015
63	0.912434
63	0.902474
63	0.919737
63	0.88566
63	0.900532
63	0.863403
64	0
64	0
64	0
64	0
64	0
64	0
64	0
64	0
64	0
64	0
64	0
64	0
64	0
64	0
64	0
64	0
64	0
64	0
64	0
64	0
64	0
64	0
64	0
64	0
64	0
64	0
64	0
64	0
64	0
64	0
64	0
64	0
64	0
64	0
64	0
64	0.0168027
64	0.201469
64	0.520132
64	1.01948
64	1.79473
64	2.58423
64	2.67276
64	2.5113
64	2.35742
64	2.28271
64	2.14367
64	1.61831
64	1.41417
64	1.32263
64	1.24421
64	1.08264
64	1.03269
64	0.982913
64	0.922792
64	0.834776
64	0.794512
64	0.781956
64	0.705736
64	0.678339
64	0.628812
64	0.662593
64	0.637383
64	0.732141
64	0.753714
64	0.728399
64	0.746503
64	0.713903
64	0.747843
64	0.801821
64	0.837399
64	0.897246
64	0.918296
64	0.961671
64	0.986863
64	1.06756
64	1.07305
64	1.09586
64	1.17961
64	1.25134
64	1.1871
64	1.18628
64	1.21002
64	1.19282
64	1.17444
64	1.19263
64	1.15277
64	1.14563
64	1.08714
64	1.05768
64	1.02472
64	1.02815
64	1.04499
64	0.98587
64	0.989393
64	0.971632
64	0.894635
64	0.866178
64	0.903023
64	0.860647
64	0.87788
65	0
65	0
65	0
65	0
65	0
65	0
65	0
65	0
65	0
65	0
65	0
65	0
65	0
65	0
65	0
65	0
65	0
65	0
65	0
65	0
65	0
65	0
65	0
65	0
65	0
65	0
65	0
65	0
65	0
65	0
65	0
65	0
65	0
65	0
65	0.00339309
65	0.0344715
65	0.143298
65	0.623522
65	1.28031
65	1.84937
65	2.38239
65	2.5235
65	2.42391
65	2.32645
65	2.11304
65	1.90983
65	1.76633
65	1.5672
65	1.39113
65	1.32751
65	1.20895
65	1.06265
65	1.03578
65	0.903152
65	0.797732
65	0.792953
65	0.756003
65	0.670014
65	0.654289
65	0.651906
65	0.638795
65	0.634208
65	0.572048
65	0.634736
65	0.736323
65	0.745638
65	0.76453
65	0.760996
65	0.829155
65	0.821399
65	0.858417
65	0.935783
65	1.00831
65	1.05708
65	1.07114
65	1.06815
65	1.13035
65	1.13079
65	1.26569
65	1.21322
65	1.21688
65	1.21887
65	1.16282
65	1.16485
65	1.22402
65	1.18741
65	1.13142
65	1.09614
65	1.05462
65	1.05849
65	1.0196
65	1.00346
65	0.986023
65	0.952233
65	0.941746
65	0.936537
65	0.880784
65	0.8687
65	0.897651
65	0.868045
66	0
66	0
66	0
66	0
66	0
66	0
66	0
66	0
66	0
66	0
66	0
66	0
66	0
66	0
66	0
66	0
66	0
66	0
66	0
66	0
66	0
66	0
66	0
66	0
66	0
66	0
66	0
66	0
66	0
66	0
66	0
66	0
66	0
66	0
66	0
66	0.012039
66	0.173776
66	0.632837
66	1.26905
66	1.98831
66	2.35198
66	2.64816
66	2.48018
66	2.43761
66	2.31292
66	1.95222
66	1.58081
66	1.44146
66	1.26811
66	1.13778
66	1.17732
66	1.02372
66	0.956498
66	0.90155
66	0.833012
66	0.768678
66	0.730597
66	0.698803
66	0.593175
66	0.631803
66	0.662742
66	0.669706
66	0.707131
66	0.730433
66	0.71633
66	0.752533
66	0.846924
66	0.856923
66	0.829458
66	0.840766
66	0.905877
66	0.972061
66	1.03107
66	1.07015
66	1.06805
66	1.15819
66	1.16848
66	1.12781
66	1.10773
66	1.18132
66	1.19379
66	1.16395
66	1.17215
66	1.14512
66	1.14314
66	1.12471
66	1.0972
66	1.06199
66	1.10365
66	1.07362
66	1.03527
66	0.93035
66	0.939049
66	0.959014
66	0.94188
66	0.911367
66	0.913161
66	0.868643
66	0.848114
66	0.856456
67	0
67	0
67	0
67	0
67	0
67	0
67	0
67	0
67	0
67	0
67	0
67	0
67	0
67	0
67	0
67	0
67	0
67	0
67	0
67	0
67	0
67	0
67	0
67	0
67	0
67	0
67	0
67	0
67	0
67	0
67	0
67	0
67	0
67	0
67	0
67	0.0245111
67	0.139365
67	0.609551
67	1.23937
67	1.94837
67	2.22601
67	2.51171
67	2.62938
67	2.52096
67	2.33882
67	2.00953
67	1.69843
67	1.49879
67	1.30379
67	1.13439
67	1.03543
67	0.953587
67	0.894241
67	0.858456
67	0.774984
67	0.786822
67	0.809551
67	0.691342
67	0.666473
67	0.669142
67	0.635037
67	0.696114
67	0.668623
67	0.739042
67	0.718088
67	0.737929
67	0.751497
67	0.814685
67	0.906273
67	0.965941
67	0.931002
67	0.946374
67	0.953924
67	1.01277
67	1.03991
67	1.07572
67	1.14596
67	1.11669
67	1.22512
67	1.28472
67	1.22542
67	1.1993
67	1.17874
67	1.11534
67	1.10018
67	1.11858
67	1.12652
67	1.12604
67	1.03603
67	1.01136
67	0.987009
67	0.98425
67	0.962025
67	0.931331
67	0.925134
67	0.927884
67	0.872344
67	0.858768
67	0.84592
67	0.884649
68	0
68	0
68	0
68	0
68	0
68	0
68	0
68	0
68	0
68	0
68	0
68	0
68	0
68	0
68	0
68	0
68	0
68	0
68	0
68	0
68	0
68	0
68	0
68	0
68	0
68	0
68	0
68	0
68	0
68	0
68	0
68	0
68	0
68	0
68	0
68	0.0329125
68	0.155178
68	0.544428
68	1.21021
68	1.78816
68	2.43523
68	2.65919
68	2.62938
68	2.41528
68	2.20322
68	1.95581
68	1.80661
68	1.45941
68	1.27442
68	1.21868
68	1.07044
68	0.900578
68	0.885014
68	0.892741
68	0.793727
68	0.755672
68	0.776725
68	0.731191
68	0.716487
68	0.718999
68	0.706193
68	0.725551
68	0.724288
68	0.763378
68	0.712788
68	0.716557
68	0.749991
68	0.781815
68	0.861491
68	0.874393
68	0.844317
68	0.896986
68	0.958701
68	0.964131
68	1.02464
68	1.05818
68	1.16848
68	1.1299
68	1.17107
68	1.16912
68	1.23711
68	1.22433
68	1.21457
68	1.21161
68	1.18696
68	1.16594
68	1.13527
68	1.05534
68	1.11444
68	1.05017
68	1.03203
68	0.95129
68	0.983369
68	0.970851
68	0.945523
68	0.927226
68	0.877572
68	0.840269
68	0.863662
68	0.875465
69	0
69	0
69	0
69	0
69	0
69	0
69	0
69	0
69	0
69	0
69	0
69	0
69	0
69	0
69	0
69	0
69	0
69	0
69	0
69	0
69	0
69	0
69	0
69	0
69	0
69	0
69	0
69	0
69	0
69	0
69	0
69	0
69	0
69	0
69	0
69	0.0152437
69	0.154195
69	0.577338
69	1.15196
69	2.05239
69	2.29755
69	2.60748
69	2.456
69	2.30314
69	2.00098
69	1.92016
69	1.80151
69	1.64886
69	1.41066
69	1.20732
69	1.21207
69	1.03837
69	0.980537
69	0.892397
69	0.851167
69	0.79554
69	0.737846
69	0.768961
69	0.706152
69	0.675709
69	0.699096
69	0.63617
69	0.663342
69	0.705771
69	0.662174
69	0.731822
69	0.770528
69	0.77597
69	0.792748
69	0.805354
69	0.897268
69	0.95784
69	0.987194
69	1.02976
69	1.0736
69	1.04883
69	1.14846
69	1.16031
69	1.18209
69	1.16632
69	1.15579
69	1.19958
69	1.17525
69	1.20383
69	1.14625
69	1.10599
69	1.07862
69	1.06245
69	1.05888
69	1.06095
69	1.05277
69	1.02197
69	1.02219
69	0.979017
69	0.975593
69	0.931451
69	0.930181
69	0.953869
69	0.92894
69	0.895653
70	0
70	0
70	0
70	0
70	0
70	0
70	0
70	0
70	0
70	0
70	0
70	0
70	0
70	0
70	0
70	0
70	0
70	0
70	0
70	0
70	0
70	0
70	0
70	0
70	0
70	0
70	0
70	0
70	0
70	0
70	0
70	0
70	0
70	0
70	0.00119217
70	0.0365502
70	0.180003
70	0.62329
70	1.2189
70	1.9271
70	2.35205
70	2.74837
70	2.62805
70	2.46201
70	2.17913
70	1.92212
70	1.65476
70	1.45733
70	1.28342
70	1.20523
70	1.11598
70	0.974248
70	0.900657
70	0.780581
70	0.805413
70	0.81542
70	0.720646
70	0.683187
70	0.65633
70	0.605194
70	0.657016
70	0.646272
70	0.648112
70	0.690476
70	0.742201
70	0.811561
70	0.842481
70	0.881743
70	0.885964
70	0.885805
70	0.935768
70	0.986922
70	1.02754
70	1.07763
70	1.09505
70	1.05848
70	1.11787
70	1.18015
70	1.18022
70	1.21139
70	1.17075
70	1.16231
70	1.16752
70	1.1434
70	1.12377
70	1.08986
70	1.06043
70	1.06974
70	1.03388
70	0.961792
70	0.932938
70	0.927965
70	0.954511
70	0.936713
70	0.974847
70	0.929596
70	0.955489
70	0.921786
70	0.87695
70	0.947343
71	0
71	0
71	0
71	0
71	0
71	0
71	0
71	0
71	0
71	0
71	0
71	0
71	0
71	0
71	0
71	0
71	0
71	0
71	0
71	0
71	0
71	0
71	0
71	0
71	0
71	0
71	0
71	0
71	0
71	0
71	0
71	0
71	0
71	0
71	0.000641936
71	0.0359439
71	0.187705
71	0.595113
71	1.24084
71	1.85049
71	2.44096
71	2.52889
71	2.50145
71	2.34791
71	2.18073
71	1.8803
71	1.83312
71	1.56091
71	1.40189
71	1.26314
71	1.15266
71	1.05491
71	0.942518
71	0.906317
71	0.766458
71	0.737139
71	0.704028
71	0.668891
71	0.68022
71	0.621165
71	0.632413
71	0.664944
71	0.676252
71	0.680676
71	0.712919
71	0.759047
71	0.763715
71	0.842668
71	0.858025
71	0.893014
71	0.877239
71	0.927264
71	0.995604
71	0.987651
71	1.04895
71	1.08353
71	1.09566
71	1.15993
71	1.18769
71	1.20458
71	1.21532
71	1.19725
71	1.25059
71	1.22993
71	1.16825
71	1.13357
71	1.12964
71	1.12952
71	1.02304
71	1.0129
71	1.04758
71	0.994863
71	0.96487
71	0.947176
71	0.878819
71	0.884329
71	0.865206
71	0.894319
71	0.921548
71	0.906911
72	0
72	0
72	0
72	0
72	0
72	0
72	0
72	0
72	0
72	0
72	0
72	0
72	0
72	0
72	0
72	0
72	0
72	0
72	0
72	0
72	0
72	0
72	0
72	0
72	0
72	0
72	0
72	0
72	0
72	0
72	0
72	0
72	0
72	0
72	0.00375991
72	0.0318732
72	0.150016
72	0.591155
72	1.14923
72	1.85581
72	2.34626
72	2.56406
72	2.38645
72	2.34312
72	2.23817
72	2.06215
72	1.83397
72	1.53019
72	1.42876
72	1.29682
72	1.14081
72	1.01211
72	0.941647
72	0.82726
72	0.769802
72	0.716833
72	0.797994
72	0.774276
72	0.755241
72	0.730839
72	0.699722
72	0.635334
72	0.655853
72	0.666572
72	0.690485
72	0.739048
72	0.736563
72	0.775227
72	0.775928
72	0.862325
72	0.824244
72	0.902025
72	0.938349
72	1.00666
72	1.09501
72	1.13686
72	1.19698
72	1.1694
72	1.2629
72	1.17496
72	1.11637
72	1.17508
72	1.20873
72	1.2015
72	1.16788
72	1.13979
72	1.13567
72	1.06894
72	1.05538
72	1.03095
72	1.02046
72	0.962868
72	0.994315
72	0.96869
72	0.940903
72	0.930505
72	0.929302
72	0.932028
72	0.938222
72	0.915048
73	0
73	0
73	0
73	0
73	0
73	0
73	0
73	0
73	0
73	0
73	0
73	0
73	0
73	0
73	0
73	0
73	0
73	0
73	0
73	0
73	0
73	0
73	0
73	0
73	0
73	0
73	0
73	0
73	0
73	0
73	0
73	0
73	0
73	0
73	0
73	0.0237316
73	0.171482
73	0.600857
73	1.25321
73	1.94578
73	2.24411
73	2.53434
73	2.50187
73	2.49489
73	2.1626
73	2.06353
73	1.85053
73	1.71176
73	1.42315
73	1.21846
73	1.03016
73	0.900208
73	0.85848
73	0.837061
73	0.82298
73	0.780621
73	0.714628
73	0.726899
73	0.62571
73	0.636243
73	0.624749
73	0.619922
73	0.678404
73	0.708451
73	0.734565
73	0.73167
73	0.750411
73	0.782654
73	0.82548
73	0.882529
73	0.907656
73	0.925022
73	1.00495
73	1.04097
73	1.08398
73	1.14571
73	1.1811
73	1.17176
73	1.22719
73	1.23178
73	1.22406
73	1.20906
73	1.15785
73	1.14999
73	1.21159
73	1.14825
73	1.12642
73	1.075
73	1.07526
73	1.02322
73	1.05499
73	0.955997
73	0.926151
73	0.904486
73	0.880824
73	0.851571
73	0.890619
73	0.883111
73	0.840598
73	0.878431
74	0
74	0
74	0
74	0
74	0
74	0
74	0
74	0
74	0
74	0
74	0
74	0
74	0
74	0
74	0
74	0
74	0
74	0
74	0
74	0
74	0
74	0
74	0
74	0
74	0
74	0
74	0
74	0
74	0
74	0
74	0
74	0
74	0
74	0
74	0
74	0.0257237
74	0.135514
74	0.524013
74	1.24688
74	1.81572
74	2.36409
74	2.5749
74	2.54381
74	2.40732
74	2.28602
74	1.9644
74	1.67561
74	1.51998
74	1.46217
74	1.34484
74	1.18121
74	1.01203
74	0.890044
74	0.840608
74	0.73489
74	0.692416
74	0.67568
74	0.692629
74	0.779514
74	0.724179
74	0.715349
74	0.733719
74	0.639785
74	0.66308
74	0.696677
74	0.692233
74	0.736341
74	0.805486
74	0.828318
74	0.795139
74	0.826506
74	0.907492
74	0.928028
74	1.08254
74	1.09226
74	1.22148
74	1.17206
74	1.16013
74	1.1369
74	1.26919
74	1.20759
74	1.18425
74	1.20164
74	1.20834
74	1.15028
74	1.05861
74	1.08853
74	1.04466
74	1.09175
74	1.03122
74	1.01938
74	0.974094
74	0.945696
74	0.955517
74	0.958211
74	0.928087
74	0.93834
74	0.888566
74	0.901904
74	0.915588
75	0
75	0
75	0
75	0
75	0
75	0
75	0
75	0
75	0
75	0
75	0
75	0
75	0
75	0
75	0
75	0
75	0
75	0
75	0
75	0
75	0
75	0
75	0
75	0
75	0
75	0
75	0
75	0
75	0
75	0
75	0
75	0
75	0
75	0
75	0
75	0.039495
75	0.12896
75	0.531931
75	1.20439
75	1.8039
75	2.29868
75	2.47337
75	2.55191
75	2.5186
75	2.40773
75	2.05852
75	1.81681
75	1.51495
75	1.39024
75	1.24568
75	1.07446
75	0.931322
75	0.928577
75	0.822874
75	0.788067
75	0.692133
75	0.703104
75	0.685036
75	0.67483
75	0.69165
75	0.666381
75	0.670341
75	0.658088
75	0.620362
75	0.677891
75	0.740066
75	0.84137
75	0.798586
75	0.860468
75	0.901218
75	0.934648
75	1.0121
75	0.986238
75	1.03748
75	1.05296
75	1.07912
75	1.16568
75	1.16592
75	1.1775
75	1.21593
75	1.20391
75	1.17536
75	1.18091
75	1.10809
75	1.14895
75	1.17184
75	1.10221
75	1.06683
75	1.0287
75	1.03503
75	1.0273
75	1.00609
75	0.980193
75	0.932205
75	0.93017
75	0.910601
75	0.925586
75	0.882572
75	0.895716
75	0.89798
76	0
76	0
76	0
76	0
76	0
76	0
76	0
76	0
76	0
76	0
76	0
76	0
76	0
76	0
76	0
76	0
76	0
76	0
76	0
76	0
76	0
76	0
76	0
76	0
76	0
76	0
76	0
76	0
76	0
76	0
76	0
76	0
76	0
76	0
76	0
76	0.0184483
76	0.132565
76	0.537985
76	1.24173
76	2.02777
76	2.37388
76	2.73284
76	2.63917
76	2.37733
76	2.25377
76	1.88637
76	1.62291
76	1.46468
76	1.33586
76	1.1666
76	1.08628
76	1.09352
76	1.00204
76	0.899491
76	0.718536
76	0.654108
76	0.697428
76	0.717985
76	0.670715
76	0.614845
76	0.603903
76	0.681857
76	0.742285
76	0.811321
76	0.763139
76	0.74055
76	0.788473
76	0.78275
76	0.83418
76	0.906348
76	0.914882
76	0.910502
76	0.958327
76	0.994723
76	1.06498
76	1.12744
76	1.15865
76	1.21294
76	1.20021
76	1.27059
76	1.27567
76	1.23907
76	1.26387
76	1.17917
76	1.1104
76	1.16107
76	1.07384
76	1.01457
76	1.00132
76	0.978445
76	0.968883
76	0.956727
76	0.899066
76	0.875967
76	0.884919
76	0.891439
76	0.87742
76	0.896098
76	0.873653
76	0.927309
77	0
77	0
77	0
77	0
77	0
77	0
77	0
77	0
77	0
77	0
77	0
77	0
77	0
77	0
77	0
77	0
77	0
77	0
77	0
77	0
77	0
77	0
77	0
77	0
77	0
77	0
77	0
77	0
77	0
77	0
77	0
77	0
77	0
77	0
77	0
77	0.0190546
77	0.208269
77	0.559175
77	1.21102
77	1.83755
77	2.44282
77	2.56736
77	2.54514
77	2.45082
77	2.2078
77	1.89876
77	1.66082
77	1.54548
77	1.45786
77	1.27882
77	1.15155
77	1.09212
77	0.996695
77	0.911733
77	0.804899
77	0.719703
77	0.654719
77	0.652846
77	0.658754
77	0.622399
77	0.657643
77	0.663992
77	0.627769
77	0.655527
77	0.728058
77	0.773168
77	0.73528
77	0.821992
77	0.849278
77	0.8715
77	0.870738
77	0.952182
77	0.946178
77	1.03869
77	1.072
77	1.1032
77	1.15141
77	1.15991
77	1.22282
77	1.21446
77	1.21867
77	1.20597
77	1.23071
77	1.21913
77	1.16672
77	1.12868
77	1.11113
77	1.07967
77	1.09943
77	1.03504
77	0.961926
77	0.966831
77	0.986622
77	0.944355
77	0.928337
77	0.900451
77	0.910699
77	0.851511
77	0.891756
77	0.924585
78	0
78	0
78	0
78	0
78	0
78	0
78	0
78	0
78	0
78	0
78	0
78	0
78	0
78	0
78	0
78	0
78	0
78	0
78	0
78	0
78	0
78	0
78	0
78	0
78	0
78	0
78	0
78	0
78	0
78	0
78	0
78	0
78	0
78	0
78	0
78	0.0209601
78	0.171892
78	0.522539
78	1.12884
78	1.86092
78	2.48627
78	2.64126
78	2.35357
78	2.29778
78	2.04921
78	2.0117
78	1.89723
78	1.63512
78	1.40263
78	1.22652
78	1.15241
78	1.09023
78	0.971428
78	0.813531
78	0.823825
78	0.827823
78	0.765201
78	0.689625
78	0.671002
78	0.628596
78	0.634232
78	0.689966
78	0.699446
78	0.698868
78	0.700797
78	0.729227
78	0.711509
78	0.74262
78	0.815848
78	0.84054
78	0.916573
78	0.972509
78	0.957766
78	0.95318
78	1.01611
78	1.09117
78	1.0981
78	1.23724
78	1.1596
78	1.18285
78	1.20268
78	1.19064
78	1.16453
78	1.18673
78	1.19769
78	1.19385
78	1.17549
78	1.14981
78	1.08936
78	0.990287
78	1.03459
78	1.04295
78	1.00194
78	0.963746
78	0.914744
78	0.909081
78	0.934858
78	0.919914
78	0.89557
78	0.854317
79	0
79	0
79	0
79	0
79	0
79	0
79	0
79	0
79	0
79	0
79	0
79	0
79	0
79	0
79	0
79	0
79	0
79	0
79	0
79	0
79	0
79	0
79	0
79	0
79	0
79	0
79	0
79	0
79	0
79	0
79	0
79	0
79	0
79	0
79	0
79	0.0375029
79	0.205648
79	0.577727
79	1.16205
79	1.79718
79	2.20704
79	2.465
79	2.46682
79	2.48231
79	2.12203
79	1.97315
79	1.81338
79	1.73459
79	1.45308
79	1.33999
79	1.15925
79	1.05524
79	0.965131
79	0.873634
79	0.849697
79	0.823287
79	0.76992
79	0.731983
79	0.653045
79	0.644136
79	0.601696
79	0.609965
79	0.618715
79	0.634466
79	0.661807
79	0.670886
79	0.70951
79	0.785145
79	0.786816
79	0.873286
79	0.972072
79	0.975029
79	1.00601
79	0.993188
79	1.0559
79	1.0652
79	1.10552
79	1.16856
79	1.19589
79	1.21163
79	1.19163
79	1.15
79	1.15955
79	1.19757
79	1.16611
79	1.21701
79	1.18635
79	1.09817
79	1.14585
79	1.0584
79	1.04225
79	1.00224
79	0.984084
79	0.942869
79	0.940279
79	0.907465
79	0.880479
79	0.902138
79	0.919523
79	0.906889
80	0
80	0
80	0
80	0
80	0
80	0
80	0
80	0
80	0
80	0
80	0
80	0
80	0
80	0
80	0
80	0
80	0
80	0
80	0
80	0
80	0
80	0
80	0
80	0
80	0
80	0
80	0
80	0
80	0
80	0
80	0
80	0
80	0
80	0
80	0.00366821
80	0.0283221
80	0.169925
80	0.601634
80	1.06661
80	1.69022
80	2.18422
80	2.58086
80	2.57808
80	2.36446
80	2.21678
80	1.99356
80	1.80252
80	1.54949
80	1.31363
80	1.281
80	1.23031
80	1.05993
80	1.05329
80	0.957115
80	0.839113
80	0.821516
80	0.75908
80	0.722475
80	0.726311
80	0.702812
80	0.671719
80	0.66226
80	0.654539
80	0.662349
80	0.647664
80	0.69465
80	0.752928
80	0.767321
80	0.723097
80	0.80228
80	0.851675
80	0.96858
80	1.02941
80	0.98658
80	1.00462
80	1.07572
80	1.11319
80	1.1072
80	1.20416
80	1.18125
80	1.2231
80	1.27235
80	1.24471
80	1.20765
80	1.22062
80	1.17002
80	1.11997
80	1.04821
80	1.042
80	1.03437
80	1.06163
80	0.960573
80	0.936204
80	1.0071
80	0.995994
80	1.01844
80	0.951011
80	0.96023
80	0.919928
80	0.905047
81	0
81	0
81	0
81	0
81	0
81	0
81	0
81	0
81	0
81	0
81	0
81	0
81	0
81	0
81	0
81	0
81	0
81	0
81	0
81	0
81	0
81	0
81	0
81	0
81	0
81	0
81	0
81	0
81	0
81	0
81	0
81	0
81	0
81	0
81	0.00275116
81	0.0181019
81	0.182543
81	0.587895
81	1.208
81	1.86448
81	2.3816
81	2.62763
81	2.59409
81	2.33227
81	2.28453
81	1.86043
81	1.6955
81	1.44601
81	1.3889
81	1.21881
81	1.08379
81	0.970626
81	0.958953
81	0.831226
81	0.851424
81	0.838774
81	0.869973
81	0.715806
81	0.700188
81	0.689523
81	0.690298
81	0.612649
81	0.601585
81	0.63027
81	0.682483
81	0.749302
81	0.801407
81	0.7701
81	0.856955
81	0.877353
81	0.867224
81	0.865492
81	1.00028
81	1.04976
81	1.08247
81	1.11174
81	1.16161
81	1.21674
81	1.17722
81	1.21166
81	1.19647
81	1.27337
81	1.21988
81	1.19024
81	1.12837
81	1.0887
81	1.08789
81	1.06333
81	1.07184
81	1.05393
81	0.995699
81	1.00124
81	0.94516
81	0.940022
81	0.915759
81	0.882199
81	0.90254
81	0.901782
81	0.912356
81	0.897054
82	0
82	0
82	0
82	0
82	0
82	0
82	0
82	0
82	0
82	0
82	0
82	0
82	0
82	0
82	0
82	0
82	0
82	0
82	0
82	0
82	0
82	0
82	0
82	0
82	0
82	0
82	0
82	0
82	0
82	0
82	0
82	0
82	0
82	0
82	0.00229263
82	0.0117792
82	0.156898
82	0.573768
82	1.23201
82	1.9569
82	2.4522
82	2.66433
82	2.57578
82	2.20865
82	2.04172
82	1.8502
82	1.76784
82	1.63328
82	1.44825
82	1.16812
82	1.05619
82	1.04866
82	0.944458
82	0.924127
82	0.799533
82	0.759819
82	0.696778
82	0.732545
82	0.719325
82	0.739596
82	0.724653
82	0.709332
82	0.683238
82	0.682842
82	0.669285
82	0.686127
82	0.761938
82	0.783085
82	0.849953
82	0.852246
82	0.862985
82	0.924125
82	0.974027
82	1.01582
82	1.06349
82	1.12888
82	1.12921
82	1.15302
82	1.18301
82	1.18613
82	1.22133
82	1.21748
82	1.26017
82	1.19253
82	1.18523
82	1.1113
82	1.14163
82	1.11439
82	1.05676
82	1.02868
82	0.986436
82	0.985072
82	0.979057
82	0.959938
82	0.927506
82	0.899566
82	0.84182
82	0.873362
82	0.921379
82	0.887902
83	0
83	0
83	0
83	0
83	0
83	0
83	0
83	0
83	0
83	0
83	0
83	0
83	0
83	0
83	0
83	0
83	0
83	0
83	0
83	0
83	0
83	0
83	0
83	0
83	0
83	0
83	0
83	0
83	0
83	0
83	0
83	0
83	0
83	0
83	0
83	0.0117792
83	0.147394
83	0.606912
83	1.25623
83	1.96194
83	2.32796
83	2.5183
83	2.44748
83	2.30868
83	2.11525
83	1.91742
83	1.71302
83	1.54649
83	1.38287
83	1.2786
83	1.12861
83	1.15871
83	1.00172
83	0.873405
83	0.833968
83	0.797914
83	0.689529
83	0.719801
83	0.704557
83	0.708238
83	0.675894
83	0.681597
83	0.684943
83	0.685549
83	0.681459
83	0.767265
83	0.796594
83	0.833061
83	0.793283
83	0.886393
83	0.836499
83	0.856951
83	0.966592
83	1.05069
83	1.11859
83	1.16199
83	1.08773
83	1.14506
83	1.16868
83	1.18942
83	1.19775
83	1.20793
83	1.16097
83	1.13718
83	1.16867
83	1.18395
83	1.17879
83	1.13653
83	1.04205
83	0.996338
83	1.01192
83	0.984002
83	0.956744
83	0.933904
83	0.949532
83	0.95169
83	0.954926
83	0.898269
83	0.858161
83	0.851252
84	0
84	0
84	0
84	0
84	0
84	0
84	0
84	0
84	0
84	0
84	0
84	0
84	0
84	0
84	0
84	0
84	0
84	0
84	0
84	0
84	0
84	0
84	0
84	0
84	0
84	0
84	0
84	0
84	0
84	0
84	0
84	0
84	0
84	0
84	0
84	0.0279756
84	0.191064
84	0.588438
84	1.2569
84	1.83216
84	2.34726
84	2.51412
84	2.53052
84	2.39365
84	2.11095
84	1.8445
84	1.8364
84	1.58128
84	1.36556
84	1.26194
84	1.12523
84	1.0417
84	1.00184
84	0.849265
84	0.77458
84	0.837888
84	0.801789
84	0.689493
84	0.65094
84	0.702688
84	0.715498
84	0.697239
84	0.630759
84	0.632192
84	0.689226
84	0.772608
84	0.713484
84	0.743123
84	0.824851
84	0.836427
84	0.900343
84	0.950047
84	1.0317
84	1.02962
84	1.02175
84	1.06015
84	1.11849
84	1.16905
84	1.2028
84	1.21603
84	1.25056
84	1.20954
84	1.17885
84	1.17183
84	1.14722
84	1.1373
84	1.10859
84	1.09658
84	1.08104
84	1.00499
84	0.998018
84	1.00287
84	0.994239
84	0.98039
84	0.94853
84	0.919147
84	0.937859
84	0.931534
84	0.91041
84	0.90389
85	0
85	0
85	0
85	0
85	0
85	0
85	0
85	0
85	0
85	0
85	0
85	0
85	0
85	0
85	0
85	0
85	0
85	0
85	0
85	0
85	0
85	0
85	0
85	0
85	0
85	0
85	0
85	0
85	0
85	0
85	0
85	0
85	0
85	0
85	0
85	0.0193144
85	0.203435
85	0.565618
85	1.22118
85	1.83664
85	2.30873
85	2.59974
85	2.56152
85	2.3276
85	2.23767
85	1.90777
85	1.73488
85	1.47523
85	1.44407
85	1.24791
85	1.18772
85	1.08006
85	0.873093
85	0.815971
85	0.844368
85	0.760917
85	0.687956
85	0.73512
85	0.769339
85	0.714374
85	0.660774
85	0.712189
85	0.676895
85	0.640421
85	0.702765
85	0.71821
85	0.741697
85	0.806084
85	0.806683
85	0.904359
85	0.93333
85	0.962303
85	0.97627
85	0.992905
85	1.02925
85	1.0531
85	1.09549
85	1.08863
85	1.14213
85	1.15178
85	1.19849
85	1.18398
85	1.2096
85	1.21808
85	1.20371
85	1.17672
85	1.14055
85	1.10847
85	1.11483
85	1.06675
85	1.02534
85	0.982138
85	0.984671
85	0.929121
85	0.956976
85	0.912001
85	0.885262
85	0.87567
85	0.862504
85	0.882643
86	0
86	0
86	0
86	0
86	0
86	0
86	0
86	0
86	0
86	0
86	0
86	0
86	0
86	0
86	0
86	0
86	0
86	0
86	0
86	0
86	0
86	0
86	0
86	0
86	0
86	0
86	0
86	0
86	0
86	0
86	0
86	0
86	0
86	0
86	0.00238434
86	0.0217396
86	0.150754
86	0.61902
86	1.16418
86	1.90303
86	2.25722
86	2.55671
86	2.65918
86	2.45768
86	2.08559
86	1.90798
86	1.60085
86	1.45075
86	1.36741
86	1.27949
86	1.17916
86	1.07294
86	1.01963
86	0.921648
86	0.816512
86	0.810105
86	0.844566
86	0.724918
86	0.679902
86	0.665689
86	0.698141
86	0.621076
86	0.609661
86	0.686117
86	0.699826
86	0.735461
86	0.735625
86	0.741638
86	0.822781
86	0.922257
86	0.914201
86	0.992004
86	1.0442
86	1.02936
86	1.03212
86	1.04443
86	1.07244
86	1.13452
86	1.11301
86	1.17854
86	1.16002
86	1.21241
86	1.19624
86	1.20742
86	1.18009
86	1.15155
86	1.17535
86	1.1326
86	1.08375
86	0.998287
86	1.0318
86	0.971095
86	0.952457
86	0.981564
86	0.939864
86	0.911247
86	0.955454
86	0.89007
86	0.905324
86	0.869379
87	0
87	0
87	0
87	0
87	0
87	0
87	0
87	0
87	0
87	0
87	0
87	0
87	0
87	0
87	0
87	0
87	0
87	0
87	0
87	0
87	0
87	0
87	0
87	0
87	0
87	0
87	0
87	0
87	0
87	0
87	0
87	0
87	0
87	0
87	0.00201751
87	0.0129052
87	0.146247
87	0.60078
87	1.16021
87	1.7068
87	2.25875
87	2.53009
87	2.46453
87	2.24021
87	2.30834
87	1.97289
87	1.83362
87	1.70131
87	1.48983
87	1.36391
87	1.19658
87	1.12928
87	1.05527
87	0.875503
87	0.814086
87	0.722148
87	0.719073
87	0.68246
87	0.648165
87	0.584936
87	0.571337
87	0.604539
87	0.639505
87	0.701304
87	0.689514
87	0.71531
87	0.781957
87	0.810565
87	0.830667
87	0.849647
87	0.904274
87	0.866068
87	0.913781
87	1.01869
87	1.08034
87	1.13498
87	1.14001
87	1.13148
87	1.20503
87	1.20791
87	1.22928
87	1.24509
87	1.1959
87	1.19928
87	1.20055
87	1.18652
87	1.15295
87	1.15531
87	1.09931
87	0.982697
87	0.987542
87	0.987875
87	0.997097
87	1.00351
87	0.979125
87	0.922558
87	0.857574
87	0.867782
87	0.880336
87	0.864285
88	0
88	0
88	0
88	0
88	0
88	0
88	0
88	0
88	0
88	0
88	0
88	0
88	0
88	0
88	0
88	0
88	0
88	0
88	0
88	0
88	0
88	0
88	0
88	0
88	0
88	0
88	0
88	0
88	0
88	0
88	0
88	0
88	0
88	0
88	0.00476867
88	0.0190546
88	0.165993
88	0.558787
88	1.16485
88	1.77899
88	2.28497
88	2.52229
88	2.47474
88	2.31249
88	2.26171
88	2.00358
88	1.8258
88	1.57533
88	1.47586
88	1.29268
88	1.20338
88	1.08228
88	0.869529
88	0.858494
88	0.884058
88	0.852913
88	0.834308
88	0.782233
88	0.671321
88	0.64278
88	0.68329
88	0.664194
88	0.61838
88	0.576182
88	0.64058
88	0.63926
88	0.722814
88	0.791135
88	0.768112
88	0.823772
88	0.83931
88	0.933776
88	0.968295
88	1.07488
88	1.10788
88	1.12529
88	1.11241
88	1.13016
88	1.18847
88	1.22724
88	1.20305
88	1.23255
88	1.19173
88	1.19239
88	1.19294
88	1.21456
88	1.20289
88	1.13521
88	1.09908
88	1.0078
88	1.01261
88	1.02393
88	0.968213
88	0.964308
88	0.905491
88	0.898943
88	0.907323
88	0.859732
88	0.878165
88	0.849312
89	0
89	0
89	0
89	0
89	0
89	0
89	0
89	0
89	0
89	0
89	0
89	0
89	0
89	0
89	0
89	0
89	0
89	0
89	0
89	0
89	0
89	0
89	0
89	0
89	0
89	0
89	0
89	0
89	0
89	0
89	0
89	0
89	0
89	0
89	0
89	0.0237316
89	0.168615
89	0.537131
89	1.208
89	1.84231
89	2.46212
89	2.61686
89	2.53662
89	2.28486
89	2.06569
89	1.99266
89	1.73745
89	1.6462
89	1.44328
89	1.19863
89	1.19957
89	1.09842
89	0.968062
89	0.835536
89	0.848006
89	0.75592
89	0.659883
89	0.669816
89	0.678594
89	0.677405
89	0.677564
89	0.66405
89	0.689302
89	0.67223
89	0.740023
89	0.751719
89	0.735452
89	0.758121
89	0.835925
89	0.86167
89	0.868651
89	0.92641
89	1.03074
89	1.03243
89	1.04335
89	1.05505
89	1.08941
89	1.16105
89	1.23334
89	1.24648
89	1.19989
89	1.19327
89	1.2671
89	1.18922
89	1.19356
89	1.17169
89	1.11517
89	1.06577
89	1.06645
89	0.99999
89	0.986236
89	0.966714
89	0.947175
89	0.913438
89	0.916737
89	0.918788
89	0.96244
89	0.924473
89	0.896537
89	0.916779
90	0
90	0
90	0
90	0
90	0
90	0
90	0
90	0
90	0
90	0
90	0
90	0
90	0
90	0
90	0
90	0
90	0
90	0
90	0
90	0
90	0
90	0
90	0
90	0
90	0
90	0
90	0
90	0
90	0
90	0
90	0
90	0
90	0
90	0
90	0.0017424
90	0.0207868
90	0.201059
90	0.566161
90	1.22663
90	1.84371
90	2.31119
90	2.50296
90	2.48054
90	2.35333
90	2.37697
90	2.16212
90	1.69722
90	1.50276
90	1.34904
90	1.21913
90	1.17933
90	1.06228
90	0.913172
90	0.832828
90	0.733604
90	0.716549
90	0.776417
90	0.786096
90	0.707619
90	0.632235
90	0.576526
90	0.598508
90	0.670021
90	0.665733
90	0.681564
90	0.735614
90	0.762284
90	0.82779
90	0.812708
90	0.861692
90	0.952767
90	1.00439
90	1.02082
90	1.08411
90	1.06781
90	1.16239
90	1.17974
90	1.16494
90	1.15772
90	1.1424
90	1.19625
90	1.16947
90	1.10283
90	1.15337
90	1.16478
90	1.17497
90	1.14757
90	1.10839
90	1.09292
90	1.05432
90	1.01533
90	0.995111
90	0.961247
90	0.927486
90	0.897228
90	0.871403
90	0.870105
90	0.881825
90	0.848305
90	0.862829
91	0
91	0
91	0
91	0
91	0
91	0
91	0
91	0
91	0
91	0
91	0
91	0
91	0
91	0
91	0
91	0
91	0
91	0
91	0
91	0
91	0
91	0
91	0
91	0
91	0
91	0
91	0
91	0
91	0
91	0
91	0
91	0
91	0
91	0
91	0
91	0.0385423
91	0.150426
91	0.60078
91	1.15085
91	1.83608
91	2.21989
91	2.48547
91	2.61192
91	2.47054
91	2.28624
91	1.94273
91	1.62977
91	1.56686
91	1.427
91	1.34195
91	1.17218
91	1.06911
91	0.965844
91	0.916156
91	0.820113
91	0.710277
91	0.69247
91	0.683484
91	0.720569
91	0.659614
91	0.699662
91	0.669562
91	0.648839
91	0.653064
91	0.673483
91	0.688645
91	0.752237
91	0.733373
91	0.763041
91	0.832902
91	0.921273
91	0.990723
91	1.01253
91	1.05148
91	1.12446
91	1.10697
91	1.16258
91	1.19
91	1.19628
91	1.2018
91	1.16108
91	1.18668
91	1.1935
91	1.15135
91	1.22116
91	1.15827
91	1.1168
91	1.08197
91	1.04074
91	1.01355
91	0.975694
91	0.977092
91	0.938462
91	0.947152
91	0.94941
91	0.922666
91	0.893667
91	0.893239
91	0.866228
91	0.868827
92	0
92	0
92	0
92	0
92	0
92	0
92	0
92	0
92	0
92	0
92	0
92	0
92	0
92	0
92	0
92	0
92	0
92	0
92	0
92	0
92	0
92	0
92	0
92	0
92	0
92	0
92	0
92	0
92	0
92	0
92	0
92	0
92	0
92	0
92	0
92	0.0196609
92	0.171154
92	0.593173
92	1.30572
92	1.88002
92	2.33987
92	2.56805
92	2.50683
92	2.25515
92	1.93076
92	1.87951
92	1.73902
92	1.56821
92	1.38723
92	1.22572
92	1.13888
92	1.12566
92	1.09202
92	0.953797
92	0.819415
92	0.768359
92	0.80343
92	0.760146
92	0.714509
92	0.686254
92	0.638676
92	0.738798
92	0.692432
92	0.665787
92	0.695602
92	0.753526
92	0.759741
92	0.779611
92	0.824084
92	0.874822
92	0.902473
92	0.88599
92	0.94406
92	0.958898
92	1.04516
92	1.10027
92	1.19769
92	1.19371
92	1.23275
92	1.21069
92	1.22908
92	1.16781
92	1.10697
92	1.11982
92	1.13443
92	1.1126
92	1.10143
92	1.06442
92	1.00693
92	1.01717
92	1.03806
92	1.03806
92	0.954473
92	0.975533
92	0.931332
92	0.934515
92	0.941153
92	0.918789
92	0.933823
92	0.882544
93	0
93	0
93	0
93	0
93	0
93	0
93	0
93	0
93	0
93	0
93	0
93	0
93	0
93	0
93	0
93	0
93	0
93	0
93	0
93	0
93	0
93	0
93	0
93	0
93	0
93	0
93	0
93	0
93	0
93	0
93	0
93	0
93	0
93	0
93	0.00320968
93	0.0177554
93	0.166976
93	0.627559
93	1.23473
93	1.91136
93	2.32596
93	2.57832
93	2.65072
93	2.38033
93	2.21033
93	1.91853
93	1.75906
93	1.51775
93	1.27785
93	1.22336
93	1.05499
93	0.945192
93	0.922637
93	0.892245
93	0.800121
93	0.727854
93	0.725194
93	0.682725
93	0.611037
93	0.678084
93	0.716661
93	0.767918
93	0.749857
93	0.719036
93	0.699774
93	0.686584
93	0.763098
93	0.8086
93	0.829109
93	0.874235
93	0.926368
93	0.94836
93	0.966406
93	1.01174
93	1.10052
93	1.11622
93	1.16307
93	1.20293
93	1.24074
93	1.22726
93	1.2218
93	1.20888
93	1.1157
93	1.13152
93	1.14764
93	1.12664
93	1.03388
93	1.03649
93	1.03856
93	1.02865
93	0.982411
93	0.976727
93	0.938105
93	0.94845
93	0.93017
93	0.907669
93	0.916548
93	0.931339
93	0.926307
93	0.911023
94	0
94	0
94	0
94	0
94	0
94	0
94	0
94	0
94	0
94	0
94	0
94	0
94	0
94	0
94	0
94	0
94	0
94	0
94	0
94	0
94	0
94	0
94	0
94	0
94	0
94	0
94	0
94	0
94	0
94	0
94	0
94	0
94	0
94	0
94	0
94	0.0109131
94	0.139775
94	0.546756
94	1.20734
94	1.85448
94	2.35731
94	2.63213
94	2.73302
94	2.43357
94	2.20157
94	1.94247
94	1.65466
94	1.45414
94	1.33465
94	1.30172
94	1.07622
94	1.04248
94	0.9483
94	0.900826
94	0.814564
94	0.739938
94	0.674415
94	0.717292
94	0.666984
94	0.662544
94	0.707356
94	0.76053
94	0.668931
94	0.670958
94	0.676972
94	0.685389
94	0.711089
94	0.744729
94	0.836855
94	0.867659
94	0.91005
94	0.898182
94	0.954257
94	0.959585
94	1.05918
94	1.13885
94	1.17739
94	1.15118
94	1.23878
94	1.2085
94	1.21099
94	1.24172
94	1.20233
94	1.21459
94	1.15886
94	1.12246
94	1.14932
94	1.07875
94	1.0844
94	1.02675
94	1.03332
94	0.995724
94	0.991228
94	0.914999
94	0.914206
94	0.862833
94	0.921647
94	0.888669
94	0.889933
94	0.898608
95	0
95	0
95	0
95	0
95	0
95	0
95	0
95	0
95	0
95	0
95	0
95	0
95	0
95	0
95	0
95	0
95	0
95	0
95	0
95	0
95	0
95	0
95	0
95	0
95	0
95	0
95	0
95	0
95	0
95	0
95	0
95	0
95	0
95	0
95	0.00311798
95	0.0259835
95	0.128222
95	0.563833
95	1.11315
95	1.98523
95	2.60872
95	2.79318
95	2.64377
95	2.31076
95	2.18834
95	1.86174
95	1.66587
95	1.44843
95	1.34922
95	1.17591
95	1.1093
95	0.991616
95	0.842836
95	0.74252
95	0.771125
95	0.735579
95	0.742052
95	0.676551
95	0.694095
95	0.707128
95	0.701511
95	0.743416
95	0.699558
95	0.644753
95	0.735484
95	0.725563
95	0.757618
95	0.753521
95	0.876333
95	0.926483
95	0.909523
95	0.956281
95	1.01681
95	1.09335
95	1.11212
95	1.16017
95	1.11584
95	1.12374
95	1.12789
95	1.21339
95	1.24631
95	1.21177
95	1.20131
95	1.20771
95	1.21558
95	1.10608
95	1.07054
95	1.03526
95	0.983135
95	0.948955
95	0.992367
95	0.978253
95	0.954856
95	0.923989
95	0.928263
95	0.889356
95	0.861021
95	0.881986
95	0.912682
95	0.939999
96	0
96	0
96	0
96	0
96	0
96	0
96	0
96	0
96	0
96	0
96	0
96	0
96	0
96	0
96	0
96	0
96	0
96	0
96	0
96	0
96	0
96	0
96	0
96	0
96	0
96	0
96	0
96	0
96	0
96	0
96	0
96	0
96	0
96	0
96	0.00146728
96	0.0372431
96	0.174104
96	0.520132
96	1.21072
96	1.88652
96	2.40861
96	2.51425
96	2.41104
96	2.32691
96	2.10224
96	1.95254
96	1.78026
96	1.53241
96	1.36973
96	1.3092
96	1.19516
96	1.07899
96	0.960141
96	0.845527
96	0.910518
96	0.882079
96	0.777922
96	0.728616
96	0.626348
96	0.572634
96	0.680904
96	0.694642
96	0.648531
96	0.695268
96	0.665401
96	0.658902
96	0.742117
96	0.77561
96	0.868331
96	0.901918
96	0.873285
96	0.934459
96	0.977558
96	1.04273
96	1.08658
96	1.10705
96	1.1084
96	1.14889
96	1.21724
96	1.16914
96	1.22057
96	1.19784
96	1.19621
96	1.15409
96	1.14123
96	1.11638
96	1.09982
96	1.13491
96	1.10959
96	1.04623
96	1.03591
96	1.04338
96	0.96954
96	0.952883
96	0.94644
96	0.933497
96	0.920932
96	0.908592
96	0.886738
96	0.883944
97	0
97	0
97	0
97	0
97	0
97	0
97	0
97	0
97	0
97	0
97	0
97	0
97	0
97	0
97	0
97	0
97	0
97	0
97	0
97	0
97	0
97	0
97	0
97	0
97	0
97	0
97	0
97	0
97	0
97	0
97	0
97	0
97	0
97	0
97	0
97	0.0208734
97	0.164026
97	0.592397
97	1.1932
97	1.83545
97	2.32317
97	2.56305
97	2.59361
97	2.22238
97	2.08824
97	1.97236
97	1.716
97	1.56304
97	1.41804
97	1.21632
97	1.14248
97	1.01433
97	1.01555
97	0.895486
97	0.830109
97	0.839164
97	0.70861
97	0.636899
97	0.698178
97	0.737468
97	0.737179
97	0.678855
97	0.696652
97	0.686253
97	0.753877
97	0.734927
97	0.851194
97	0.857234
97	0.881707
97	0.872088
97	0.839244
97	0.901278
97	0.987277
97	0.973588
97	0.983598
97	1.01972
97	1.03438
97	1.08536
97	1.1512
97	1.15627
97	1.20432
97	1.24181
97	1.17422
97	1.17534
97	1.15926
97	1.17708
97	1.14136
97	1.08
97	1.1004
97	1.03868
97	1.06888
97	1.06162
97	0.960928
97	0.978417
97	0.95617
97	0.891379
97	0.90397
97	0.910659
97	0.912682
97	0.909215
98	0
98	0
98	0
98	0
98	0
98	0
98	0
98	0
98	0
98	0
98	0
98	0
98	0
98	0
98	0
98	0
98	0
98	0
98	0
98	0
98	0
98	0
98	0
98	0
98	0
98	0
98	0
98	0
98	0
98	0
98	0
98	0
98	0
98	0
98	0
98	0.0153303
98	0.178364
98	0.608619
98	1.18281
98	2.0128
98	2.4534
98	2.6237
98	2.63808
98	2.34456
98	2.16017
98	1.94442
98	1.62553
98	1.50789
98	1.32922
98	1.21659
98	1.17415
98	0.990463
98	0.871866
98	0.867837
98	0.810485
98	0.773001
98	0.709293
98	0.697152
98	0.711925
98	0.625852
98	0.706104
98	0.679605
98	0.660268
98	0.693995
98	0.699774
98	0.752024
98	0.756557
98	0.820914
98	0.846603
98	0.894777
98	0.938689
98	1.03063
98	0.998387
98	0.980256
98	1.0095
98	1.10335
98	1.15163
98	1.21959
98	1.19695
98	1.14746
98	1.2059
98	1.19963
98	1.19499
98	1.20197
98	1.14091
98	1.09984
98	1.0858
98	1.05186
98	1.0257
98	1.00778
98	1.00993
98	0.9897
98	0.961911
98	0.951984
98	0.932982
98	0.898082
98	0.931482
98	0.942822
98	0.909318
98	0.886281
99	0
99	0
99	0
99	0
99	0
99	0
99	0
99	0
99	0
99	0
99	0
99	0
99	0
99	0
99	0
99	0
99	0
99	0
99	0
99	0
99	0
99	0
99	0
99	0
99	0
99	0
99	0
99	0
99	0
99	0
99	0
99	0
99	0
99	0
99	0.00210922
99	0.0329125
99	0.174923
99	0.620573
99	1.25211
99	1.71575
99	2.25323
99	2.45505
99	2.56533
99	2.28947
99	2.16243
99	2.09421
99	1.78783
99	1.65728
99	1.52876
99	1.21993
99	1.13563
99	0.994209
99	0.947191
99	0.877753
99	0.913936
99	0.786397
99	0.775186
99	0.73687
99	0.672342
99	0.652184
99	0.654362
99	0.67695
99	0.668595
99	0.687173
99	0.684503
99	0.690834
99	0.716865
99	0.766818
99	0.785722
99	0.843817
99	0.881433
99	0.984659
99	0.987484
99	0.981327
99	1.06748
99	1.1161
99	1.07977
99	1.06377
99	1.15398
99	1.22368
99	1.21658
99	1.19981
99	1.20492
99	1.22083
99	1.19449
99	1.20488
99	1.17634
99	1.16455
99	1.10786
99	1.06033
99	1.0078
99	1.01675
99	0.954907
99	0.920493
99	0.879748
99	0.890003
99	0.907874
99	0.894663
99	0.908385
99	0.871363
100	0
100	0
100	0
100	0
100	0
100	0
100	0
100	0
100	0
100	0
100	0
100	0
100	0
100	0
100	0
100	0
100	0
100	0
100	0
100	0
100	0
100	0
100	0
100	0
100	0
100	0
100	0
100	0
100	0
100	0
100	0
100	0
100	0
100	0
100	0
100	0.0349046
100	0.18156
100	0.56717
100	1.19018
100	1.84182
100	2.28051
100	2.5138
100	2.60044
100	2.64054
100	2.27687
100	1.92955
100	1.69631
100	1.41708
100	1.29112
100	1.16001
100	1.09621
100	0.993632
100	0.916657
100	0.875617
100	0.871894
100	0.812018
100	0.814099
100	0.802603
100	0.672565
100	0.666089
100	0.666202
100	0.628609
100	0.677929
100	0.728348
100	0.688202
100	0.715742
100	0.767196
100	0.760421
100	0.780907
100	0.899636
100	0.946727
100	0.963947
100	1.04547
100	1.09519
100	1.12314
100	1.08272
100	1.11677
100	1.04448
100	1.10923
100	1.21769
100	1.2219
100	1.22597
100	1.17491
100	1.18677
100	1.15623
100	1.13708
100	1.09098
100	1.09822
100	1.07619
100	1.05096
100	0.994593
100	0.967705
100	0.916225
100	0.887692
100	0.922665
100	0.940918
100	0.937132
100	0.925024
100	0.86841
100	0.906172
